C251 COMPILER V5.60.0,  APP_HSPWM                                                          27/04/26  00:55:20  PAGE 1   


C251 COMPILER V5.60.0, COMPILATION OF MODULE APP_HSPWM
OBJECT MODULE PLACED IN .\list\APP_HSPWM.obj
COMPILER INVOKED BY: C:\Keil_v5\C251\BIN\C251.EXE ..\App\src\APP_HSPWM.c XSMALL INTR2 BROWSE INCDIR(..\Driver\inc;..\Use
                    -r;..\App\inc;..\Code_boweny\Function\Log;..\Code_boweny\Function\Filter;..\Code_boweny\Device\QMC6309;..\Code_boweny\Dev
                    -ice\QMI8658;..\Code_boweny\Device\GPS;..\Code_boweny\Device\WIRELESS;..\Code_boweny\Device\MOTOR) DEBUG PRINT(.\list\APP
                    -_HSPWM.lst) TABS(2) OBJECT(.\list\APP_HSPWM.obj) 

stmt  level    source

    1          /*---------------------------------------------------------------------*/
    2          /* --- Web: www.STCAI.com ---------------------------------------------*/
    3          /*---------------------------------------------------------------------*/
    4          
    5          #include  "APP_HSPWM.h"
    6          #include  "STC32G_Clock.h"
    7          #include  "STC32G_GPIO.h"
    8          #include  "STC32G_PWM.h"
    9          #include  "STC32G_NVIC.h"
   10          
   11          /*************  功能说明  **************
   12          
   13          高速高级PWM定时器 PWM1P/PWM1N,PWM2P/PWM2N,PWM3P/PWM3N,PWM4P/PWM4N 每个通道都可独立实现PW
             -M输出，或者两两互补对称输出.
   14          
   15          8个通道PWM设置对应P6的8个端口.
   16          
   17          通过P6口上连接的8个LED灯，利用PWM实现呼吸灯效果.
   18          
   19          高级PWM定时器 PWM5,PWM6,PWM7,PWM8 每个通道都可独立实现PWM输出.
   20          
   21          4个通道PWM根据需要设置对应输出口，可通过示波器观察输出的信号.
   22          
   23          PWM周期和占空比可以根据需要自行设置，最高可达65535.
   24          
   25          下载时, 选择时钟 24MHz (可以在配置文件"config.h"中修改).
   26          
   27          ******************************************/
   28          
   29          //========================================================================
   30          //                               本地常量声明 
   31          //========================================================================
   32          
   33          
   34          //========================================================================
   35          //                               本地变量声明
   36          //========================================================================
   37          
   38          
   39          //========================================================================
   40          //                               本地函数声明
   41          //========================================================================
   42          
   43          
   44          //========================================================================
   45          //                            外部函数和变量声明
   46          //========================================================================
   47          
   48          extern PWMx_Duty PWMA_Duty;
   49          extern bit PWM1_Flag;
   50          extern bit PWM2_Flag;
   51          extern bit PWM3_Flag;
   52          extern bit PWM4_Flag;
   53          
   54          extern PWMx_Duty PWMB_Duty;
   55          extern bit PWM5_Flag;
C251 COMPILER V5.60.0,  APP_HSPWM                                                          27/04/26  00:55:20  PAGE 2   

   56          extern bit PWM6_Flag;
   57          extern bit PWM7_Flag;
   58          extern bit PWM8_Flag;
   59          
   60          //========================================================================
   61          // 函数: HSPWM_init
   62          // 描述: 用户初始化程序.
   63          // 参数: None.
   64          // 返回: None.
   65          // 版本: V1.0, 2021-05-27
   66          //========================================================================
   67          void HSPWM_init(void)
   68          {
   69   1        HSPWMx_InitDefine   PWMx_InitStructure;
   70   1      
   71   1        PWMA_Duty.PWM1_Duty = 128;
   72   1        PWMA_Duty.PWM2_Duty = 256;
   73   1        PWMA_Duty.PWM3_Duty = 512;
   74   1        PWMA_Duty.PWM4_Duty = 1024;
   75   1      
   76   1        PWMB_Duty.PWM5_Duty = 128;
   77   1        PWMB_Duty.PWM6_Duty = 256;
   78   1        PWMB_Duty.PWM7_Duty = 512;
   79   1        PWMB_Duty.PWM8_Duty = 1024;
   80   1      
   81   1        HSPllClkConfig(MCLKSEL_HIRC,PLL_96M,0);    //系统时钟选择,PLL时钟选择,时钟分频系数
   82   1      
   83   1        PWMx_InitStructure.PWM_EnoSelect= ENO1P|ENO1N|ENO2P|ENO2N|ENO3P|ENO3N|ENO4P|ENO4N;  //输出通道选择,
             -  ENO1P,ENO1N,ENO2P,ENO2N,ENO3P,ENO3N,ENO4P,ENO4N / ENO5P,ENO6P,ENO7P,ENO8P
   84   1        PWMx_InitStructure.PWM_Period   = 2047;             //周期时间,   0~65535
   85   1        PWMx_InitStructure.PWM_DeadTime = 0;                //死区发生器设置, 0~255
   86   1        PWMx_InitStructure.PWM_MainOutEnable= ENABLE;       //主输出使能, ENABLE,DISABLE
   87   1        PWMx_InitStructure.PWM_CEN_Enable   = ENABLE;       //使能计数器, ENABLE,DISABLE
   88   1        HSPWM_Configuration(PWMA, &PWMx_InitStructure, &PWMA_Duty);       //初始化PWM通用寄存器,  PWMA,PWMB
   89   1        PWMx_InitStructure.PWM_EnoSelect= ENO5P|ENO6P|ENO7P|ENO8P;  //输出通道选择, ENO1P,ENO1N,ENO2P,ENO2N
             -,ENO3P,ENO3N,ENO4P,ENO4N / ENO5P,ENO6P,ENO7P,ENO8P
   90   1        HSPWM_Configuration(PWMB, &PWMx_InitStructure, &PWMB_Duty);       //初始化PWM通用寄存器,  PWMA,PWMB
   91   1      
   92   1        PWM1_USE_P60P61();
   93   1        PWM2_USE_P62P63();
   94   1        PWM3_USE_P64P65();
   95   1        PWM4_USE_P66P67();
   96   1      
   97   1        PWM5_USE_P74();
   98   1        PWM6_USE_P75();
   99   1        PWM7_USE_P76();
  100   1        PWM8_USE_P77();
  101   1        
  102   1        P4_MODE_IO_PU(GPIO_Pin_0);      //P4.0 设置为准双向口
  103   1        NVIC_PWM_Init(PWMA,DISABLE,Priority_0);
  104   1        NVIC_PWM_Init(PWMB,DISABLE,Priority_0);
  105   1        P40 = 0;    //打开实验箱LED电源
  106   1      }
  107          
  108          //========================================================================
  109          // 函数: Sample_HSSPI
  110          // 描述: 用户应用程序.
  111          // 参数: None.
  112          // 返回: None.
  113          // 版本: V1.0, 2021-05-27
  114          //========================================================================
  115          void Sample_HSPWM(void)
  116          {
  117   1        if(!PWM1_Flag)
  118   1        {
  119   2          PWMA_Duty.PWM1_Duty++;
C251 COMPILER V5.60.0,  APP_HSPWM                                                          27/04/26  00:55:20  PAGE 3   

  120   2          if(PWMA_Duty.PWM1_Duty >= 2047) PWM1_Flag = 1;
  121   2        }
  122   1        else
  123   1        {
  124   2          PWMA_Duty.PWM1_Duty--;
  125   2          if(PWMA_Duty.PWM1_Duty <= 0) PWM1_Flag = 0;
  126   2        }
  127   1      
  128   1        if(!PWM2_Flag)
  129   1        {
  130   2          PWMA_Duty.PWM2_Duty++;
  131   2          if(PWMA_Duty.PWM2_Duty >= 2047) PWM2_Flag = 1;
  132   2        }
  133   1        else
  134   1        {
  135   2          PWMA_Duty.PWM2_Duty--;
  136   2          if(PWMA_Duty.PWM2_Duty <= 0) PWM2_Flag = 0;
  137   2        }
  138   1      
  139   1        if(!PWM3_Flag)
  140   1        {
  141   2          PWMA_Duty.PWM3_Duty++;
  142   2          if(PWMA_Duty.PWM3_Duty >= 2047) PWM3_Flag = 1;
  143   2        }
  144   1        else
  145   1        {
  146   2          PWMA_Duty.PWM3_Duty--;
  147   2          if(PWMA_Duty.PWM3_Duty <= 0) PWM3_Flag = 0;
  148   2        }
  149   1      
  150   1        if(!PWM4_Flag)
  151   1        {
  152   2          PWMA_Duty.PWM4_Duty++;
  153   2          if(PWMA_Duty.PWM4_Duty >= 2047) PWM4_Flag = 1;
  154   2        }
  155   1        else
  156   1        {
  157   2          PWMA_Duty.PWM4_Duty--;
  158   2          if(PWMA_Duty.PWM4_Duty <= 0) PWM4_Flag = 0;
  159   2        }
  160   1        
  161   1        if(!PWM5_Flag)
  162   1        {
  163   2          PWMB_Duty.PWM5_Duty++;
  164   2          if(PWMB_Duty.PWM5_Duty >= 2047) PWM5_Flag = 1;
  165   2        }
  166   1        else
  167   1        {
  168   2          PWMB_Duty.PWM5_Duty--;
  169   2          if(PWMB_Duty.PWM5_Duty <= 0) PWM5_Flag = 0;
  170   2        }
  171   1      
  172   1        if(!PWM6_Flag)
  173   1        {
  174   2          PWMB_Duty.PWM6_Duty++;
  175   2          if(PWMB_Duty.PWM6_Duty >= 2047) PWM6_Flag = 1;
  176   2        }
  177   1        else
  178   1        {
  179   2          PWMB_Duty.PWM6_Duty--;
  180   2          if(PWMB_Duty.PWM6_Duty <= 0) PWM6_Flag = 0;
  181   2        }
  182   1      
  183   1        if(!PWM7_Flag)
  184   1        {
  185   2          PWMB_Duty.PWM7_Duty++;
C251 COMPILER V5.60.0,  APP_HSPWM                                                          27/04/26  00:55:20  PAGE 4   

  186   2          if(PWMB_Duty.PWM7_Duty >= 2047) PWM7_Flag = 1;
  187   2        }
  188   1        else
  189   1        {
  190   2          PWMB_Duty.PWM7_Duty--;
  191   2          if(PWMB_Duty.PWM7_Duty <= 0) PWM7_Flag = 0;
  192   2        }
  193   1      
  194   1        if(!PWM8_Flag)
  195   1        {
  196   2          PWMB_Duty.PWM8_Duty++;
  197   2          if(PWMB_Duty.PWM8_Duty >= 2047) PWM8_Flag = 1;
  198   2        }
  199   1        else
  200   1        {
  201   2          PWMB_Duty.PWM8_Duty--;
  202   2          if(PWMB_Duty.PWM8_Duty <= 0) PWM8_Flag = 0;
  203   2        }
  204   1        
  205   1        UpdateHSPwm(PWMA, &PWMA_Duty);
  206   1        UpdateHSPwm(PWMB, &PWMB_Duty);
  207   1      }


Module Information          Static   Overlayable
------------------------------------------------
  code size            =       588     ------
  ecode size           =    ------     ------
  data size            =    ------     ------
  idata size           =    ------     ------
  pdata size           =    ------     ------
  xdata size           =    ------     ------
  xdata-const size     =    ------     ------
  edata size           =    ------          6
  bit size             =    ------     ------
  ebit size            =    ------     ------
  bitaddressable size  =    ------     ------
  ebitaddressable size =    ------     ------
  far data size        =    ------     ------
  huge data size       =    ------     ------
  const size           =    ------     ------
  hconst size          =    ------     ------
End of Module Information.


C251 COMPILATION COMPLETE.  0 WARNING(S),  0 ERROR(S)
