C251 COMPILER V5.60.0,  APP_RTC                                                            27/04/26  00:55:18  PAGE 1   


C251 COMPILER V5.60.0, COMPILATION OF MODULE APP_RTC
OBJECT MODULE PLACED IN .\list\APP_RTC.obj
COMPILER INVOKED BY: C:\Keil_v5\C251\BIN\C251.EXE ..\App\src\APP_RTC.c XSMALL INTR2 BROWSE INCDIR(..\Driver\inc;..\User;
                    -..\App\inc;..\Code_boweny\Function\Log;..\Code_boweny\Function\Filter;..\Code_boweny\Device\QMC6309;..\Code_boweny\Devic
                    -e\QMI8658;..\Code_boweny\Device\GPS;..\Code_boweny\Device\WIRELESS;..\Code_boweny\Device\MOTOR) DEBUG PRINT(.\list\APP_R
                    -TC.lst) TABS(2) OBJECT(.\list\APP_RTC.obj) 

stmt  level    source

    1          /*---------------------------------------------------------------------*/
    2          /* --- Web: www.STCAI.com ---------------------------------------------*/
    3          /*---------------------------------------------------------------------*/
    4          
    5          #include  "APP.h"
    6          #include  "STC32G_RTC.h"
    7          #include  "STC32G_GPIO.h"
    8          #include  "STC32G_UART.h"
    9          #include  "STC32G_NVIC.h"
   10          #include  "STC32G_Switch.h"
   11          
   12          /*************  еҠҹиғҪиҜҙжҳҺ  **************
   13          
   14          иҜ»еҶҷиҠҜзүҮеҶ…йғЁйӣҶжҲҗзҡ„RTCжЁЎеқ—.
   15          
   16          з”ЁSTCзҡ„MCUзҡ„IOж–№ејҸй©ұеҠЁ8дҪҚж•°з Ғз®ЎгҖӮ
   17          
   18          дҪҝз”ЁTimer0зҡ„16дҪҚиҮӘеҠЁйҮҚиЈ…жқҘдә§з”ҹ1msиҠӮжӢҚ,зЁӢеәҸиҝҗиЎҢдәҺиҝҷдёӘиҠӮжӢҚдёӢ, з”ЁжҲ·дҝ®ж”№MCUдё»ж—¶й
             -’ҹйў‘зҺҮж—¶,иҮӘеҠЁе®ҡж—¶дәҺ1ms.
   19          
   20          8дҪҚж•°з Ғз®ЎжҳҫзӨәж—¶й—ҙ(е°Ҹж—¶-еҲҶй’ҹ-з§’).
   21          
   22          иЎҢеҲ—жү«жҸҸжҢүй”®й”®з Ғдёә25~32.
   23          
   24          жҢүй”®еҸӘж”ҜжҢҒеҚ•й”®жҢүдёӢ, дёҚж”ҜжҢҒеӨҡй”®еҗҢж—¶жҢүдёӢ, йӮЈж ·е°ҶдјҡжңүдёҚеҸҜйў„зҹҘзҡ„з»“жһң.
   25          
   26          й”®жҢүдёӢи¶…иҝҮ1з§’еҗҺ,е°Ҷд»Ҙ10й”®/з§’зҡ„йҖҹеәҰжҸҗдҫӣйҮҚй”®иҫ“еҮә. з”ЁжҲ·еҸӘйңҖиҰҒжЈҖжөӢKeyCodeжҳҜеҗҰйқһ0
             -жқҘеҲӨж–ӯй”®жҳҜеҗҰжҢүдёӢ.
   27          
   28          и°ғж•ҙж—¶й—ҙй”®:
   29          й”®з Ғ25: е°Ҹж—¶+.
   30          й”®з Ғ26: е°Ҹж—¶-.
   31          й”®з Ғ27: еҲҶй’ҹ+.
   32          й”®з Ғ28: еҲҶй’ҹ-.
   33          
   34          дёӢиҪҪж—¶, йҖүжӢ©ж—¶й’ҹ 24MHz (еҸҜд»ҘеңЁй…ҚзҪ®ж–Үд»¶"config.h"дёӯдҝ®ж”№).
   35          
   36          ******************************************/
   37          
   38          //========================================================================
   39          //                               жң¬ең°еёёйҮҸеЈ°жҳҺ 
   40          //========================================================================
   41          
   42          #define SleepModeSet  0        //0:дёҚиҝӣдј‘зң жЁЎејҸпјҢдҪҝз”Ёж•°з Ғз®ЎжҳҫзӨәж—¶дёҚиғҪиҝӣдј‘зң ; 1:дҪҝиғҪ
             -дј‘зң жЁЎејҸ
   43          
   44          //========================================================================
   45          //                               жң¬ең°еҸҳйҮҸеЈ°жҳҺ
   46          //========================================================================
   47          
   48          
   49          //========================================================================
   50          //                               жң¬ең°еҮҪж•°еЈ°жҳҺ
   51          //========================================================================
   52          
   53          void IO_KeyScan(void);   //50ms call
C251 COMPILER V5.60.0,  APP_RTC                                                            27/04/26  00:55:18  PAGE 2   

   54          void DisplayRTC(void);
   55          void WriteRTC(void);
   56          
   57          //========================================================================
   58          //                            еӨ–йғЁеҮҪж•°е’ҢеҸҳйҮҸеЈ°жҳҺ
   59          //========================================================================
   60          
   61          extern bit B_1S;
   62          extern bit B_Alarm;
   63          
   64          //========================================================================
   65          // еҮҪж•°: RTC_init
   66          // жҸҸиҝ°: з”ЁжҲ·еҲқе§ӢеҢ–зЁӢеәҸ.
   67          // еҸӮж•°: None.
   68          // иҝ”еӣһ: None.
   69          // зүҲжң¬: V1.0, 2020-09-25
   70          //========================================================================
   71          void RTC_init(void)
   72          {
   73   1        u8  i;
   74   1        RTC_InitTypeDef   RTC_InitStructure;
   75   1        COMx_InitDefine   COMx_InitStructure;         //з»“жһ„е®ҡд№ү
   76   1      
   77   1        RTC_InitStructure.RTC_Clock  = RTC_IRC32KCR;  //RTC ж—¶й’ҹ, RTC_IRC32KCR, RTC_X32KCR
   78   1        RTC_InitStructure.RTC_Enable = ENABLE;      //I2CеҠҹиғҪдҪҝиғҪ,   ENABLE, DISABLE
   79   1        RTC_InitStructure.RTC_Year   = 21;          //RTC е№ҙ, 00~99, еҜ№еә”2000~2099е№ҙ
   80   1        RTC_InitStructure.RTC_Month  = 12;          //RTC жңҲ, 01~12
   81   1        RTC_InitStructure.RTC_Day    = 31;          //RTC ж—Ҙ, 01~31
   82   1        RTC_InitStructure.RTC_Hour   = 23;          //RTC ж—¶, 00~23
   83   1        RTC_InitStructure.RTC_Min    = 59;          //RTC еҲҶ, 00~59
   84   1        RTC_InitStructure.RTC_Sec    = 55;          //RTC з§’, 00~59
   85   1        RTC_InitStructure.RTC_Ssec   = 00;          //RTC 1/128з§’, 00~127
   86   1      
   87   1        RTC_InitStructure.RTC_ALAHour= 00;          //RTC й—№й’ҹж—¶, 00~23
   88   1        RTC_InitStructure.RTC_ALAMin = 00;          //RTC й—№й’ҹеҲҶ, 00~59
   89   1        RTC_InitStructure.RTC_ALASec = 00;          //RTC й—№й’ҹз§’, 00~59
   90   1        RTC_InitStructure.RTC_ALASsec= 00;          //RTC й—№й’ҹ1/128з§’, 00~127
   91   1        RTC_Inilize(&RTC_InitStructure);
   92   1        NVIC_RTC_Init(RTC_ALARM_INT|RTC_SEC_INT,Priority_0);    //дёӯж–ӯдҪҝиғҪ, RTC_ALARM_INT/RTC_DAY_INT/RTC_HOUR
             -_INT/RTC_MIN_INT/RTC_SEC_INT/RTC_SEC2_INT/RTC_SEC8_INT/RTC_SEC32_INT/DISABLE; дјҳе…Ҳзә§(дҪҺеҲ°й«ҳ) Priority_0,Priority_1
             -,Priority_2,Priority_3
   93   1      
   94   1        COMx_InitStructure.UART_Mode      = UART_8bit_BRTx;   //жЁЎејҸ,   UART_ShiftRight,UART_8bit_BRTx,UART_9bi
             -t,UART_9bit_BRTx
   95   1        COMx_InitStructure.UART_BRT_Use   = BRT_Timer2;     //йҖүжӢ©жіўзү№зҺҮеҸ‘з”ҹеҷЁ, BRT_Timer2 (жіЁж„Ҹ: дёІеҸЈ
             -2еӣәе®ҡдҪҝз”ЁBRT_Timer2, жүҖд»ҘдёҚз”ЁйҖүжӢ©)
   96   1        COMx_InitStructure.UART_BaudRate  = 115200ul;     //жіўзү№зҺҮ,     110 ~ 115200
   97   1        COMx_InitStructure.UART_RxEnable  = DISABLE;      //жҺҘж”¶зҰҒжӯў,   ENABLE жҲ– DISABLE
   98   1        UART_Configuration(UART1, &COMx_InitStructure);   //еҲқе§ӢеҢ–дёІеҸЈ2 UART1,UART2,UART3,UART4
   99   1        NVIC_UART1_Init(ENABLE,Priority_1);   //дёӯж–ӯдҪҝиғҪ, ENABLE/DISABLE; дјҳе…Ҳзә§(дҪҺеҲ°й«ҳ) Priority_0,Pri
             -ority_1,Priority_2,Priority_3
  100   1        
  101   1        P0_MODE_IO_PU(GPIO_Pin_All);    //P0 и®ҫзҪ®дёәеҮҶеҸҢеҗ‘еҸЈ
  102   1        P6_MODE_IO_PU(GPIO_Pin_All);    //P6 и®ҫзҪ®дёәеҮҶеҸҢеҗ‘еҸЈ
  103   1        P7_MODE_IO_PU(GPIO_Pin_All);    //P7 и®ҫзҪ®дёәеҮҶеҸҢеҗ‘еҸЈ
  104   1        display_index = 0;
  105   1        
  106   1        for(i=0; i<8; i++)  LED8[i] = 0x10; //дёҠз”өж¶Ҳйҡҗ
  107   1          
  108   1        KeyHoldCnt = 0; //й”®жҢүдёӢи®Ўж—¶
  109   1        KeyCode = 0;    //з»ҷз”ЁжҲ·дҪҝз”Ёзҡ„й”®з Ғ
  110   1      
  111   1        IO_KeyState = 0;
  112   1        IO_KeyState1 = 0;
  113   1        IO_KeyHoldCnt = 0;
  114   1        cnt50ms = 0;
C251 COMPILER V5.60.0,  APP_RTC                                                            27/04/26  00:55:18  PAGE 3   

  115   1      
  116   1        printf("STC32G RTC Test!\r\n");
  117   1      }
  118          
  119          //========================================================================
  120          // еҮҪж•°: Sample_RTC
  121          // жҸҸиҝ°: з”ЁжҲ·еә”з”ЁзЁӢеәҸ.
  122          // еҸӮж•°: None.
  123          // иҝ”еӣһ: None.
  124          // зүҲжң¬: V1.0, 2020-09-25
  125          //========================================================================
  126          void Sample_RTC(void)
  127          {
  128   1        if(B_1S)
  129   1        {
  130   2          B_1S = 0;
  131   2          DisplayRTC();
  132   2          printf("Year=20%d,Month=%d,Day=%d,Hour=%d,Minute=%d,Second=%d\r\n",YEAR,MONTH,DAY,HOUR,MIN,SEC);
  133   2        }
  134   1      
  135   1        if(B_Alarm)
  136   1        {
  137   2          B_Alarm = 0;
  138   2          printf("RTC Alarm!\r\n");
  139   2        }
  140   1      
  141   1      #if(SleepModeSet == 1)
                   _nop_();
                   _nop_();
                   PD = 1;  //STC32G иҠҜзүҮдҪҝз”ЁеҶ…йғЁ32Kж—¶й’ҹпјҢдј‘зң ж— жі•е”ӨйҶ’
                   _nop_();
                   _nop_();
                   _nop_();
                   _nop_();
                   _nop_();
                   _nop_();
               #else
  152   1        DisplayScan();
  153   1        
  154   1        if(++cnt50ms >= 50)     //50msжү«жҸҸдёҖж¬ЎиЎҢеҲ—й”®зӣҳ
  155   1        {
  156   2          cnt50ms = 0;
  157   2          IO_KeyScan();
  158   2        }
  159   1        
  160   1        if(KeyCode != 0)        //жңүй”®жҢүдёӢ
  161   1        {
  162   2          if(KeyCode == 25)   //hour +1
  163   2          {
  164   3            if(++hour >= 24)    hour = 0;
  165   3            WriteRTC();
  166   3            DisplayRTC();
  167   3          }
  168   2          if(KeyCode == 26)   //hour -1
  169   2          {
  170   3            if(--hour >= 24)    hour = 23;
  171   3            WriteRTC();
  172   3            DisplayRTC();
  173   3          }
  174   2          if(KeyCode == 27)   //minute +1
  175   2          {
  176   3            second = 0;
  177   3            if(++minute >= 60)  minute = 0;
  178   3            WriteRTC();
  179   3            DisplayRTC();
  180   3          }
C251 COMPILER V5.60.0,  APP_RTC                                                            27/04/26  00:55:18  PAGE 4   

  181   2          if(KeyCode == 28)   //minute -1
  182   2          {
  183   3            second = 0;
  184   3            if(--minute >= 60)  minute = 59;
  185   3            WriteRTC();
  186   3            DisplayRTC();
  187   3          }
  188   2      
  189   2          KeyCode = 0;
  190   2        }
  191   1      #endif
  192   1      }
  193          
  194          //========================================================================
  195          // еҮҪж•°: DisplayRTC
  196          // жҸҸиҝ°: жҳҫзӨәж—¶й’ҹеҮҪж•°.
  197          // еҸӮж•°: None.
  198          // иҝ”еӣһ: None.
  199          // зүҲжң¬: V1.0, 2020-09-25
  200          //========================================================================
  201          void DisplayRTC(void)
  202          {
  203   1          hour = HOUR;
  204   1          minute = MIN;
  205   1      
  206   1          if(HOUR >= 10)  LED8[0] = HOUR / 10;
  207   1          else            LED8[0] = DIS_BLACK;
  208   1          LED8[1] = HOUR % 10;
  209   1          LED8[2] = DIS_;
  210   1          LED8[3] = MIN / 10;
  211   1          LED8[4] = MIN % 10;
  212   1          LED8[5] = DIS_;
  213   1          LED8[6] = SEC / 10;
  214   1          LED8[7] = SEC % 10;
  215   1      }
  216          
  217          
  218          //========================================================================
  219          // еҮҪж•°: WriteRTC
  220          // жҸҸиҝ°: еҶҷRTCеҮҪж•°.
  221          // еҸӮж•°: None.
  222          // иҝ”еӣһ: None.
  223          // зүҲжң¬: V1.0, 2020-09-25
  224          //========================================================================
  225          void WriteRTC(void)
  226          {
  227   1          INIYEAR = YEAR;   //з»§жүҝеҪ“еүҚе№ҙжңҲж—Ҙ
  228   1          INIMONTH = MONTH;
  229   1          INIDAY = DAY;
  230   1      
  231   1          INIHOUR = hour;   //дҝ®ж”№ж—¶еҲҶз§’
  232   1          INIMIN = minute;
  233   1          INISEC = 0;
  234   1          INISSEC = 0;
  235   1          RTCCFG |= 0x01;   //и§ҰеҸ‘RTCеҜ„еӯҳеҷЁеҲқе§ӢеҢ–
  236   1      }
  237          
  238          
  239          /*****************************************************
  240              иЎҢеҲ—й”®жү«жҸҸзЁӢеәҸ
  241              дҪҝз”ЁXYжҹҘжүҫ4x4й”®зҡ„ж–№жі•пјҢеҸӘиғҪеҚ•й”®пјҢйҖҹеәҰеҝ«
  242          
  243             Y     P04      P05      P06      P07
  244                    |        |        |        |
  245          X         |        |        |        |
  246          P00 ---- K00 ---- K01 ---- K02 ---- K03 ----
C251 COMPILER V5.60.0,  APP_RTC                                                            27/04/26  00:55:18  PAGE 5   

  247                    |        |        |        |
  248          P01 ---- K04 ---- K05 ---- K06 ---- K07 ----
  249                    |        |        |        |
  250          P02 ---- K08 ---- K09 ---- K10 ---- K11 ----
  251                    |        |        |        |
  252          P03 ---- K12 ---- K13 ---- K14 ---- K15 ----
  253                    |        |        |        |
  254          ******************************************************/
  255          
  256          
  257          //========================================================================
  258          // еҮҪж•°: IO_KeyDelay
  259          // жҸҸиҝ°: жҢүй”®жү«жҸҸе»¶иҝҹзЁӢеәҸ.
  260          // еҸӮж•°: None.
  261          // иҝ”еӣһ: None.
  262          // зүҲжң¬: V1.0, 2020-09-25
  263          //========================================================================
  264          void IO_KeyDelay(void)
  265          {
  266   1          u8 i;
  267   1          i = 60;
  268   1          while(--i)  ;
  269   1      }
  270          
  271          //========================================================================
  272          // еҮҪж•°: IO_KeyScan
  273          // жҸҸиҝ°: жҢүй”®жү«жҸҸзЁӢеәҸ.
  274          // еҸӮж•°: None.
  275          // иҝ”еӣһ: None.
  276          // зүҲжң¬: V1.0, 2020-09-25
  277          //========================================================================
  278          void IO_KeyScan(void)    //50ms call
  279          {
  280   1          u8  j;
  281   1      
  282   1          j = IO_KeyState1;   //дҝқеӯҳдёҠдёҖж¬ЎзҠ¶жҖҒ
  283   1      
  284   1          P0 = 0xf0;  //XдҪҺпјҢиҜ»Y
  285   1          IO_KeyDelay();
  286   1          IO_KeyState1 = P0 & 0xf0;
  287   1      
  288   1          P0 = 0x0f;  //YдҪҺпјҢиҜ»X
  289   1          IO_KeyDelay();
  290   1          IO_KeyState1 |= (P0 & 0x0f);
  291   1          IO_KeyState1 ^= 0xff;   //еҸ–еҸҚ
  292   1          
  293   1          if(j == IO_KeyState1)   //иҝһз»ӯдёӨж¬ЎиҜ»зӣёзӯү
  294   1          {
  295   2              j = IO_KeyState;
  296   2              IO_KeyState = IO_KeyState1;
  297   2              if(IO_KeyState != 0)    //жңүй”®жҢүдёӢ
  298   2              {
  299   3                  F0 = 0;
  300   3                  if(j == 0)  F0 = 1; //з¬¬дёҖж¬ЎжҢүдёӢ
  301   3                  else if(j == IO_KeyState)
  302   3                  {
  303   4                      if(++IO_KeyHoldCnt >= 20)   //1з§’еҗҺйҮҚй”®
  304   4                      {
  305   5                          IO_KeyHoldCnt = 18;
  306   5                          F0 = 1;
  307   5                      }
  308   4                  }
  309   3                  if(F0)
  310   3                  {
  311   4                      j = T_KeyTable[IO_KeyState >> 4];
  312   4                      if((j != 0) && (T_KeyTable[IO_KeyState& 0x0f] != 0)) 
C251 COMPILER V5.60.0,  APP_RTC                                                            27/04/26  00:55:18  PAGE 6   

  313   4                          KeyCode = (j - 1) * 4 + T_KeyTable[IO_KeyState & 0x0f] + 16;    //и®Ўз®—й”®з ҒпјҢ17~3
             -2
  314   4                  }
  315   3              }
  316   2              else    IO_KeyHoldCnt = 0;
  317   2          }
  318   1          P0 = 0xff;
  319   1      }
  320          


Module Information          Static   Overlayable
------------------------------------------------
  code size            =       950     ------
  ecode size           =    ------     ------
  data size            =    ------     ------
  idata size           =    ------     ------
  pdata size           =    ------     ------
  xdata size           =    ------     ------
  xdata-const size     =    ------     ------
  edata size           =    ------         22
  bit size             =    ------     ------
  ebit size            =    ------     ------
  bitaddressable size  =    ------     ------
  ebitaddressable size =    ------     ------
  far data size        =    ------     ------
  huge data size       =    ------     ------
  const size           =    ------     ------
  hconst size          =        88     ------
End of Module Information.


C251 COMPILATION COMPLETE.  0 WARNING(S),  0 ERROR(S)
