C251 COMPILER V5.60.0,  APP_SPI_PS                                                         27/04/26  00:55:19  PAGE 1   


C251 COMPILER V5.60.0, COMPILATION OF MODULE APP_SPI_PS
OBJECT MODULE PLACED IN .\list\APP_SPI_PS.obj
COMPILER INVOKED BY: C:\Keil_v5\C251\BIN\C251.EXE ..\App\src\APP_SPI_PS.c XSMALL INTR2 BROWSE INCDIR(..\Driver\inc;..\Us
                    -er;..\App\inc;..\Code_boweny\Function\Log;..\Code_boweny\Function\Filter;..\Code_boweny\Device\QMC6309;..\Code_boweny\De
                    -vice\QMI8658;..\Code_boweny\Device\GPS;..\Code_boweny\Device\WIRELESS;..\Code_boweny\Device\MOTOR) DEBUG PRINT(.\list\AP
                    -P_SPI_PS.lst) TABS(2) OBJECT(.\list\APP_SPI_PS.obj) 

stmt  level    source

    1          /*---------------------------------------------------------------------*/
    2          /* --- Web: www.STCAI.com ---------------------------------------------*/
    3          /*---------------------------------------------------------------------*/
    4          
    5          #include  "APP.h"
    6          #include  "STC32G_GPIO.h"
    7          #include  "STC32G_SPI.h"
    8          #include  "STC32G_UART.h"
    9          #include  "STC32G_NVIC.h"
   10          
   11          /*************  еҠҹиғҪиҜҙжҳҺ  **************
   12          
   13          йҖҡиҝҮдёІеҸЈеҸ‘йҖҒж•°жҚ®з»ҷMCU1пјҢMCU1е°ҶжҺҘж”¶еҲ°зҡ„ж•°жҚ®з”ұSPIеҸ‘йҖҒз»ҷMCU2пјҢMCU2еҶҚйҖҡиҝҮдёІеҸЈеҸ‘йҖ
             -ҒеҮәеҺ».
   14          
   15          и®ҫзҪ®ж–№жі• 2пјҡ
   16          дёӨдёӘи®ҫеӨҮеҲқе§ӢеҢ–ж—¶йғҪи®ҫзҪ® SSIG дёә 0пјҢMSTR и®ҫзҪ®дёә0пјҢжӯӨж—¶дёӨдёӘи®ҫеӨҮйғҪжҳҜдёҚеҝҪз•Ҙ SS зҡ„
             -д»ҺжңәжЁЎејҸгҖӮ
   17          еҪ“е…¶дёӯдёҖдёӘи®ҫеӨҮйңҖиҰҒеҗҜеҠЁдј иҫ“ж—¶пјҢе…ҲжЈҖжөӢ SS з®Ўи„ҡзҡ„з”өе№іпјҢеҰӮжһңж—¶еҖҷй«ҳз”өе№іпјҢ
   18          е°ұе°ҶиҮӘе·ұи®ҫзҪ®жҲҗеҝҪз•Ҙ SS зҡ„дё»жЁЎејҸпјҢиҮӘе·ұзҡ„ SS и„ҡиҫ“еҮәдҪҺз”өе№іпјҢжӢүдҪҺеҜ№ж–№зҡ„ SS и„ҡпјҢ
             -еҚіеҸҜиҝӣиЎҢж•°жҚ®дј иҫ“гҖӮ
   19          
   20                   MCU1                          MCU2
   21            |-----------------|           |-----------------|
   22            |            MISO |-----------| MISO            |
   23          --| TX         MOSI |-----------| MOSI         TX |--
   24            |            SCLK |-----------| SCLK            |
   25          --| RX           SS |-----------| SS           RX |--
   26            |-----------------|           |-----------------|
   27          
   28          
   29          дёӢиҪҪж—¶, йҖүжӢ©ж—¶й’ҹ 24MHz (еҸҜд»ҘеңЁй…ҚзҪ®ж–Үд»¶"config.h"дёӯдҝ®ж”№).
   30          
   31          ******************************************/
   32          
   33          //========================================================================
   34          //                               жң¬ең°еёёйҮҸеЈ°жҳҺ 
   35          //========================================================================
   36          
   37          
   38          //========================================================================
   39          //                               жң¬ең°еҸҳйҮҸеЈ°жҳҺ
   40          //========================================================================
   41          
   42          bit UartReceived=0;
   43          
   44          //========================================================================
   45          //                               жң¬ең°еҮҪж•°еЈ°жҳҺ
   46          //========================================================================
   47          
   48          
   49          //========================================================================
   50          //                            еӨ–йғЁеҮҪж•°е’ҢеҸҳйҮҸеЈ°жҳҺ
   51          //========================================================================
   52          
   53          
C251 COMPILER V5.60.0,  APP_SPI_PS                                                         27/04/26  00:55:19  PAGE 2   

   54          //========================================================================
   55          // еҮҪж•°: SPI_PS_init
   56          // жҸҸиҝ°: з”ЁжҲ·еҲқе§ӢеҢ–зЁӢеәҸ.
   57          // еҸӮж•°: None.
   58          // иҝ”еӣһ: None.
   59          // зүҲжң¬: V1.0, 2020-09-27
   60          //========================================================================
   61          void SPI_PS_init(void)
   62          {
   63   1        SPI_InitTypeDef   SPI_InitStructure;
   64   1        COMx_InitDefine   COMx_InitStructure;         //з»“жһ„е®ҡд№ү
   65   1      
   66   1        COMx_InitStructure.UART_Mode      = UART_8bit_BRTx;   //жЁЎејҸ,   UART_ShiftRight,UART_8bit_BRTx,UART_9bi
             -t,UART_9bit_BRTx
   67   1      //  COMx_InitStructure.UART_BRT_Use   = BRT_Timer2;     //йҖүжӢ©жіўзү№зҺҮеҸ‘з”ҹеҷЁ, BRT_Timer2 (жіЁж„Ҹ: дёІе
             -ҸЈ2еӣәе®ҡдҪҝз”ЁBRT_Timer2, жүҖд»ҘдёҚз”ЁйҖүжӢ©)
   68   1        COMx_InitStructure.UART_BaudRate  = 115200ul;     //жіўзү№зҺҮ,     110 ~ 115200
   69   1        COMx_InitStructure.UART_RxEnable  = ENABLE;       //жҺҘж”¶е…Ғи®ё,   ENABLE жҲ– DISABLE
   70   1        UART_Configuration(UART2, &COMx_InitStructure);   //еҲқе§ӢеҢ–дёІеҸЈ2 UART1,UART2,UART3,UART4
   71   1        NVIC_UART2_Init(ENABLE,Priority_1);   //дёӯж–ӯдҪҝиғҪ, ENABLE/DISABLE; дјҳе…Ҳзә§(дҪҺеҲ°й«ҳ) Priority_0,Pri
             -ority_1,Priority_2,Priority_3
   72   1      
   73   1        SPI_InitStructure.SPI_Enable    = ENABLE;       //SPIеҗҜеҠЁ    ENABLE, DISABLE
   74   1        SPI_InitStructure.SPI_SSIG      = DISABLE;        //зүҮйҖүдҪҚ     ENABLE(еҝҪз•ҘSSеј•и„ҡеҠҹиғҪ), DISABLE(SSзЎ
             -®е®ҡдё»жңәд»Һжңә)
   75   1        SPI_InitStructure.SPI_FirstBit  = SPI_MSB;        //з§»дҪҚж–№еҗ‘   SPI_MSB, SPI_LSB
   76   1        SPI_InitStructure.SPI_Mode      = SPI_Mode_Slave;   //дё»д»ҺйҖүжӢ©   SPI_Mode_Master, SPI_Mode_Slave
   77   1        SPI_InitStructure.SPI_CPOL      = SPI_CPOL_Low;     //ж—¶й’ҹзӣёдҪҚ   SPI_CPOL_High,   SPI_CPOL_Low
   78   1        SPI_InitStructure.SPI_CPHA      = SPI_CPHA_2Edge;   //ж•°жҚ®иҫ№жІҝ   SPI_CPHA_1Edge,  SPI_CPHA_2Edge
   79   1        SPI_InitStructure.SPI_Speed     = SPI_Speed_4;      //SPIйҖҹеәҰ    SPI_Speed_4, SPI_Speed_8, SPI_Speed_16, 
             -SPI_Speed_2
   80   1        SPI_Init(&SPI_InitStructure);
   81   1        NVIC_SPI_Init(ENABLE,Priority_3);   //дёӯж–ӯдҪҝиғҪ, ENABLE/DISABLE; дјҳе…Ҳзә§(дҪҺеҲ°й«ҳ) Priority_0,Prior
             -ity_1,Priority_2,Priority_3
   82   1      
   83   1        P2_MODE_IO_PU(GPIO_Pin_All);    //P2 и®ҫзҪ®дёәеҮҶеҸҢеҗ‘еҸЈ
   84   1        P4_MODE_IO_PU(GPIO_Pin_6 | GPIO_Pin_7);   //P4.6,P4.7 и®ҫзҪ®дёәеҮҶеҸҢеҗ‘еҸЈ
   85   1      
   86   1        SPI_SS_2 = 1;
   87   1      }
   88          
   89          //========================================================================
   90          // еҮҪж•°: Sample_SPI_PS
   91          // жҸҸиҝ°: з”ЁжҲ·еә”з”ЁзЁӢеәҸ.
   92          // еҸӮж•°: None.
   93          // иҝ”еӣһ: None.
   94          // зүҲжң¬: V1.0, 2020-09-27
   95          //========================================================================
   96          void Sample_SPI_PS(void)
   97          {
   98   1        u8 i;
   99   1        
  100   1        if(COM2.RX_TimeOut > 0)
  101   1        {
  102   2          if(--COM2.RX_TimeOut == 0)
  103   2          {
  104   3            if(COM2.RX_Cnt > 0)
  105   3            {
  106   4              UartReceived = 1;   //и®ҫзҪ®дёІеҸЈжҺҘж”¶ж Үеҝ—
  107   4            }
  108   3          }
  109   2        }
  110   1        if((UartReceived) && (SPI_SS_2))
  111   1        {
  112   2          SPI_SS_2 = 0;     //жӢүдҪҺд»Һжңә SS з®Ўи„ҡ
  113   2          SPI_SetMode(SPI_Mode_Master);
C251 COMPILER V5.60.0,  APP_SPI_PS                                                         27/04/26  00:55:19  PAGE 3   

  114   2          for(i=0;i<COM2.RX_Cnt;i++)
  115   2          {
  116   3            SPI_WriteByte(RX2_Buffer[i]); //еҸ‘йҖҒдёІеҸЈж•°жҚ®
  117   3          }
  118   2          SPI_SS_2 = 1;    //жӢүй«ҳд»Һжңәзҡ„ SS з®Ўи„ҡ
  119   2          SPI_SetMode(SPI_Mode_Slave);
  120   2          COM2.RX_Cnt = 0;
  121   2          UartReceived = 0;
  122   2        }
  123   1        
  124   1        if(SPI_RxTimerOut > 0)
  125   1        {
  126   2          if(--SPI_RxTimerOut == 0)
  127   2          {
  128   3            if(SPI_RxCnt > 0)
  129   3            {
  130   4              for(i=0; i<SPI_RxCnt; i++)  TX2_write2buff(SPI_RxBuffer[i]);
  131   4            }
  132   3            SPI_RxCnt = 0;
  133   3          }
  134   2        }
  135   1      }
  136          
  137          
  138          


Module Information          Static   Overlayable
------------------------------------------------
  code size            =       241     ------
  ecode size           =    ------     ------
  data size            =    ------     ------
  idata size           =    ------     ------
  pdata size           =    ------     ------
  xdata size           =    ------     ------
  xdata-const size     =    ------     ------
  edata size           =    ------         16
  bit size             =         1     ------
  ebit size            =    ------     ------
  bitaddressable size  =    ------     ------
  ebitaddressable size =    ------     ------
  far data size        =    ------     ------
  huge data size       =    ------     ------
  const size           =    ------     ------
  hconst size          =    ------     ------
End of Module Information.


C251 COMPILATION COMPLETE.  0 WARNING(S),  0 ERROR(S)
