C251 COMPILER V5.60.0,  APP_DMA_I2C                                                        27/04/26  00:55:20  PAGE 1   


C251 COMPILER V5.60.0, COMPILATION OF MODULE APP_DMA_I2C
OBJECT MODULE PLACED IN .\list\APP_DMA_I2C.obj
COMPILER INVOKED BY: C:\Keil_v5\C251\BIN\C251.EXE ..\App\src\APP_DMA_I2C.c XSMALL INTR2 BROWSE INCDIR(..\Driver\inc;..\U
                    -ser;..\App\inc;..\Code_boweny\Function\Log;..\Code_boweny\Function\Filter;..\Code_boweny\Device\QMC6309;..\Code_boweny\D
                    -evice\QMI8658;..\Code_boweny\Device\GPS;..\Code_boweny\Device\WIRELESS;..\Code_boweny\Device\MOTOR) DEBUG PRINT(.\list\A
                    -PP_DMA_I2C.lst) TABS(2) OBJECT(.\list\APP_DMA_I2C.obj) 

stmt  level    source

    1          /*---------------------------------------------------------------------*/
    2          /* --- Web: www.STCAI.com ---------------------------------------------*/
    3          /*---------------------------------------------------------------------*/
    4          
    5          #include  "APP_DMA_I2C.h"
    6          #include  "STC32G_I2C.h"
    7          #include  "STC32G_GPIO.h"
    8          #include  "STC32G_UART.h"
    9          #include  "STC32G_DMA.h"
   10          #include  "STC32G_NVIC.h"
   11          #include  "STC32G_Delay.h"
   12          #include  "STC32G_Switch.h"
   13          
   14          /*************  жң¬зЁӢеәҸеҠҹиғҪиҜҙжҳҺ **************
   15          
   16          йҖҡиҝҮдёІеҸЈ2(P4.6 P4.7)еҸ‘жҢҮд»ӨйҖҡиҝҮI2C DMAиҜ»еҶҷAT24C02ж•°жҚ®.
   17          
   18          й»ҳи®Өжіўзү№зҺҮ:  115200,N,8,1. 
   19          
   20          дёІеҸЈе‘Ҫд»Өи®ҫзҪ®: (е‘Ҫд»Өеӯ—жҜҚдёҚеҢәеҲҶеӨ§е°ҸеҶҷ)
   21              W 0x12 1234567890 --> еҶҷе…Ҙж“ҚдҪң  еҚҒе…ӯиҝӣеҲ¶ең°еқҖ  еҶҷе…ҘеҶ…е®№.
   22              R 0x12 10         --> иҜ»еҮәж“ҚдҪң  еҚҒе…ӯиҝӣеҲ¶ең°еқҖ  иҜ»еҮәеӯ—иҠӮж•°.
   23          
   24          дёӢиҪҪж—¶, йҖүжӢ©ж—¶й’ҹ 24MHz (еҸҜд»ҘеңЁй…ҚзҪ®ж–Үд»¶"config.h"дёӯдҝ®ж”№).
   25          
   26          ******************************************/
   27          
   28          
   29          //========================================================================
   30          //                               жң¬ең°еёёйҮҸеЈ°жҳҺ 
   31          //========================================================================
   32          
   33          #define SLAW    0xA0
   34          #define SLAR    0xA1
   35          
   36          #define EE_BUF_LENGTH       255          //
   37          
   38          //========================================================================
   39          //                               жң¬ең°еҸҳйҮҸеЈ°жҳҺ
   40          //========================================================================
   41          
   42          u8 EEPROM_addr;
   43          u8 xdata I2cTxBuffer[EE_BUF_LENGTH+1];
   44          u8 xdata I2cRxBuffer[EE_BUF_LENGTH+1];
   45          
   46          //========================================================================
   47          //                               жң¬ең°еҮҪж•°еЈ°жҳҺ
   48          //========================================================================
   49          
   50          void WriteNbyte(u8 addr, u8 number);
   51          void ReadNbyte( u8 addr, u8 number);
   52          
   53          //========================================================================
   54          //                            еӨ–йғЁеҮҪж•°е’ҢеҸҳйҮҸеЈ°жҳҺ
   55          //========================================================================
   56          
C251 COMPILER V5.60.0,  APP_DMA_I2C                                                        27/04/26  00:55:20  PAGE 2   

   57          
   58          //========================================================================
   59          // еҮҪж•°: DMA_I2C_init
   60          // жҸҸиҝ°: з”ЁжҲ·еҲқе§ӢеҢ–зЁӢеәҸ.
   61          // еҸӮж•°: None.
   62          // иҝ”еӣһ: None.
   63          // зүҲжң¬: V1.0, 2020-09-28
   64          //========================================================================
   65          void DMA_I2C_init(void)
   66          {
   67   1        I2C_InitTypeDef   I2C_InitStructure;
   68   1        COMx_InitDefine   COMx_InitStructure;   //з»“жһ„е®ҡд№ү
   69   1        DMA_I2C_InitTypeDef   DMA_I2C_InitStructure;    //з»“жһ„е®ҡд№ү
   70   1      
   71   1        I2C_SW(I2C_P24_P25);          //I2C_P14_P15,I2C_P24_P25,I2C_P76_P77,I2C_P33_P32
   72   1        P2_MODE_IO_PU(GPIO_Pin_4 | GPIO_Pin_5);   //P2.4,P2.5 и®ҫзҪ®дёәеҮҶеҸҢеҗ‘еҸЈ
   73   1        P4_MODE_IO_PU(GPIO_Pin_6 | GPIO_Pin_7);   //P4.6,P4.7 и®ҫзҪ®дёәеҮҶеҸҢеҗ‘еҸЈ
   74   1        
   75   1        COMx_InitStructure.UART_Mode      = UART_8bit_BRTx;   //жЁЎејҸ,   UART_ShiftRight,UART_8bit_BRTx,UART_9bi
             -t,UART_9bit_BRTx
   76   1      //  COMx_InitStructure.UART_BRT_Use   = BRT_Timer2;     //йҖүжӢ©жіўзү№зҺҮеҸ‘з”ҹеҷЁ, BRT_Timer2 (жіЁж„Ҹ: дёІе
             -ҸЈ2еӣәе®ҡдҪҝз”ЁBRT_Timer2, жүҖд»ҘдёҚз”ЁйҖүжӢ©)
   77   1        COMx_InitStructure.UART_BaudRate  = 115200ul;     //жіўзү№зҺҮ,     110 ~ 115200
   78   1        COMx_InitStructure.UART_RxEnable  = ENABLE;       //жҺҘж”¶е…Ғи®ё,   ENABLE жҲ– DISABLE
   79   1        UART_Configuration(UART2, &COMx_InitStructure);   //еҲқе§ӢеҢ–дёІеҸЈ2 UART1,UART2,UART3,UART4
   80   1        NVIC_UART2_Init(ENABLE,Priority_1);   //дёӯж–ӯдҪҝиғҪ, ENABLE/DISABLE; дјҳе…Ҳзә§(дҪҺеҲ°й«ҳ) Priority_0,Pri
             -ority_1,Priority_2,Priority_3
   81   1      
   82   1        I2C_InitStructure.I2C_Mode      = I2C_Mode_Master;  //дё»д»ҺйҖүжӢ©   I2C_Mode_Master, I2C_Mode_Slave
   83   1        I2C_InitStructure.I2C_Enable    = ENABLE;           //I2CеҠҹиғҪдҪҝиғҪ,   ENABLE, DISABLE
   84   1        I2C_InitStructure.I2C_MS_WDTA   = DISABLE;          //дё»жңәдҪҝиғҪиҮӘеҠЁеҸ‘йҖҒ,  ENABLE, DISABLE
   85   1        I2C_InitStructure.I2C_Speed     = 63;               //жҖ»зәҝйҖҹеәҰ=Fosc/2/(Speed*2+4),      0~63
   86   1        I2C_Init(&I2C_InitStructure);
   87   1        NVIC_I2C_Init(I2C_Mode_Master,DISABLE,Priority_0);    //дё»д»ҺжЁЎејҸ, I2C_Mode_Master, I2C_Mode_Slave; дёӯ
             -ж–ӯдҪҝиғҪ, ENABLE/DISABLE; дјҳе…Ҳзә§(дҪҺеҲ°й«ҳ) Priority_0,Priority_1,Priority_2,Priority_3
   88   1      
   89   1        DMA_I2C_InitStructure.DMA_TX_Length = EE_BUF_LENGTH;  //DMAдј иҫ“жҖ»еӯ—иҠӮж•°   (0~65535) + 1
   90   1        DMA_I2C_InitStructure.DMA_TX_Buffer = (u16)I2cTxBuffer; //еҸ‘йҖҒж•°жҚ®еӯҳеӮЁең°еқҖ
   91   1        DMA_I2C_InitStructure.DMA_RX_Length = EE_BUF_LENGTH;  //DMAдј иҫ“жҖ»еӯ—иҠӮж•°   (0~65535) + 1
   92   1        DMA_I2C_InitStructure.DMA_RX_Buffer = (u16)I2cRxBuffer; //жҺҘж”¶ж•°жҚ®еӯҳеӮЁең°еқҖ
   93   1        DMA_I2C_InitStructure.DMA_TX_Enable = ENABLE;   //DMAдҪҝиғҪ   ENABLE,DISABLE
   94   1        DMA_I2C_InitStructure.DMA_RX_Enable = ENABLE;   //DMAдҪҝиғҪ   ENABLE,DISABLE
   95   1        DMA_I2C_Inilize(&DMA_I2C_InitStructure);  //еҲқе§ӢеҢ–
   96   1      
   97   1        NVIC_DMA_I2CT_Init(ENABLE,Priority_0,Priority_0);   //дёӯж–ӯдҪҝиғҪ, ENABLE/DISABLE; дјҳе…Ҳзә§(дҪҺеҲ°й«ҳ) 
             -Priority_0~Priority_3; жҖ»зәҝдјҳе…Ҳзә§(дҪҺеҲ°й«ҳ) Priority_0~Priority_3
   98   1        NVIC_DMA_I2CR_Init(ENABLE,Priority_0,Priority_0);   //дёӯж–ӯдҪҝиғҪ, ENABLE/DISABLE; дјҳе…Ҳзә§(дҪҺеҲ°й«ҳ) 
             -Priority_0~Priority_3; жҖ»зәҝдјҳе…Ҳзә§(дҪҺеҲ°й«ҳ) Priority_0~Priority_3
   99   1        DMA_I2CR_CLRFIFO();   //жё…з©ә DMA FIFO
  100   1      
  101   1        printf("е‘Ҫд»Өи®ҫзҪ®:\r\n");
  102   1        printf("W 0x12 1234567890 --> еҶҷе…Ҙж“ҚдҪң  еҚҒе…ӯиҝӣеҲ¶ең°еқҖ  еҶҷе…ҘеҶ…е®№\r\n");
  103   1        printf("R 0x12 10         --> иҜ»еҮәж“ҚдҪң  еҚҒе…ӯиҝӣеҲ¶ең°еқҖ  иҜ»еҮәеӯ—иҠӮеҶ…е®№\r\n");
  104   1      }
  105          
  106          //========================================================================
  107          // еҮҪж•°: I2cCheckData
  108          // жҸҸиҝ°: ж•°жҚ®ж ЎйӘҢеҮҪж•°.
  109          // еҸӮж•°: None.
  110          // иҝ”еӣһ: None.
  111          // зүҲжң¬: V1.0, 2020-09-28
  112          //========================================================================
  113          static u8 I2cCheckData(u8 dat)
  114          {
  115   1        if((dat >= '0') && (dat <= '9'))    return (dat-'0');
  116   1        if((dat >= 'A') && (dat <= 'F'))    return (dat-'A'+10);
C251 COMPILER V5.60.0,  APP_DMA_I2C                                                        27/04/26  00:55:20  PAGE 3   

  117   1        if((dat >= 'a') && (dat <= 'f'))    return (dat-'a'+10);
  118   1        return 0xff;
  119   1      }
  120          
  121          //========================================================================
  122          // еҮҪж•°: I2cGetAddress
  123          // жҸҸиҝ°: и®Ўз®—еҗ„з§Қиҫ“е…Ҙж–№ејҸзҡ„ең°еқҖ.
  124          // еҸӮж•°: ж— .
  125          // иҝ”еӣһ: 8дҪҚEEPROMең°еқҖ.
  126          // зүҲжң¬: V1.0, 2013-6-6
  127          //========================================================================
  128          static u8 I2cGetAddress(void)
  129          {
  130   1          u8 address;
  131   1          u8  i,j;
  132   1          
  133   1          address = 0;
  134   1          if((RX2_Buffer[2] == '0') && (RX2_Buffer[3] == 'X'))
  135   1          {
  136   2              for(i=4; i<6; i++)
  137   2              {
  138   3                  j = I2cCheckData(RX2_Buffer[i]);
  139   3                  if(j >= 0x10)   return 0;  //error
  140   3                  address = (address << 4) + j;
  141   3              }
  142   2              return (address);
  143   2          }
  144   1          return  0; //error
  145   1      }
  146          
  147          //========================================================================
  148          // еҮҪж•°: I2cGetDataLength
  149          // жҸҸиҝ°: иҺ·еҸ–иҰҒиҜ»еҮәж•°жҚ®зҡ„еӯ—иҠӮж•°.
  150          // еҸӮж•°: ж— .
  151          // иҝ”еӣһ: 1иҰҒиҜ»еҮәж•°жҚ®зҡ„еӯ—иҠӮж•°.
  152          // зүҲжң¬: V1.0, 2013-6-6
  153          //========================================================================
  154          static u8 I2cGetDataLength(void)
  155          {
  156   1        u8  i;
  157   1        u8  length;
  158   1        
  159   1        length = 0;
  160   1        for(i=7; i<COM2.RX_Cnt; i++)
  161   1        {
  162   2          if(I2cCheckData(RX2_Buffer[i]) >= 10)  break;
  163   2          length = length * 10 + I2cCheckData(RX2_Buffer[i]);
  164   2        }
  165   1        return (length);
  166   1      }
  167          
  168          //========================================================================
  169          // еҮҪж•°: Sample_DMA_I2C
  170          // жҸҸиҝ°: з”ЁжҲ·еә”з”ЁзЁӢеәҸ.
  171          // еҸӮж•°: None.
  172          // иҝ”еӣһ: None.
  173          // зүҲжң¬: V1.0, 2020-09-28
  174          //========================================================================
  175          void Sample_DMA_I2C(void)
  176          {
  177   1        u8  i,j;
  178   1        u8  addr;
  179   1        u8  status;
  180   1      
  181   1        if(COM2.RX_TimeOut > 0)   //и¶…ж—¶и®Ўж•°
  182   1        {
C251 COMPILER V5.60.0,  APP_DMA_I2C                                                        27/04/26  00:55:20  PAGE 4   

  183   2          if(--COM2.RX_TimeOut == 0)
  184   2          {
  185   3      //      printf("ж”¶еҲ°еҶ…е®№еҰӮдёӢпјҡ ");
  186   3      //      for(i=0; i<COM2.RX_Cnt; i++)    printf("%c", RX2_Buffer[i]);    //жҠҠж”¶еҲ°зҡ„ж•°жҚ®еҺҹж ·иҝ”еӣһ,з”Ё
             -дәҺжөӢиҜ•
  187   3      //      printf("\r\n");
  188   3      
  189   3            status = 0xff;  //зҠ¶жҖҒз»ҷдёҖдёӘйқһ0еҖј
  190   3            if((COM2.RX_Cnt >= 8) && (RX2_Buffer[1] == ' ')) //жңҖзҹӯе‘Ҫд»Өдёә8дёӘеӯ—иҠӮ
  191   3            {
  192   4              for(i=0; i<6; i++)
  193   4              {
  194   5                if((RX2_Buffer[i] >= 'a') && (RX2_Buffer[i] <= 'z'))    RX2_Buffer[i] = RX2_Buffer[i] - 'a' + 'A';  
             -//е°ҸеҶҷиҪ¬еӨ§еҶҷ
  195   5              }
  196   4              addr = I2cGetAddress();
  197   4              //if(addr <= 255)    //йҷҗеҲ¶ең°еқҖиҢғеӣҙ
  198   4              {
  199   5                if((RX2_Buffer[0] == 'W')&& (RX2_Buffer[6] == ' '))   //еҶҷе…ҘNдёӘеӯ—иҠӮ
  200   5                {
  201   6                  j = COM2.RX_Cnt - 7;
  202   6                  if(j > EE_BUF_LENGTH)  j = EE_BUF_LENGTH; //и¶Ҡз•ҢжЈҖжөӢ
  203   6      
  204   6                  for(i=0; i<j; i++)  I2cTxBuffer[i+2] = RX2_Buffer[i+7];
  205   6                  WriteNbyte(addr, j);     //еҶҷNдёӘеӯ—иҠӮ 
  206   6                  printf("е·ІеҶҷе…Ҙ%dеӯ—иҠӮеҶ…е®№!\r\n",j);
  207   6                  delay_ms(5);
  208   6      
  209   6                  ReadNbyte(addr, j);
  210   6                  printf("иҜ»еҮә%dдёӘеӯ—иҠӮеҶ…е®№еҰӮдёӢпјҡ\r\n",j);
  211   6                  for(i=0; i<j; i++)    printf("%c", I2cRxBuffer[i]);
  212   6                  printf("\r\n");
  213   6      
  214   6                  status = 0; //е‘Ҫд»ӨжӯЈзЎ®
  215   6                }
  216   5                else if((RX2_Buffer[0] == 'R') && (RX2_Buffer[6] == ' '))   //иҜ»еҮәNдёӘеӯ—иҠӮ
  217   5                {
  218   6                  j = I2cGetDataLength();
  219   6                  if(j > EE_BUF_LENGTH)  j = EE_BUF_LENGTH; //и¶Ҡз•ҢжЈҖжөӢ
  220   6                  if(j > 0)
  221   6                  {
  222   7                    ReadNbyte(addr, j);
  223   7                    printf("иҜ»еҮә%dдёӘеӯ—иҠӮеҶ…е®№еҰӮдёӢпјҡ\r\n",j);
  224   7                    for(i=0; i<j; i++)    printf("%c", I2cRxBuffer[i]);
  225   7                    printf("\r\n");
  226   7      
  227   7                    status = 0; //е‘Ҫд»ӨжӯЈзЎ®
  228   7                  }
  229   6                }
  230   5              }
  231   4            }
  232   3            if(status != 0) printf("е‘Ҫд»Өй”ҷиҜҜпјҒ\r\n");
  233   3            COM2.RX_Cnt = 0;
  234   3          }
  235   2        }
  236   1      }
  237          
  238          void WriteNbyte(u8 addr, u8 number)  /*  WordAddress,First Data Address,Byte lenth   */
  239          {
  240   1        while(Get_MSBusy_Status());    //жЈҖжҹҘI2CжҺ§еҲ¶еҷЁеҝҷзўҢзҠ¶жҖҒ
  241   1      
  242   1        DmaI2CTFlag = 1;
  243   1        I2cTxBuffer[0] = SLAW;
  244   1        I2cTxBuffer[1] = addr;
  245   1      
  246   1        I2C_MSCMD(0x89);      //иө·е§Ӣе‘Ҫд»Ө+еҸ‘йҖҒж•°жҚ®+жҺҘж”¶ACK
C251 COMPILER V5.60.0,  APP_DMA_I2C                                                        27/04/26  00:55:20  PAGE 5   

  247   1        I2C_DMA_Enable();
  248   1        SET_I2CT_DMA_LEN(number+1); //и®ҫзҪ®дј иҫ“жҖ»еӯ—иҠӮж•°пјҡn+1
  249   1        SET_I2C_DMA_ST(number+1);   //и®ҫзҪ®йңҖиҰҒдј иҫ“еӯ—иҠӮж•°пјҡn+1
  250   1        DMA_I2CT_TRIG();
  251   1      
  252   1        while(DmaI2CTFlag);         //DMAеҝҷжЈҖжөӢ
  253   1        I2C_DMA_Disable();
  254   1      }
  255          
  256          void ReadNbyte(u8 addr, u8 number)   /*  WordAddress,First Data Address,Byte lenth   */
  257          {
  258   1        while(Get_MSBusy_Status());    //жЈҖжҹҘI2CжҺ§еҲ¶еҷЁеҝҷзўҢзҠ¶жҖҒ
  259   1        I2C_DMA_Disable();
  260   1      
  261   1        //еҸ‘йҖҒиө·е§ӢдҝЎеҸ·+и®ҫеӨҮең°еқҖ+еҶҷдҝЎеҸ·
  262   1        SendCmdData(0x09,SLAW);
  263   1      
  264   1        //еҸ‘йҖҒеӯҳеӮЁеҷЁең°еқҖ
  265   1        SendCmdData(0x0a,addr);
  266   1          
  267   1        //еҸ‘йҖҒиө·е§ӢдҝЎеҸ·+и®ҫеӨҮең°еқҖ+иҜ»дҝЎеҸ·
  268   1        SendCmdData(0x09,SLAR);
  269   1      
  270   1        DmaI2CRFlag = 1;
  271   1      
  272   1        I2C_MSCMD(0x8b);      //иө·е§Ӣе‘Ҫд»Ө+еҸ‘йҖҒж•°жҚ®+жҺҘж”¶ACK
  273   1        I2C_DMA_Enable();
  274   1        SET_I2CR_DMA_LEN(number-1); //и®ҫзҪ®дј иҫ“жҖ»еӯ—иҠӮж•°пјҡn+1
  275   1        SET_I2C_DMA_ST(number-1);   //и®ҫзҪ®йңҖиҰҒдј иҫ“еӯ—иҠӮж•°пјҡn+1
  276   1        DMA_I2CR_TRIG();
  277   1      
  278   1        while(DmaI2CRFlag);         //DMAеҝҷжЈҖжөӢ
  279   1        I2C_DMA_Disable();
  280   1      }


Module Information          Static   Overlayable
------------------------------------------------
  code size            =      1082     ------
  ecode size           =    ------     ------
  data size            =    ------     ------
  idata size           =    ------     ------
  pdata size           =    ------     ------
  xdata size           =       512     ------
  xdata-const size     =    ------     ------
  edata size           =         1         25
  bit size             =    ------     ------
  ebit size            =    ------     ------
  bitaddressable size  =    ------     ------
  ebitaddressable size =    ------     ------
  far data size        =    ------     ------
  huge data size       =    ------     ------
  const size           =    ------     ------
  hconst size          =       250     ------
End of Module Information.


C251 COMPILATION COMPLETE.  0 WARNING(S),  0 ERROR(S)
