C251 COMPILER V5.60.0,  GPS                                                                27/04/26  00:55:24  PAGE 1   


C251 COMPILER V5.60.0, COMPILATION OF MODULE GPS
OBJECT MODULE PLACED IN .\list\GPS.obj
COMPILER INVOKED BY: C:\Keil_v5\C251\BIN\C251.EXE ..\Code_boweny\Device\GPS\GPS.c XSMALL INTR2 BROWSE INCDIR(..\Driver\i
                    -nc;..\User;..\App\inc;..\Code_boweny\Function\Log;..\Code_boweny\Function\Filter;..\Code_boweny\Device\QMC6309;..\Code_b
                    -oweny\Device\QMI8658;..\Code_boweny\Device\GPS;..\Code_boweny\Device\WIRELESS;..\Code_boweny\Device\MOTOR) DEBUG PRINT(.
                    -\list\GPS.lst) TABS(2) OBJECT(.\list\GPS.obj) 

stmt  level    source

    1          /**
    2           * @file    GPS.c
    3           * @brief   GPS NMEA0183 解析模块实现
    4           * @author  boweny
    5           * @date    2026-04-24
    6           * @version v1.0
    7           *
    8           * @details
    9           * - 基于 UART2 接收 NMEA0183 字节流，接入 Driver 层 RX2_Buffer
   10           * - 在模块内部实现二级 FIFO 与逐字符状态机解析
   11           * - 支持 GGA / RMC / GSA / GSV / VTG 五类语句
   12           * - 使用定点整数保存位置、速度、航向、海拔和 DOP 信息
   13           *
   14           * @hardware
   15           *   - UART2: RX=P1.0 / TX=P1.1
   16           *   - 波特率发生器: Timer2（UART2 固定占用）
   17           *   - 系统时钟: Fosc = 24MHz
   18           *
   19           * @note    本模块不修改 Driver 层 ISR，仅消费 RX2_Buffer 中的增量数据
   20           * @note    禁止浮点运算，所有计算使用整数完成
   21           *
   22           * @see     Code_boweny/Device/GPS/GPS.h
   23           */
   24          
   25          #include "GPS.h"
   26          #include "STC32G_GPIO.h"
   27          #include "STC32G_NVIC.h"
   28          #include "STC32G_Switch.h"
   29          #include "STC32G_UART.h"
   30          #include "..\..\Function\Log\Log.h"
   31          
   32          #define GPS_DISPATCH_IGNORE        0U
   33          #define GPS_DISPATCH_OK            1U
   34          #define GPS_DISPATCH_PARSE_ERROR   2U
   35          
   36          static GPS_State_t g_gps_state;
   37          
   38          static u8 g_gps_initialized = 0;
   39          static u8 g_gps_capture_active = 0;
   40          static u8 g_gps_sentence_len = 0;
   41          static u8 g_gps_uart_read_index = 0;
   42          
   43          static char g_gps_sentence_buf[GPS_SENTENCE_BUFFER_SIZE];
   44          static u8   g_gps_fifo[GPS_UART_FIFO_SIZE];
   45          static u16  g_gps_fifo_head = 0;
   46          static u16  g_gps_fifo_tail = 0;
   47          static u16  g_gps_fifo_count = 0;
   48          
   49          static void GPS_ClearState(void);
   50          static void GPS_ClearParser(void);
   51          static void GPS_ConfigUart2Pins(void);
   52          static void GPS_RawEchoByte(u8 dat);
   53          static u8   GPS_FifoPush(u8 dat);
   54          static u8   GPS_FifoPop(u8 *dat);
   55          static void GPS_DrainUart2Buffer(void);
   56          static void GPS_ParseByte(u8 dat);
C251 COMPILER V5.60.0,  GPS                                                                27/04/26  00:55:24  PAGE 2   

   57          static void GPS_ProcessSentence(char *sentence);
   58          static u8   GPS_SplitFields(char *payload, char **fields, u8 max_fields);
   59          static u8   GPS_DispatchSentence(char **fields, u8 field_count);
   60          static u8   GPS_ParseRMC(char **fields, u8 field_count);
   61          static u8   GPS_ParseGGA(char **fields, u8 field_count);
   62          static u8   GPS_ParseGSA(char **fields, u8 field_count);
   63          static u8   GPS_ParseGSV(char **fields, u8 field_count);
   64          static u8   GPS_ParseVTG(char **fields, u8 field_count);
   65          static void GPS_UpdateTalker(const char *sentence_id);
   66          static u8   GPS_ParseTalkerId(const char *sentence_id);
   67          static u8   GPS_FieldPresent(const char *text);
   68          static u8   GPS_HexToNibble(char ch, u8 *value);
   69          static u8   GPS_ParseHexByte(const char *text, u8 *value);
   70          static u8   GPS_ParseU32(const char *text, u32 *value);
   71          static u8   GPS_ParseU8(const char *text, u8 *value);
   72          static u8   GPS_ParseDecimalScaled(const char *text, u8 frac_digits, int32 *value);
   73          static u8   GPS_ParseUtc(const char *text, u8 *hour, u8 *minute, u8 *second, u16 *msec);
   74          static u8   GPS_ParseDate(const char *text, u8 *day, u8 *month, u8 *year);
   75          static u8   GPS_ParseCoordinate1e7(const char *text, char hemi, int32 *value);
   76          static u8   GPS_IsNewRmcTimestamp(u8 hour, u8 minute, u8 second, u16 msec,
   77                                            u8 day, u8 month, u8 year);
   78          static u32  GPS_KnotsX100ToKmhX100(u32 speed_knots_x100);
   79          static u16  GPS_ToU16NonNegative(int32 value);
   80          static u32  GPS_ToU32NonNegative(int32 value);
   81          
   82          static void GPS_ClearState(void)
   83          {
   84   1          u16 i;
   85   1          u8 *raw;
   86   1      
   87   1          raw = (u8 *)&g_gps_state;
   88   1          for (i = 0; i < (u16)sizeof(GPS_State_t); i++) {
   89   2              raw[i] = 0;
   90   2          }
   91   1      
   92   1          g_gps_state.talker[0] = '-';
   93   1          g_gps_state.talker[1] = '-';
   94   1          g_gps_state.talker[2] = 0;
   95   1          g_gps_state.rmc_status = 'V';
   96   1      }
   97          
   98          static void GPS_ClearParser(void)
   99          {
  100   1          u16 i;
  101   1      
  102   1          g_gps_capture_active = 0;
  103   1          g_gps_sentence_len = 0;
  104   1          g_gps_uart_read_index = 0;
  105   1          g_gps_fifo_head = 0;
  106   1          g_gps_fifo_tail = 0;
  107   1          g_gps_fifo_count = 0;
  108   1      
  109   1          for (i = 0; i < (u16)GPS_SENTENCE_BUFFER_SIZE; i++) {
  110   2              g_gps_sentence_buf[i] = 0;
  111   2          }
  112   1          for (i = 0; i < (u16)GPS_UART_FIFO_SIZE; i++) {
  113   2              g_gps_fifo[i] = 0;
  114   2          }
  115   1      }
  116          
  117          static void GPS_ConfigUart2Pins(void)
  118          {
  119   1          P1_MODE_IO_PU(GPIO_Pin_0 | GPIO_Pin_1);
  120   1          P1_PULL_UP_ENABLE(GPIO_Pin_0 | GPIO_Pin_1);
  121   1          UART2_SW(UART2_SW_P10_P11);
  122   1      }
C251 COMPILER V5.60.0,  GPS                                                                27/04/26  00:55:24  PAGE 3   

  123          
  124          static void GPS_RawEchoByte(u8 dat)
  125          {
  126   1      #if (GPS_RAW_ECHO_ENABLE != 0U)
                   TX1_write2buff(dat);
               #else
  129   1          dat = dat;
*** WARNING C138 IN LINE 129 OF ..\Code_boweny\Device\GPS\GPS.c: expression with possibly no effect
  130   1      #endif
  131   1      }
  132          
  133          static u8 GPS_FifoPush(u8 dat)
  134          {
  135   1          if (g_gps_fifo_count >= (u16)GPS_UART_FIFO_SIZE) {
  136   2              g_gps_state.fifo_overflow_count++;
  137   2              return 1;
  138   2          }
  139   1      
  140   1          g_gps_fifo[g_gps_fifo_head] = dat;
  141   1          g_gps_fifo_head++;
  142   1          if (g_gps_fifo_head >= (u16)GPS_UART_FIFO_SIZE) {
  143   2              g_gps_fifo_head = 0;
  144   2          }
  145   1          g_gps_fifo_count++;
  146   1          return 0;
  147   1      }
  148          
  149          static u8 GPS_FifoPop(u8 *dat)
  150          {
  151   1          if ((dat == 0) || (g_gps_fifo_count == 0)) {
  152   2              return 1;
  153   2          }
  154   1      
  155   1          *dat = g_gps_fifo[g_gps_fifo_tail];
  156   1          g_gps_fifo_tail++;
  157   1          if (g_gps_fifo_tail >= (u16)GPS_UART_FIFO_SIZE) {
  158   2              g_gps_fifo_tail = 0;
  159   2          }
  160   1          g_gps_fifo_count--;
  161   1          return 0;
  162   1      }
  163          
  164          static void GPS_DrainUart2Buffer(void)
  165          {
  166   1          u8 write_index;
  167   1      
  168   1          if (!g_gps_initialized) {
  169   2              return;
  170   2          }
  171   1      
  172   1          write_index = COM2.RX_Cnt;
  173   1          if (write_index == g_gps_uart_read_index) {
  174   2              return;
  175   2          }
  176   1      
  177   1          if (write_index < g_gps_uart_read_index) {
  178   2              while (g_gps_uart_read_index < COM_RX2_Lenth) {
  179   3                  GPS_RawEchoByte(RX2_Buffer[g_gps_uart_read_index]);
  180   3                  GPS_FifoPush(RX2_Buffer[g_gps_uart_read_index]);
  181   3                  g_gps_uart_read_index++;
  182   3              }
  183   2              g_gps_uart_read_index = 0;
  184   2              g_gps_state.uart_overflow_count++;
  185   2          }
  186   1      
  187   1          while (g_gps_uart_read_index != write_index) {
C251 COMPILER V5.60.0,  GPS                                                                27/04/26  00:55:24  PAGE 4   

  188   2              GPS_RawEchoByte(RX2_Buffer[g_gps_uart_read_index]);
  189   2              GPS_FifoPush(RX2_Buffer[g_gps_uart_read_index]);
  190   2              g_gps_uart_read_index++;
  191   2          }
  192   1      }
  193          
  194          static void GPS_ParseByte(u8 dat)
  195          {
  196   1          if (dat == '$') {
  197   2              g_gps_capture_active = 1;
  198   2              g_gps_sentence_len = 0;
  199   2              g_gps_sentence_buf[g_gps_sentence_len++] = '$';
  200   2              g_gps_sentence_buf[g_gps_sentence_len] = 0;
  201   2              return;
  202   2          }
  203   1      
  204   1          if (!g_gps_capture_active) {
  205   2              return;
  206   2          }
  207   1      
  208   1          if (g_gps_sentence_len >= (u8)(GPS_SENTENCE_BUFFER_SIZE - 1U)) {
  209   2              g_gps_capture_active = 0;
  210   2              g_gps_sentence_len = 0;
  211   2              g_gps_state.sentence_overflow_count++;
  212   2              return;
  213   2          }
  214   1      
  215   1          g_gps_sentence_buf[g_gps_sentence_len++] = (char)dat;
  216   1          g_gps_sentence_buf[g_gps_sentence_len] = 0;
  217   1      
  218   1          if (dat == '\n') {
  219   2              GPS_ProcessSentence(g_gps_sentence_buf);
  220   2              g_gps_capture_active = 0;
  221   2              g_gps_sentence_len = 0;
  222   2          }
  223   1      }
  224          
  225          static void GPS_ProcessSentence(char *sentence)
  226          {
  227   1          char *scan;
  228   1          char *star;
  229   1          char *payload;
  230   1          char *fields[GPS_MAX_FIELDS];
  231   1          u8 checksum_calc;
  232   1          u8 checksum_recv;
  233   1          u8 field_count;
  234   1          u8 result;
  235   1      
  236   1          if ((sentence == 0) || (sentence[0] != '$')) {
  237   2              return;
  238   2          }
  239   1      
  240   1          checksum_calc = 0;
  241   1          star = 0;
  242   1          scan = sentence + 1;
  243   1          while (*scan != 0) {
  244   2              if (*scan == '*') {
  245   3                  star = scan;
  246   3                  break;
  247   3              }
  248   2              if ((*scan == '\r') || (*scan == '\n')) {
  249   3                  g_gps_state.parse_error_count++;
  250   3                  return;
  251   3              }
  252   2              checksum_calc ^= (u8)(*scan);
  253   2              scan++;
C251 COMPILER V5.60.0,  GPS                                                                27/04/26  00:55:24  PAGE 5   

  254   2          }
  255   1      
  256   1          if ((star == 0) || (GPS_ParseHexByte(star + 1, &checksum_recv) == 0)) {
  257   2              g_gps_state.checksum_error_count++;
  258   2              return;
  259   2          }
  260   1          if (checksum_recv != checksum_calc) {
  261   2              g_gps_state.checksum_error_count++;
  262   2              return;
  263   2          }
  264   1      
  265   1          *star = 0;
  266   1          payload = sentence + 1;
  267   1          field_count = GPS_SplitFields(payload, fields, GPS_MAX_FIELDS);
  268   1          if ((field_count == 0) || (fields[0] == 0) ||
  269   1              (fields[0][0] == 0) || (fields[0][1] == 0) ||
  270   1              (fields[0][2] == 0) || (fields[0][3] == 0) ||
  271   1              (fields[0][4] == 0)) {
  272   2              g_gps_state.parse_error_count++;
  273   2              return;
  274   2          }
  275   1      
  276   1          result = GPS_DispatchSentence(fields, field_count);
  277   1          if (result == GPS_DISPATCH_OK) {
  278   2              g_gps_state.sentence_ok_count++;
  279   2          } else if (result == GPS_DISPATCH_PARSE_ERROR) {
  280   2              g_gps_state.parse_error_count++;
  281   2          }
  282   1      }
  283          
  284          static u8 GPS_SplitFields(char *payload, char **fields, u8 max_fields)
  285          {
  286   1          u8 count;
  287   1          char *scan;
  288   1      
  289   1          if ((payload == 0) || (fields == 0) || (max_fields == 0)) {
  290   2              return 0;
  291   2          }
  292   1      
  293   1          count = 0;
  294   1          fields[count++] = payload;
  295   1      
  296   1          scan = payload;
  297   1          while (*scan != 0) {
  298   2              if (*scan == ',') {
  299   3                  *scan = 0;
  300   3                  if (count < max_fields) {
  301   4                      fields[count++] = scan + 1;
  302   4                  }
  303   3              }
  304   2              scan++;
  305   2          }
  306   1      
  307   1          return count;
  308   1      }
  309          
  310          static u8 GPS_DispatchSentence(char **fields, u8 field_count)
  311          {
  312   1          char *type;
  313   1          u8 parse_ok;
  314   1      
  315   1          if ((fields == 0) || (field_count == 0) || (fields[0] == 0)) {
  316   2              return GPS_DISPATCH_PARSE_ERROR;
  317   2          }
  318   1      
  319   1          type = fields[0] + 2;
C251 COMPILER V5.60.0,  GPS                                                                27/04/26  00:55:24  PAGE 6   

  320   1      
  321   1          if ((type[0] == 'R') && (type[1] == 'M') && (type[2] == 'C') && (type[3] == 0)) {
  322   2              parse_ok = GPS_ParseRMC(fields, field_count);
  323   2              if (parse_ok) {
  324   3                  GPS_UpdateTalker(fields[0]);
  325   3                  return GPS_DISPATCH_OK;
  326   3              }
  327   2              return GPS_DISPATCH_PARSE_ERROR;
  328   2          }
  329   1          if ((type[0] == 'G') && (type[1] == 'G') && (type[2] == 'A') && (type[3] == 0)) {
  330   2              parse_ok = GPS_ParseGGA(fields, field_count);
  331   2              if (parse_ok) {
  332   3                  GPS_UpdateTalker(fields[0]);
  333   3                  return GPS_DISPATCH_OK;
  334   3              }
  335   2              return GPS_DISPATCH_PARSE_ERROR;
  336   2          }
  337   1          if ((type[0] == 'G') && (type[1] == 'S') && (type[2] == 'A') && (type[3] == 0)) {
  338   2              parse_ok = GPS_ParseGSA(fields, field_count);
  339   2              if (parse_ok) {
  340   3                  GPS_UpdateTalker(fields[0]);
  341   3                  return GPS_DISPATCH_OK;
  342   3              }
  343   2              return GPS_DISPATCH_PARSE_ERROR;
  344   2          }
  345   1          if ((type[0] == 'G') && (type[1] == 'S') && (type[2] == 'V') && (type[3] == 0)) {
  346   2              parse_ok = GPS_ParseGSV(fields, field_count);
  347   2              if (parse_ok) {
  348   3                  GPS_UpdateTalker(fields[0]);
  349   3                  return GPS_DISPATCH_OK;
  350   3              }
  351   2              return GPS_DISPATCH_PARSE_ERROR;
  352   2          }
  353   1          if ((type[0] == 'V') && (type[1] == 'T') && (type[2] == 'G') && (type[3] == 0)) {
  354   2              parse_ok = GPS_ParseVTG(fields, field_count);
  355   2              if (parse_ok) {
  356   3                  GPS_UpdateTalker(fields[0]);
  357   3                  return GPS_DISPATCH_OK;
  358   3              }
  359   2              return GPS_DISPATCH_PARSE_ERROR;
  360   2          }
  361   1      
  362   1          return GPS_DISPATCH_IGNORE;
  363   1      }
  364          
  365          static u8 GPS_ParseRMC(char **fields, u8 field_count)
  366          {
  367   1          u8 hour;
  368   1          u8 minute;
  369   1          u8 second;
  370   1          u16 msec;
  371   1          u8 day;
  372   1          u8 month;
  373   1          u8 year;
  374   1          int32 lat_deg1e7;
  375   1          int32 lon_deg1e7;
  376   1          int32 speed_knots_x100;
  377   1          int32 course_deg_x100;
  378   1          u8 fix_valid;
  379   1          u8 has_speed;
  380   1          u8 has_course;
  381   1          char hemi_ns;
  382   1          char hemi_ew;
  383   1          char status;
  384   1      
  385   1          if (field_count < 10U) {
C251 COMPILER V5.60.0,  GPS                                                                27/04/26  00:55:24  PAGE 7   

  386   2              return 0;
  387   2          }
  388   1          if ((!GPS_FieldPresent(fields[1])) ||
  389   1              (!GPS_FieldPresent(fields[2])) ||
  390   1              (!GPS_FieldPresent(fields[9]))) {
  391   2              return 0;
  392   2          }
  393   1          if ((GPS_ParseUtc(fields[1], &hour, &minute, &second, &msec) == 0) ||
  394   1              (GPS_ParseDate(fields[9], &day, &month, &year) == 0)) {
  395   2              return 0;
  396   2          }
  397   1      
  398   1          status = fields[2][0];
  399   1          if ((status != 'A') && (status != 'V')) {
  400   2              return 0;
  401   2          }
  402   1          fix_valid = (status == 'A') ? 1U : 0U;
  403   1      
  404   1          if (fix_valid) {
  405   2              if ((!GPS_FieldPresent(fields[3])) ||
  406   2                  (!GPS_FieldPresent(fields[4])) ||
  407   2                  (!GPS_FieldPresent(fields[5])) ||
  408   2                  (!GPS_FieldPresent(fields[6]))) {
  409   3                  return 0;
  410   3              }
  411   2      
  412   2              hemi_ns = fields[4][0];
  413   2              hemi_ew = fields[6][0];
  414   2              if ((GPS_ParseCoordinate1e7(fields[3], hemi_ns, &lat_deg1e7) == 0) ||
  415   2                  (GPS_ParseCoordinate1e7(fields[5], hemi_ew, &lon_deg1e7) == 0)) {
  416   3                  return 0;
  417   3              }
  418   2          }
  419   1      
  420   1          has_speed = 0U;
  421   1          if (GPS_FieldPresent(fields[7])) {
  422   2              if (GPS_ParseDecimalScaled(fields[7], 2U, &speed_knots_x100) == 0) {
  423   3                  return 0;
  424   3              }
  425   2              has_speed = 1U;
  426   2          }
  427   1      
  428   1          has_course = 0U;
  429   1          if (GPS_FieldPresent(fields[8])) {
  430   2              if (GPS_ParseDecimalScaled(fields[8], 2U, &course_deg_x100) == 0) {
  431   3                  return 0;
  432   3              }
  433   2              has_course = 1U;
  434   2          }
  435   1      
  436   1          if (GPS_IsNewRmcTimestamp(hour, minute, second, msec, day, month, year)) {
  437   2              g_gps_state.update_sequence++;
  438   2          }
  439   1      
  440   1          g_gps_state.rmc_status = (u8)status;
  441   1          g_gps_state.fix_valid = fix_valid;
  442   1          g_gps_state.utc_hour = hour;
  443   1          g_gps_state.utc_minute = minute;
  444   1          g_gps_state.utc_second = second;
  445   1          g_gps_state.utc_millisecond = msec;
  446   1          g_gps_state.date_day = day;
  447   1          g_gps_state.date_month = month;
  448   1          g_gps_state.date_year = year;
  449   1      
  450   1          if (fix_valid) {
  451   2              g_gps_state.lat_deg1e7 = lat_deg1e7;
C251 COMPILER V5.60.0,  GPS                                                                27/04/26  00:55:24  PAGE 8   

  452   2              g_gps_state.lon_deg1e7 = lon_deg1e7;
  453   2          }
  454   1      
  455   1          if (has_speed) {
  456   2              g_gps_state.speed_knots_x100 = GPS_ToU32NonNegative(speed_knots_x100);
  457   2              g_gps_state.speed_kmh_x100 = GPS_KnotsX100ToKmhX100(g_gps_state.speed_knots_x100);
  458   2          }
  459   1          if (has_course) {
  460   2              g_gps_state.course_deg_x100 = GPS_ToU16NonNegative(course_deg_x100);
  461   2          }
  462   1      
  463   1          return 1;
  464   1      }
  465          
  466          static u8 GPS_ParseGGA(char **fields, u8 field_count)
  467          {
  468   1          u8 quality;
  469   1          u8 satellites;
  470   1          int32 hdop_x100;
  471   1          int32 altitude_cm;
  472   1          u8 has_satellites;
  473   1          u8 has_hdop;
  474   1          u8 has_altitude;
  475   1      
  476   1          if (field_count < 10U) {
  477   2              return 0;
  478   2          }
  479   1          if (!GPS_FieldPresent(fields[6])) {
  480   2              return 0;
  481   2          }
  482   1          if (GPS_ParseU8(fields[6], &quality) == 0) {
  483   2              return 0;
  484   2          }
  485   1      
  486   1          has_satellites = 0U;
  487   1          if (GPS_FieldPresent(fields[7])) {
  488   2              if (GPS_ParseU8(fields[7], &satellites) == 0) {
  489   3                  return 0;
  490   3              }
  491   2              has_satellites = 1U;
  492   2          }
  493   1      
  494   1          has_hdop = 0U;
  495   1          if (GPS_FieldPresent(fields[8])) {
  496   2              if (GPS_ParseDecimalScaled(fields[8], 2U, &hdop_x100) == 0) {
  497   3                  return 0;
  498   3              }
  499   2              has_hdop = 1U;
  500   2          }
  501   1      
  502   1          has_altitude = 0U;
  503   1          if (GPS_FieldPresent(fields[9])) {
  504   2              if (GPS_ParseDecimalScaled(fields[9], 2U, &altitude_cm) == 0) {
  505   3                  return 0;
  506   3              }
  507   2              has_altitude = 1U;
  508   2          }
  509   1      
  510   1          g_gps_state.fix_quality = quality;
  511   1          if (quality == 0U) {
  512   2              g_gps_state.fix_valid = 0U;
  513   2          }
  514   1          if (has_satellites) {
  515   2              g_gps_state.satellites_used = satellites;
  516   2          }
  517   1          if (has_hdop) {
C251 COMPILER V5.60.0,  GPS                                                                27/04/26  00:55:24  PAGE 9   

  518   2              g_gps_state.hdop_x100 = GPS_ToU16NonNegative(hdop_x100);
  519   2          }
  520   1          if (has_altitude) {
  521   2              g_gps_state.altitude_cm = altitude_cm;
  522   2          }
  523   1      
  524   1          return 1;
  525   1      }
  526          
  527          static u8 GPS_ParseGSA(char **fields, u8 field_count)
  528          {
  529   1          u8 fix_mode;
  530   1          int32 pdop_x100;
  531   1          int32 hdop_x100;
  532   1          int32 vdop_x100;
  533   1          u8 has_pdop;
  534   1          u8 has_hdop;
  535   1          u8 has_vdop;
  536   1      
  537   1          if (field_count < 18U) {
  538   2              return 0;
  539   2          }
  540   1          if (!GPS_FieldPresent(fields[2])) {
  541   2              return 0;
  542   2          }
  543   1          if (GPS_ParseU8(fields[2], &fix_mode) == 0) {
  544   2              return 0;
  545   2          }
  546   1      
  547   1          has_pdop = 0U;
  548   1          if (GPS_FieldPresent(fields[15])) {
  549   2              if (GPS_ParseDecimalScaled(fields[15], 2U, &pdop_x100) == 0) {
  550   3                  return 0;
  551   3              }
  552   2              has_pdop = 1U;
  553   2          }
  554   1      
  555   1          has_hdop = 0U;
  556   1          if (GPS_FieldPresent(fields[16])) {
  557   2              if (GPS_ParseDecimalScaled(fields[16], 2U, &hdop_x100) == 0) {
  558   3                  return 0;
  559   3              }
  560   2              has_hdop = 1U;
  561   2          }
  562   1      
  563   1          has_vdop = 0U;
  564   1          if (GPS_FieldPresent(fields[17])) {
  565   2              if (GPS_ParseDecimalScaled(fields[17], 2U, &vdop_x100) == 0) {
  566   3                  return 0;
  567   3              }
  568   2              has_vdop = 1U;
  569   2          }
  570   1      
  571   1          g_gps_state.fix_mode = fix_mode;
  572   1          if (has_pdop) {
  573   2              g_gps_state.pdop_x100 = GPS_ToU16NonNegative(pdop_x100);
  574   2          }
  575   1          if (has_hdop) {
  576   2              g_gps_state.hdop_x100 = GPS_ToU16NonNegative(hdop_x100);
  577   2          }
  578   1          if (has_vdop) {
  579   2              g_gps_state.vdop_x100 = GPS_ToU16NonNegative(vdop_x100);
  580   2          }
  581   1      
  582   1          return 1;
  583   1      }
C251 COMPILER V5.60.0,  GPS                                                                27/04/26  00:55:24  PAGE 10  

  584          
  585          static u8 GPS_ParseGSV(char **fields, u8 field_count)
  586          {
  587   1          u8 sentence_index;
  588   1          u8 satellites_view;
  589   1          u8 max_snr;
  590   1          u8 snr;
  591   1          u8 field_index;
  592   1      
  593   1          if (field_count < 4U) {
  594   2              return 0;
  595   2          }
  596   1          if ((!GPS_FieldPresent(fields[2])) ||
  597   1              (!GPS_FieldPresent(fields[3]))) {
  598   2              return 0;
  599   2          }
  600   1          if ((GPS_ParseU8(fields[2], &sentence_index) == 0) ||
  601   1              (GPS_ParseU8(fields[3], &satellites_view) == 0) ||
  602   1              (sentence_index == 0U)) {
  603   2              return 0;
  604   2          }
  605   1      
  606   1          max_snr = g_gps_state.max_snr;
  607   1          if (sentence_index == 1U) {
  608   2              max_snr = 0U;
  609   2          }
  610   1      
  611   1          field_index = 7U;
  612   1          while (field_index < field_count) {
  613   2              if (GPS_FieldPresent(fields[field_index])) {
  614   3                  if (GPS_ParseU8(fields[field_index], &snr) == 0) {
  615   4                      return 0;
  616   4                  }
  617   3                  if (snr > max_snr) {
  618   4                      max_snr = snr;
  619   4                  }
  620   3              }
  621   2              field_index = (u8)(field_index + 4U);
  622   2          }
  623   1      
  624   1          g_gps_state.satellites_view = satellites_view;
  625   1          g_gps_state.max_snr = max_snr;
  626   1          return 1;
  627   1      }
  628          
  629          static u8 GPS_ParseVTG(char **fields, u8 field_count)
  630          {
  631   1          int32 course_deg_x100;
  632   1          int32 speed_knots_x100;
  633   1          int32 speed_kmh_x100;
  634   1          u8 has_course;
  635   1          u8 has_speed_knots;
  636   1          u8 has_speed_kmh;
  637   1      
  638   1          if (field_count < 8U) {
  639   2              return 0;
  640   2          }
  641   1      
  642   1          has_course = 0U;
  643   1          if (GPS_FieldPresent(fields[1])) {
  644   2              if (GPS_ParseDecimalScaled(fields[1], 2U, &course_deg_x100) == 0) {
  645   3                  return 0;
  646   3              }
  647   2              has_course = 1U;
  648   2          }
  649   1      
C251 COMPILER V5.60.0,  GPS                                                                27/04/26  00:55:24  PAGE 11  

  650   1          has_speed_knots = 0U;
  651   1          if (GPS_FieldPresent(fields[5])) {
  652   2              if (GPS_ParseDecimalScaled(fields[5], 2U, &speed_knots_x100) == 0) {
  653   3                  return 0;
  654   3              }
  655   2              has_speed_knots = 1U;
  656   2          }
  657   1      
  658   1          has_speed_kmh = 0U;
  659   1          if (GPS_FieldPresent(fields[7])) {
  660   2              if (GPS_ParseDecimalScaled(fields[7], 2U, &speed_kmh_x100) == 0) {
  661   3                  return 0;
  662   3              }
  663   2              has_speed_kmh = 1U;
  664   2          }
  665   1      
  666   1          if ((!has_course) && (!has_speed_knots) && (!has_speed_kmh)) {
  667   2              return 0;
  668   2          }
  669   1      
  670   1          if (has_course) {
  671   2              g_gps_state.course_deg_x100 = GPS_ToU16NonNegative(course_deg_x100);
  672   2          }
  673   1          if (has_speed_knots) {
  674   2              g_gps_state.speed_knots_x100 = GPS_ToU32NonNegative(speed_knots_x100);
  675   2              if (!has_speed_kmh) {
  676   3                  g_gps_state.speed_kmh_x100 = GPS_KnotsX100ToKmhX100(g_gps_state.speed_knots_x100);
  677   3              }
  678   2          }
  679   1          if (has_speed_kmh) {
  680   2              g_gps_state.speed_kmh_x100 = GPS_ToU32NonNegative(speed_kmh_x100);
  681   2          }
  682   1      
  683   1          return 1;
  684   1      }
  685          
  686          static void GPS_UpdateTalker(const char *sentence_id)
  687          {
  688   1          if ((sentence_id == 0) || (sentence_id[0] == 0) || (sentence_id[1] == 0)) {
  689   2              g_gps_state.talker[0] = '-';
  690   2              g_gps_state.talker[1] = '-';
  691   2              g_gps_state.talker[2] = 0;
  692   2              g_gps_state.talker_id = GPS_TALKER_UNKNOWN;
  693   2              return;
  694   2          }
  695   1      
  696   1          g_gps_state.talker[0] = sentence_id[0];
  697   1          g_gps_state.talker[1] = sentence_id[1];
  698   1          g_gps_state.talker[2] = 0;
  699   1          g_gps_state.talker_id = GPS_ParseTalkerId(sentence_id);
  700   1      }
  701          
  702          static u8 GPS_ParseTalkerId(const char *sentence_id)
  703          {
  704   1          if ((sentence_id[0] == 'G') && (sentence_id[1] == 'P')) {
  705   2              return GPS_TALKER_GP;
  706   2          }
  707   1          if ((sentence_id[0] == 'B') && (sentence_id[1] == 'D')) {
  708   2              return GPS_TALKER_BD;
  709   2          }
  710   1          if ((sentence_id[0] == 'G') && (sentence_id[1] == 'N')) {
  711   2              return GPS_TALKER_GN;
  712   2          }
  713   1          return GPS_TALKER_UNKNOWN;
  714   1      }
  715          
C251 COMPILER V5.60.0,  GPS                                                                27/04/26  00:55:24  PAGE 12  

  716          static u8 GPS_FieldPresent(const char *text)
  717          {
  718   1          return (u8)((text != 0) && (text[0] != 0));
  719   1      }
  720          
  721          static u8 GPS_HexToNibble(char ch, u8 *value)
  722          {
  723   1          if ((value == 0) || (ch == 0)) {
  724   2              return 0;
  725   2          }
  726   1      
  727   1          if ((ch >= '0') && (ch <= '9')) {
  728   2              *value = (u8)(ch - '0');
  729   2              return 1;
  730   2          }
  731   1          if ((ch >= 'A') && (ch <= 'F')) {
  732   2              *value = (u8)(ch - 'A' + 10);
  733   2              return 1;
  734   2          }
  735   1          if ((ch >= 'a') && (ch <= 'f')) {
  736   2              *value = (u8)(ch - 'a' + 10);
  737   2              return 1;
  738   2          }
  739   1          return 0;
  740   1      }
  741          
  742          static u8 GPS_ParseHexByte(const char *text, u8 *value)
  743          {
  744   1          u8 high;
  745   1          u8 low;
  746   1      
  747   1          if ((text == 0) || (value == 0)) {
  748   2              return 0;
  749   2          }
  750   1          if ((GPS_HexToNibble(text[0], &high) == 0) ||
  751   1              (GPS_HexToNibble(text[1], &low) == 0)) {
  752   2              return 0;
  753   2          }
  754   1      
  755   1          *value = (u8)((high << 4) | low);
  756   1          return 1;
  757   1      }
  758          
  759          static u8 GPS_ParseU32(const char *text, u32 *value)
  760          {
  761   1          u32 result;
  762   1          u8 digit_found;
  763   1          char ch;
  764   1      
  765   1          if ((text == 0) || (value == 0) || (text[0] == 0)) {
  766   2              return 0;
  767   2          }
  768   1      
  769   1          result = 0UL;
  770   1          digit_found = 0U;
  771   1          while (*text != 0) {
  772   2              ch = *text;
  773   2              if ((ch < '0') || (ch > '9')) {
  774   3                  return 0;
  775   3              }
  776   2              digit_found = 1U;
  777   2              if ((result > 429496729UL) ||
  778   2                  ((result == 429496729UL) && ((u8)(ch - '0') > 5U))) {
  779   3                  return 0;
  780   3              }
  781   2              result = result * 10UL + (u32)(ch - '0');
C251 COMPILER V5.60.0,  GPS                                                                27/04/26  00:55:24  PAGE 13  

  782   2              text++;
  783   2          }
  784   1      
  785   1          if (!digit_found) {
  786   2              return 0;
  787   2          }
  788   1      
  789   1          *value = result;
  790   1          return 1;
  791   1      }
  792          
  793          static u8 GPS_ParseU8(const char *text, u8 *value)
  794          {
  795   1          u32 temp;
  796   1      
  797   1          if ((GPS_ParseU32(text, &temp) == 0) || (temp > 255UL)) {
  798   2              return 0;
  799   2          }
  800   1      
  801   1          *value = (u8)temp;
  802   1          return 1;
  803   1      }
  804          
  805          static u8 GPS_ParseDecimalScaled(const char *text, u8 frac_digits, int32 *value)
  806          {
  807   1          u32 scale_base;
  808   1          u32 integer_part;
  809   1          u32 fractional_part;
  810   1          u32 combined_value;
  811   1          u8 digits_found;
  812   1          u8 dot_seen;
  813   1          u8 frac_count;
  814   1          u8 negative;
  815   1          u8 digit;
  816   1          char ch;
  817   1      
  818   1          if ((text == 0) || (value == 0) || (text[0] == 0)) {
  819   2              return 0;
  820   2          }
  821   1          if (frac_digits > 4U) {
  822   2              return 0;
  823   2          }
  824   1      
  825   1          scale_base = 1UL;
  826   1          while (frac_digits > 0U) {
  827   2              scale_base *= 10UL;
  828   2              frac_digits--;
  829   2          }
  830   1      
  831   1          integer_part = 0UL;
  832   1          fractional_part = 0UL;
  833   1          digits_found = 0U;
  834   1          dot_seen = 0U;
  835   1          frac_count = 0U;
  836   1          negative = 0U;
  837   1      
  838   1          if (*text == '-') {
  839   2              negative = 1U;
  840   2              text++;
  841   2          } else if (*text == '+') {
  842   2              text++;
  843   2          }
  844   1      
  845   1          while (*text != 0) {
  846   2              ch = *text;
  847   2              if ((ch >= '0') && (ch <= '9')) {
C251 COMPILER V5.60.0,  GPS                                                                27/04/26  00:55:24  PAGE 14  

  848   3                  digits_found = 1U;
  849   3                  digit = (u8)(ch - '0');
  850   3                  if (!dot_seen) {
  851   4                      if ((integer_part > 429496729UL) ||
  852   4                          ((integer_part == 429496729UL) && (digit > 5U))) {
  853   5                          return 0;
  854   5                      }
  855   4                      integer_part = integer_part * 10UL + (u32)digit;
  856   4                  } else {
  857   4                      if (frac_count < 4U) {
  858   5                          fractional_part = fractional_part * 10UL + (u32)digit;
  859   5                          frac_count++;
  860   5                      }
  861   4                  }
  862   3              } else if ((ch == '.') && (!dot_seen)) {
  863   3                  dot_seen = 1U;
  864   3              } else {
  865   3                  return 0;
  866   3              }
  867   2              text++;
  868   2          }
  869   1      
  870   1          if (!digits_found) {
  871   2              return 0;
  872   2          }
  873   1      
  874   1          while (frac_count < 4U) {
  875   2              fractional_part *= 10UL;
  876   2              frac_count++;
  877   2          }
  878   1      
  879   1          if (scale_base == 1UL) {
  880   2              fractional_part = 0UL;
  881   2          } else if (scale_base == 10UL) {
  882   2              fractional_part = (fractional_part + 500UL) / 1000UL;
  883   2          } else if (scale_base == 100UL) {
  884   2              fractional_part = (fractional_part + 50UL) / 100UL;
  885   2          } else if (scale_base == 1000UL) {
  886   2              fractional_part = (fractional_part + 5UL) / 10UL;
  887   2          }
  888   1      
  889   1          if (fractional_part >= scale_base) {
  890   2              integer_part++;
  891   2              fractional_part -= scale_base;
  892   2          }
  893   1      
  894   1          if (integer_part > (2147483647UL / scale_base)) {
  895   2              return 0;
  896   2          }
  897   1          combined_value = integer_part * scale_base + fractional_part;
  898   1          if (combined_value > 2147483647UL) {
  899   2              return 0;
  900   2          }
  901   1      
  902   1          if (negative) {
  903   2              *value = -((int32)combined_value);
  904   2          } else {
  905   2              *value = (int32)combined_value;
  906   2          }
  907   1      
  908   1          return 1;
  909   1      }
  910          
  911          static u8 GPS_ParseUtc(const char *text, u8 *hour, u8 *minute, u8 *second, u16 *msec)
  912          {
  913   1          u32 whole_part;
C251 COMPILER V5.60.0,  GPS                                                                27/04/26  00:55:24  PAGE 15  

  914   1          u32 frac_part;
  915   1          char frac_buf[5];
  916   1          u8 frac_len;
  917   1          const char *dot;
  918   1      
  919   1          if ((text == 0) || (hour == 0) || (minute == 0) || (second == 0) || (msec == 0)) {
  920   2              return 0;
  921   2          }
  922   1          if ((text[0] == 0) || (text[1] == 0) || (text[2] == 0) ||
  923   1              (text[3] == 0) || (text[4] == 0) || (text[5] == 0)) {
  924   2              return 0;
  925   2          }
  926   1      
  927   1          dot = text;
  928   1          while ((*dot != 0) && (*dot != '.')) {
  929   2              dot++;
  930   2          }
  931   1      
  932   1          {
  933   2              char whole_buf[7];
  934   2              whole_buf[0] = text[0];
  935   2              whole_buf[1] = text[1];
  936   2              whole_buf[2] = text[2];
  937   2              whole_buf[3] = text[3];
  938   2              whole_buf[4] = text[4];
  939   2              whole_buf[5] = text[5];
  940   2              whole_buf[6] = 0;
  941   2              if (GPS_ParseU32(whole_buf, &whole_part) == 0) {
  942   3                  return 0;
  943   3              }
  944   2          }
  945   1      
  946   1          *hour = (u8)(whole_part / 10000UL);
  947   1          *minute = (u8)((whole_part / 100UL) % 100UL);
  948   1          *second = (u8)(whole_part % 100UL);
  949   1      
  950   1          if ((*hour > 23U) || (*minute > 59U) || (*second > 59U)) {
  951   2              return 0;
  952   2          }
  953   1      
  954   1          frac_part = 0UL;
  955   1          frac_len = 0U;
  956   1          if (*dot == '.') {
  957   2              dot++;
  958   2              while (*dot != 0) {
  959   3                  if ((*dot < '0') || (*dot > '9')) {
  960   4                      return 0;
  961   4                  }
  962   3                  if (frac_len < 3U) {
  963   4                      frac_buf[frac_len++] = *dot;
  964   4                  }
  965   3                  dot++;
  966   3              }
  967   2          }
  968   1          while (frac_len < 3U) {
  969   2              frac_buf[frac_len++] = '0';
  970   2          }
  971   1          frac_buf[3] = 0;
  972   1          if (GPS_ParseU32(frac_buf, &frac_part) == 0) {
  973   2              return 0;
  974   2          }
  975   1      
  976   1          *msec = (u16)frac_part;
  977   1          return 1;
  978   1      }
  979          
C251 COMPILER V5.60.0,  GPS                                                                27/04/26  00:55:24  PAGE 16  

  980          static u8 GPS_ParseDate(const char *text, u8 *day, u8 *month, u8 *year)
  981          {
  982   1          char buf[3];
  983   1      
  984   1          if ((text == 0) || (day == 0) || (month == 0) || (year == 0)) {
  985   2              return 0;
  986   2          }
  987   1          if ((text[0] == 0) || (text[1] == 0) || (text[2] == 0) ||
  988   1              (text[3] == 0) || (text[4] == 0) || (text[5] == 0)) {
  989   2              return 0;
  990   2          }
  991   1      
  992   1          buf[2] = 0;
  993   1          buf[0] = text[0];
  994   1          buf[1] = text[1];
  995   1          if (GPS_ParseU8(buf, day) == 0) {
  996   2              return 0;
  997   2          }
  998   1          buf[0] = text[2];
  999   1          buf[1] = text[3];
 1000   1          if (GPS_ParseU8(buf, month) == 0) {
 1001   2              return 0;
 1002   2          }
 1003   1          buf[0] = text[4];
 1004   1          buf[1] = text[5];
 1005   1          if (GPS_ParseU8(buf, year) == 0) {
 1006   2              return 0;
 1007   2          }
 1008   1      
 1009   1          if ((*day == 0U) || (*day > 31U) || (*month == 0U) || (*month > 12U)) {
 1010   2              return 0;
 1011   2          }
 1012   1          return 1;
 1013   1      }
 1014          
 1015          static u8 GPS_ParseCoordinate1e7(const char *text, char hemi, int32 *value)
 1016          {
 1017   1          u32 whole_part;
 1018   1          u32 frac_part;
 1019   1          u32 minutes_scaled1e4;
 1020   1          u32 degrees;
 1021   1          u32 deg1e7;
 1022   1          const char *dot;
 1023   1          char whole_buf[12];
 1024   1          char frac_buf[5];
 1025   1          u8 expected_whole_len;
 1026   1          u8 whole_len;
 1027   1          u8 frac_len;
 1028   1      
 1029   1          if ((text == 0) || (value == 0) || (text[0] == 0)) {
 1030   2              return 0;
 1031   2          }
 1032   1          if ((hemi != 'N') && (hemi != 'S') && (hemi != 'E') && (hemi != 'W')) {
 1033   2              return 0;
 1034   2          }
 1035   1      
 1036   1          dot = text;
 1037   1          while ((*dot != 0) && (*dot != '.')) {
 1038   2              dot++;
 1039   2          }
 1040   1      
 1041   1          expected_whole_len = (((hemi == 'N') || (hemi == 'S')) ? 4U : 5U);
 1042   1          whole_len = (u8)(dot - text);
 1043   1          if ((whole_len != expected_whole_len) || (whole_len >= (u8)sizeof(whole_buf))) {
 1044   2              return 0;
 1045   2          }
C251 COMPILER V5.60.0,  GPS                                                                27/04/26  00:55:24  PAGE 17  

 1046   1          {
 1047   2              u8 i;
 1048   2              for (i = 0; i < whole_len; i++) {
 1049   3                  whole_buf[i] = text[i];
 1050   3              }
 1051   2              whole_buf[whole_len] = 0;
 1052   2          }
 1053   1          if (GPS_ParseU32(whole_buf, &whole_part) == 0) {
 1054   2              return 0;
 1055   2          }
 1056   1      
 1057   1          frac_len = 0U;
 1058   1          if (*dot == '.') {
 1059   2              dot++;
 1060   2              while (*dot != 0) {
 1061   3                  if ((*dot < '0') || (*dot > '9')) {
 1062   4                      return 0;
 1063   4                  }
 1064   3                  if (frac_len < 4U) {
 1065   4                      frac_buf[frac_len++] = *dot;
 1066   4                  }
 1067   3                  dot++;
 1068   3              }
 1069   2          }
 1070   1          while (frac_len < 4U) {
 1071   2              frac_buf[frac_len++] = '0';
 1072   2          }
 1073   1          frac_buf[4] = 0;
 1074   1          if (GPS_ParseU32(frac_buf, &frac_part) == 0) {
 1075   2              return 0;
 1076   2          }
 1077   1      
 1078   1          degrees = whole_part / 100UL;
 1079   1          minutes_scaled1e4 = (whole_part % 100UL) * 10000UL + frac_part;
 1080   1          if (minutes_scaled1e4 >= 600000UL) {
 1081   2              return 0;
 1082   2          }
 1083   1          if (((hemi == 'N') || (hemi == 'S')) &&
 1084   1              ((degrees > 90UL) || ((degrees == 90UL) && (minutes_scaled1e4 != 0UL)))) {
 1085   2              return 0;
 1086   2          }
 1087   1          if (((hemi == 'E') || (hemi == 'W')) &&
 1088   1              ((degrees > 180UL) || ((degrees == 180UL) && (minutes_scaled1e4 != 0UL)))) {
 1089   2              return 0;
 1090   2          }
 1091   1          deg1e7 = degrees * 10000000UL + (minutes_scaled1e4 * 1000UL + 3UL) / 6UL;
 1092   1      
 1093   1          if ((hemi == 'S') || (hemi == 'W')) {
 1094   2              *value = -((int32)deg1e7);
 1095   2          } else {
 1096   2              *value = (int32)deg1e7;
 1097   2          }
 1098   1          return 1;
 1099   1      }
 1100          
 1101          static u8 GPS_IsNewRmcTimestamp(u8 hour, u8 minute, u8 second, u16 msec,
 1102                                          u8 day, u8 month, u8 year)
 1103          {
 1104   1          if ((g_gps_state.utc_hour != hour) ||
 1105   1              (g_gps_state.utc_minute != minute) ||
 1106   1              (g_gps_state.utc_second != second) ||
 1107   1              (g_gps_state.utc_millisecond != msec) ||
 1108   1              (g_gps_state.date_day != day) ||
 1109   1              (g_gps_state.date_month != month) ||
 1110   1              (g_gps_state.date_year != year)) {
 1111   2              return 1;
C251 COMPILER V5.60.0,  GPS                                                                27/04/26  00:55:24  PAGE 18  

 1112   2          }
 1113   1          return 0;
 1114   1      }
 1115          
 1116          static u32 GPS_KnotsX100ToKmhX100(u32 speed_knots_x100)
 1117          {
 1118   1          if (speed_knots_x100 > ((0xFFFFFFFFUL - 500UL) / 1852UL)) {
 1119   2              return 0xFFFFFFFFUL;
 1120   2          }
 1121   1          return (speed_knots_x100 * 1852UL + 500UL) / 1000UL;
 1122   1      }
 1123          
 1124          static u16 GPS_ToU16NonNegative(int32 value)
 1125          {
 1126   1          if (value <= 0) {
 1127   2              return 0U;
 1128   2          }
 1129   1          if (value > 65535L) {
 1130   2              return 65535U;
 1131   2          }
 1132   1          return (u16)value;
 1133   1      }
 1134          
 1135          static u32 GPS_ToU32NonNegative(int32 value)
 1136          {
 1137   1          if (value <= 0L) {
 1138   2              return 0UL;
 1139   2          }
 1140   1          return (u32)value;
 1141   1      }
 1142          
 1143          s8 GPS_Init(void)
 1144          {
 1145   1          COMx_InitDefine uart_init;
 1146   1      
 1147   1          GPS_ClearState();
 1148   1          GPS_ClearParser();
 1149   1          GPS_ConfigUart2Pins();
 1150   1      
 1151   1          uart_init.UART_Mode = UART_8bit_BRTx;
 1152   1          uart_init.UART_BRT_Use = BRT_Timer2;
 1153   1          uart_init.UART_BaudRate = GPS_BAUDRATE;
 1154   1          uart_init.Morecommunicate = DISABLE;
 1155   1          uart_init.UART_RxEnable = ENABLE;
 1156   1          uart_init.BaudRateDouble = DISABLE;
 1157   1      
 1158   1          if (UART_Configuration(UART2, &uart_init) != SUCCESS) {
 1159   2              LOGE("GPS", "UART2 init fail baud=%lu", GPS_BAUDRATE);
 1160   2              return FAIL;
 1161   2          }
 1162   1          if (NVIC_UART2_Init(ENABLE, Priority_1) != SUCCESS) {
 1163   2              LOGE("GPS", "UART2 NVIC init fail");
 1164   2              return FAIL;
 1165   2          }
 1166   1      
 1167   1          g_gps_initialized = 1;
 1168   1          LOGI("GPS", "init uart=2 route=P1.0/P1.1 baud=%lu", GPS_BAUDRATE);
 1169   1      #if (GPS_RAW_ECHO_ENABLE != 0U)
                   LOGW("GPS", "raw echo uart2->uart1 enabled for baud test");
               #endif
 1172   1          return SUCCESS;
 1173   1      }
 1174          
 1175          void GPS_Reset(void)
 1176          {
 1177   1          GPS_ClearState();
C251 COMPILER V5.60.0,  GPS                                                                27/04/26  00:55:24  PAGE 19  

 1178   1          GPS_ClearParser();
 1179   1          if (g_gps_initialized) {
 1180   2              g_gps_uart_read_index = COM2.RX_Cnt;
 1181   2          }
 1182   1      }
 1183          
 1184          void GPS_Poll(void)
 1185          {
 1186   1          u8 dat;
 1187   1      
 1188   1          if (!g_gps_initialized) {
 1189   2              return;
 1190   2          }
 1191   1      
 1192   1          GPS_DrainUart2Buffer();
 1193   1          while (GPS_FifoPop(&dat) == 0) {
 1194   2              GPS_ParseByte(dat);
 1195   2          }
 1196   1      }
 1197          
 1198          const GPS_State_t *GPS_GetState(void)
 1199          {
 1200   1          return &g_gps_state;
 1201   1      }


Module Information          Static   Overlayable
------------------------------------------------
  code size            =      5012     ------
  ecode size           =    ------     ------
  data size            =    ------     ------
  idata size           =    ------     ------
  pdata size           =    ------     ------
  xdata size           =    ------     ------
  xdata-const size     =    ------     ------
  edata size           =       425        290
  bit size             =    ------     ------
  ebit size            =    ------     ------
  bitaddressable size  =    ------     ------
  ebitaddressable size =    ------     ------
  far data size        =    ------     ------
  huge data size       =    ------     ------
  const size           =    ------     ------
  hconst size          =       125     ------
End of Module Information.


C251 COMPILATION COMPLETE.  1 WARNING(S),  0 ERROR(S)
