C251 COMPILER V5.60.0,  lt8920                                                             27/04/26  00:55:24  PAGE 1   


C251 COMPILER V5.60.0, COMPILATION OF MODULE lt8920
OBJECT MODULE PLACED IN .\list\lt8920.obj
COMPILER INVOKED BY: C:\Keil_v5\C251\BIN\C251.EXE ..\Code_boweny\Device\WIRELESS\lt8920.c XSMALL INTR2 BROWSE INCDIR(..\
                    -Driver\inc;..\User;..\App\inc;..\Code_boweny\Function\Log;..\Code_boweny\Function\Filter;..\Code_boweny\Device\QMC6309;.
                    -.\Code_boweny\Device\QMI8658;..\Code_boweny\Device\GPS;..\Code_boweny\Device\WIRELESS;..\Code_boweny\Device\MOTOR) DEBUG
                    - PRINT(.\list\lt8920.lst) TABS(2) OBJECT(.\list\lt8920.obj) 

stmt  level    source

    1          #include "lt8920.h"
    2          
    3          #include "wireless.h"
    4          #include "wireless_port.h"
    5          
    6          typedef struct
    7          {
    8              u8 reg;
    9              u16 value;
   10          } LT8920_RegInit_t;
   11          
   12          static const LT8920_RegInit_t g_lt8920_default_regs[] =
   13          {
   14              {0U,  0x6FE0U},
   15              {1U,  0x5681U},
   16              {2U,  0x6617U},
   17              {4U,  0x9CC9U},
   18              {5U,  0x6637U},
   19              {8U,  0x6C90U},
   20              {9U,  0x1840U},
   21              {10U, 0x7FFDU},
   22              {11U, 0x0008U},
   23              {12U, 0x0000U},
   24              {13U, 0x48BDU},
   25              {22U, 0x00FFU},
   26              {23U, 0x8005U},
   27              {24U, 0x0067U},
   28              {25U, 0x1659U},
   29              {26U, 0x19E0U},
   30              {27U, 0x1300U},
   31              {28U, 0x1800U},
   32              {32U, 0x4800U},
   33              {33U, 0x3FC7U},
   34              {34U, 0x2000U},
   35              {35U, 0x0300U},
   36              {36U, 0x0000U},
   37              {37U, 0x0000U},
   38              {38U, 0x0000U},
   39              {39U, 0x0000U},
   40              {40U, 0x2102U},
   41              {41U, 0xB000U},
   42              {42U, 0xFDB0U},
   43              {43U, 0x000FU},
   44              {44U, 0x1000U},
   45              {45U, 0x0552U}
   46          };
   47          
   48          static u8 g_lt8920_initialized = 0U;
   49          static u8 g_lt8920_channel = LT8920_DEFAULT_CHANNEL;
   50          static u32 g_lt8920_sync_word = LT8920_DEFAULT_SYNC_WORD;
   51          
   52          static u8 LT8920_BuildCommand(u8 reg, u8 read)
   53          {
   54   1          return (u8)((read ? 0x80U : 0x00U) | (reg & 0x7FU));
   55   1      }
   56          
C251 COMPILER V5.60.0,  lt8920                                                             27/04/26  00:55:24  PAGE 2   

   57          static s8 LT8920_WriteReg(u8 reg, u16 value)
   58          {
   59   1          WirelessPort_SetCs(0U);
   60   1          (void)WirelessPort_SpiTransfer(LT8920_BuildCommand(reg, 0U));
   61   1          (void)WirelessPort_SpiTransfer((u8)(value >> 8));
   62   1          (void)WirelessPort_SpiTransfer((u8)(value & 0x00FFU));
   63   1          WirelessPort_SetCs(1U);
   64   1          return SUCCESS;
   65   1      }
   66          
   67          static s8 LT8920_WriteFifoByte(u8 value)
   68          {
   69   1          WirelessPort_SetCs(0U);
   70   1          (void)WirelessPort_SpiTransfer(LT8920_BuildCommand(50U, 0U));
   71   1          (void)WirelessPort_SpiTransfer(value);
   72   1          WirelessPort_SetCs(1U);
   73   1          return SUCCESS;
   74   1      }
   75          
   76          static s8 LT8920_ReadFifoByte(u8 *value)
   77          {
   78   1          if (value == 0) {
   79   2              return WIRELESS_ERR_PARAM;
   80   2          }
   81   1      
   82   1          WirelessPort_SetCs(0U);
   83   1          (void)WirelessPort_SpiTransfer(LT8920_BuildCommand(50U, 1U));
   84   1          *value = WirelessPort_SpiTransfer(0x00U);
   85   1          WirelessPort_SetCs(1U);
   86   1          return SUCCESS;
   87   1      }
   88          
   89          static s8 LT8920_ReadFifoCount(u8 *count)
   90          {
   91   1          u16 reg52;
   92   1          s8 rc;
   93   1      
   94   1          if (count == 0) {
   95   2              return WIRELESS_ERR_PARAM;
   96   2          }
   97   1      
   98   1          rc = LT8920_ReadReg(52U, &reg52);
   99   1          if (rc != SUCCESS) {
  100   2              return rc;
  101   2          }
  102   1      
  103   1          *count = (u8)(reg52 & 0x003FU);
  104   1          return SUCCESS;
  105   1      }
  106          
  107          static s8 LT8920_UpdateModeRegister(u16 mode_flags)
  108          {
  109   1          return LT8920_WriteReg(7U, (u16)(mode_flags | (u16)(g_lt8920_channel & 0x7FU)));
  110   1      }
  111          
  112          static void LT8920_DrainRxBytes(u8 count)
  113          {
  114   1          u8 dummy;
  115   1      
  116   1          while (count > 0U) {
  117   2              (void)LT8920_ReadFifoByte(&dummy);
  118   2              count--;
  119   2          }
  120   1      }
  121          
  122          static s8 LT8920_LoadDefaultProfile(void)
C251 COMPILER V5.60.0,  lt8920                                                             27/04/26  00:55:24  PAGE 3   

  123          {
  124   1          u8 i;
  125   1          s8 rc;
  126   1      
  127   1          for (i = 0U; i < (u8)(sizeof(g_lt8920_default_regs) / sizeof(g_lt8920_default_regs[0])); i++) {
  128   2              rc = LT8920_WriteReg(g_lt8920_default_regs[i].reg, g_lt8920_default_regs[i].value);
  129   2              if (rc != SUCCESS) {
  130   3                  return rc;
  131   3              }
  132   2          }
  133   1      
  134   1          return SUCCESS;
  135   1      }
  136          
  137          s8 LT8920_ReadReg(u8 reg, u16 *value)
  138          {
  139   1          u8 msb;
  140   1          u8 lsb;
  141   1      
  142   1          if (value == 0) {
  143   2              return WIRELESS_ERR_PARAM;
  144   2          }
  145   1      
  146   1          WirelessPort_SetCs(0U);
  147   1          (void)WirelessPort_SpiTransfer(LT8920_BuildCommand(reg, 1U));
  148   1          msb = WirelessPort_SpiTransfer(0x00U);
  149   1          lsb = WirelessPort_SpiTransfer(0x00U);
  150   1          WirelessPort_SetCs(1U);
  151   1      
  152   1          *value = (u16)(((u16)msb << 8) | lsb);
  153   1          return SUCCESS;
  154   1      }
  155          
  156          s8 LT8920_Init(u8 channel, u32 sync_word)
  157          {
  158   1          u16 verify_reg;
  159   1          s8 rc;
  160   1      
  161   1          if (channel > 0x7FU) {
  162   2              return WIRELESS_ERR_PARAM;
  163   2          }
  164   1      
  165   1          rc = LT8920_LoadDefaultProfile();
  166   1          if (rc != SUCCESS) {
  167   2              return rc;
  168   2          }
  169   1      
  170   1          g_lt8920_channel = channel;
  171   1          g_lt8920_sync_word = sync_word;
  172   1      
  173   1          rc = LT8920_SetSyncWord(sync_word);
  174   1          if (rc != SUCCESS) {
  175   2              return rc;
  176   2          }
  177   1      
  178   1          rc = LT8920_SetChannel(channel);
  179   1          if (rc != SUCCESS) {
  180   2              return rc;
  181   2          }
  182   1      
  183   1          rc = LT8920_ClearTxFifo();
  184   1          if (rc != SUCCESS) {
  185   2              return rc;
  186   2          }
  187   1      
  188   1          rc = LT8920_ClearRxFifo();
C251 COMPILER V5.60.0,  lt8920                                                             27/04/26  00:55:24  PAGE 4   

  189   1          if (rc != SUCCESS) {
  190   2              return rc;
  191   2          }
  192   1      
  193   1          rc = LT8920_EnterIdle();
  194   1          if (rc != SUCCESS) {
  195   2              return rc;
  196   2          }
  197   1      
  198   1          rc = LT8920_ReadReg(11U, &verify_reg);
  199   1          if ((rc != SUCCESS) || (verify_reg != 0x0008U)) {
  200   2              return WIRELESS_ERR_VERIFY;
  201   2          }
  202   1      
  203   1          rc = LT8920_ReadReg(41U, &verify_reg);
  204   1          if ((rc != SUCCESS) || (verify_reg != 0xB000U)) {
  205   2              return WIRELESS_ERR_VERIFY;
  206   2          }
  207   1      
  208   1          g_lt8920_initialized = 1U;
  209   1          return SUCCESS;
  210   1      }
  211          
  212          s8 LT8920_SetChannel(u8 channel)
  213          {
  214   1          g_lt8920_channel = (u8)(channel & 0x7FU);
  215   1          return LT8920_EnterIdle();
  216   1      }
  217          
  218          s8 LT8920_SetSyncWord(u32 sync_word)
  219          {
  220   1          s8 rc;
  221   1      
  222   1          g_lt8920_sync_word = sync_word;
  223   1      
  224   1          rc = LT8920_WriteReg(36U, (u16)(sync_word & 0xFFFFUL));
  225   1          if (rc != SUCCESS) {
  226   2              return rc;
  227   2          }
  228   1          rc = LT8920_WriteReg(37U, 0x0000U);
  229   1          if (rc != SUCCESS) {
  230   2              return rc;
  231   2          }
  232   1          rc = LT8920_WriteReg(38U, 0x0000U);
  233   1          if (rc != SUCCESS) {
  234   2              return rc;
  235   2          }
  236   1          return LT8920_WriteReg(39U, (u16)(sync_word >> 16));
  237   1      }
  238          
  239          s8 LT8920_EnterIdle(void)
  240          {
  241   1          return LT8920_UpdateModeRegister(0x0000U);
  242   1      }
  243          
  244          s8 LT8920_EnterRx(void)
  245          {
  246   1          return LT8920_UpdateModeRegister(0x0080U);
  247   1      }
  248          
  249          s8 LT8920_EnterTx(void)
  250          {
  251   1          return LT8920_UpdateModeRegister(0x0100U);
  252   1      }
  253          
  254          s8 LT8920_ReadStatus(u16 *status)
C251 COMPILER V5.60.0,  lt8920                                                             27/04/26  00:55:24  PAGE 5   

  255          {
  256   1          return LT8920_ReadReg(48U, status);
  257   1      }
  258          
  259          s8 LT8920_ReadRawRssi(u8 *rssi)
  260          {
  261   1          u16 reg6;
  262   1          s8 rc;
  263   1      
  264   1          if (rssi == 0) {
  265   2              return WIRELESS_ERR_PARAM;
  266   2          }
  267   1      
  268   1          rc = LT8920_ReadReg(6U, &reg6);
  269   1          if (rc != SUCCESS) {
  270   2              return rc;
  271   2          }
  272   1      
  273   1          *rssi = (u8)((reg6 >> 10) & 0x003FU);
  274   1          return SUCCESS;
  275   1      }
  276          
  277          s8 LT8920_ClearTxFifo(void)
  278          {
  279   1          return LT8920_WriteReg(52U, 0x8000U);
  280   1      }
  281          
  282          s8 LT8920_ClearRxFifo(void)
  283          {
  284   1          return LT8920_WriteReg(52U, 0x0080U);
  285   1      }
  286          
  287          s8 LT8920_WritePacket(const u8 *buf, u8 len)
  288          {
  289   1          u8 i;
  290   1          s8 rc;
  291   1      
  292   1          if ((buf == 0) || (len == 0U) || (len > LT8920_MAX_PAYLOAD_LEN)) {
  293   2              return WIRELESS_ERR_PARAM;
  294   2          }
  295   1          if (!g_lt8920_initialized) {
  296   2              return WIRELESS_ERR_STATE;
  297   2          }
  298   1      
  299   1          rc = LT8920_ClearTxFifo();
  300   1          if (rc != SUCCESS) {
  301   2              return rc;
  302   2          }
  303   1      
  304   1          rc = LT8920_WriteFifoByte(len);
  305   1          if (rc != SUCCESS) {
  306   2              return rc;
  307   2          }
  308   1      
  309   1          for (i = 0U; i < len; i++) {
  310   2              rc = LT8920_WriteFifoByte(buf[i]);
  311   2              if (rc != SUCCESS) {
  312   3                  return rc;
  313   3              }
  314   2          }
  315   1      
  316   1          return SUCCESS;
  317   1      }
  318          
  319          s8 LT8920_ReadPacket(u8 *buf, u8 buf_len, u8 *out_len)
  320          {
C251 COMPILER V5.60.0,  lt8920                                                             27/04/26  00:55:24  PAGE 6   

  321   1          u8 fifo_count;
  322   1          u8 packet_len;
  323   1          u8 available_len;
  324   1          u8 i;
  325   1          s8 rc;
  326   1      
  327   1          if ((buf == 0) || (out_len == 0) || (buf_len == 0U)) {
  328   2              return WIRELESS_ERR_PARAM;
  329   2          }
  330   1          if (!g_lt8920_initialized) {
  331   2              return WIRELESS_ERR_STATE;
  332   2          }
  333   1      
  334   1          rc = LT8920_ReadFifoCount(&fifo_count);
  335   1          if (rc != SUCCESS) {
  336   2              return rc;
  337   2          }
  338   1          if (fifo_count == 0U) {
  339   2              return WIRELESS_ERR_EMPTY;
  340   2          }
  341   1      
  342   1          rc = LT8920_ReadFifoByte(&packet_len);
  343   1          if (rc != SUCCESS) {
  344   2              return rc;
  345   2          }
  346   1          available_len = (u8)(fifo_count - 1U);
  347   1      
  348   1          if (packet_len == 0U) {
  349   2              LT8920_DrainRxBytes(available_len);
  350   2              return WIRELESS_ERR_IO;
  351   2          }
  352   1          if (packet_len > LT8920_MAX_PAYLOAD_LEN) {
  353   2              LT8920_DrainRxBytes(available_len);
  354   2              return WIRELESS_ERR_OVERFLOW;
  355   2          }
  356   1          if (packet_len > buf_len) {
  357   2              LT8920_DrainRxBytes(available_len);
  358   2              return WIRELESS_ERR_OVERFLOW;
  359   2          }
  360   1          if (packet_len > available_len) {
  361   2              LT8920_DrainRxBytes(available_len);
  362   2              return WIRELESS_ERR_IO;
  363   2          }
  364   1      
  365   1          for (i = 0U; i < packet_len; i++) {
  366   2              rc = LT8920_ReadFifoByte(&buf[i]);
  367   2              if (rc != SUCCESS) {
  368   3                  LT8920_DrainRxBytes((u8)(packet_len - i - 1U));
  369   3                  return rc;
  370   3              }
  371   2          }
  372   1      
  373   1          if (packet_len < available_len) {
  374   2              LT8920_DrainRxBytes((u8)(available_len - packet_len));
  375   2          }
  376   1      
  377   1          *out_len = packet_len;
  378   1          return SUCCESS;
  379   1      }


Module Information          Static   Overlayable
------------------------------------------------
  code size            =      1017     ------
  ecode size           =    ------     ------
  data size            =    ------     ------
  idata size           =    ------     ------
C251 COMPILER V5.60.0,  lt8920                                                             27/04/26  00:55:24  PAGE 7   

  pdata size           =    ------     ------
  xdata size           =    ------     ------
  xdata-const size     =    ------     ------
  edata size           =         6         26
  bit size             =    ------     ------
  ebit size            =    ------     ------
  bitaddressable size  =    ------     ------
  ebitaddressable size =    ------     ------
  far data size        =    ------     ------
  huge data size       =    ------     ------
  const size           =    ------     ------
  hconst size          =       114     ------
End of Module Information.


C251 COMPILATION COMPLETE.  0 WARNING(S),  0 ERROR(S)
