C251 COMPILER V5.60.0,  STC32G_GPIO_Isr                                                    27/04/26  00:55:23  PAGE 1   


C251 COMPILER V5.60.0, COMPILATION OF MODULE STC32G_GPIO_Isr
OBJECT MODULE PLACED IN .\list\STC32G_GPIO_Isr.obj
COMPILER INVOKED BY: C:\Keil_v5\C251\BIN\C251.EXE ..\Driver\isr\STC32G_GPIO_Isr.c XSMALL INTR2 BROWSE INCDIR(..\Driver\i
                    -nc;..\User;..\App\inc;..\Code_boweny\Function\Log;..\Code_boweny\Function\Filter;..\Code_boweny\Device\QMC6309;..\Code_b
                    -oweny\Device\QMI8658;..\Code_boweny\Device\GPS;..\Code_boweny\Device\WIRELESS;..\Code_boweny\Device\MOTOR) DEBUG PRINT(.
                    -\list\STC32G_GPIO_Isr.lst) TABS(2) OBJECT(.\list\STC32G_GPIO_Isr.obj) 

stmt  level    source

    1          /*---------------------------------------------------------------------*/
    2          /* --- Web: www.STCAI.com ---------------------------------------------*/
    3          /*---------------------------------------------------------------------*/
    4          
    5          #include  "STC32G_GPIO.h"
    6          


Module Information          Static   Overlayable
------------------------------------------------
  code size            =    ------     ------
  ecode size           =    ------     ------
  data size            =    ------     ------
  idata size           =    ------     ------
  pdata size           =    ------     ------
  xdata size           =    ------     ------
  xdata-const size     =    ------     ------
  edata size           =    ------     ------
  bit size             =    ------     ------
  ebit size            =    ------     ------
  bitaddressable size  =    ------     ------
  ebitaddressable size =    ------     ------
  far data size        =    ------     ------
  huge data size       =    ------     ------
  const size           =    ------     ------
  hconst size          =    ------     ------
End of Module Information.


C251 COMPILATION COMPLETE.  0 WARNING(S),  0 ERROR(S)
