C251 COMPILER V5.60.0,  STC32G_NVIC                                                        27/04/26  00:55:21  PAGE 1   


C251 COMPILER V5.60.0, COMPILATION OF MODULE STC32G_NVIC
OBJECT MODULE PLACED IN .\list\STC32G_NVIC.obj
COMPILER INVOKED BY: C:\Keil_v5\C251\BIN\C251.EXE ..\Driver\src\STC32G_NVIC.c XSMALL INTR2 BROWSE INCDIR(..\Driver\inc;.
                    -.\User;..\App\inc;..\Code_boweny\Function\Log;..\Code_boweny\Function\Filter;..\Code_boweny\Device\QMC6309;..\Code_bowen
                    -y\Device\QMI8658;..\Code_boweny\Device\GPS;..\Code_boweny\Device\WIRELESS;..\Code_boweny\Device\MOTOR) DEBUG PRINT(.\lis
                    -t\STC32G_NVIC.lst) TABS(2) OBJECT(.\list\STC32G_NVIC.obj) 

stmt  level    source

    1          /*---------------------------------------------------------------------*/
    2          /* --- Web: www.STCAI.com ---------------------------------------------*/
    3          /*---------------------------------------------------------------------*/
    4          
    5          #include "STC32G_NVIC.h"
    6          
    7          //========================================================================
    8          // еҮҪж•°: NVIC_Timer0_Init
    9          // жҸҸиҝ°: Timer0еөҢеҘ—еҗ‘йҮҸдёӯж–ӯжҺ§еҲ¶еҷЁеҲқе§ӢеҢ–.
   10          // еҸӮж•°: State:    дёӯж–ӯдҪҝиғҪзҠ¶жҖҒ, ENABLE/DISABLE.
   11          // еҸӮж•°: Priority: дёӯж–ӯдјҳе…Ҳзә§, Priority_0,Priority_1,Priority_2,Priority_3.
   12          // иҝ”еӣһ: жү§иЎҢз»“жһң SUCCESS/FAIL.
   13          // зүҲжң¬: V1.0, 2020-09-29
   14          //========================================================================
   15          u8 NVIC_Timer0_Init(u8 State, u8 Priority)
   16          {
   17   1        if(State <= ENABLE) Timer0_Interrupt(State); else  return FAIL;
   18   1        if(Priority <= Priority_3) Timer0_Priority(Priority); else  return FAIL;
   19   1        return SUCCESS;
   20   1      }
   21          
   22          //========================================================================
   23          // еҮҪж•°: NVIC_Timer1_Init
   24          // жҸҸиҝ°: Timer1еөҢеҘ—еҗ‘йҮҸдёӯж–ӯжҺ§еҲ¶еҷЁеҲқе§ӢеҢ–.
   25          // еҸӮж•°: State:    дёӯж–ӯдҪҝиғҪзҠ¶жҖҒ, ENABLE/DISABLE.
   26          // еҸӮж•°: Priority: дёӯж–ӯдјҳе…Ҳзә§, Priority_0,Priority_1,Priority_2,Priority_3.
   27          // иҝ”еӣһ: жү§иЎҢз»“жһң SUCCESS/FAIL.
   28          // зүҲжң¬: V1.0, 2020-09-29
   29          //========================================================================
   30          u8 NVIC_Timer1_Init(u8 State, u8 Priority)
   31          {
   32   1        if(State <= ENABLE) Timer1_Interrupt(State); else  return FAIL;
   33   1        if(Priority <= Priority_3) Timer1_Priority(Priority); else  return FAIL;
   34   1        return SUCCESS;
   35   1      }
   36          
   37          //========================================================================
   38          // еҮҪж•°: NVIC_Timer2_Init
   39          // жҸҸиҝ°: Timer2еөҢеҘ—еҗ‘йҮҸдёӯж–ӯжҺ§еҲ¶еҷЁеҲқе§ӢеҢ–.
   40          // еҸӮж•°: State:    дёӯж–ӯдҪҝиғҪзҠ¶жҖҒ, ENABLE/DISABLE.
   41          // еҸӮж•°: Priority: дёӯж–ӯдјҳе…Ҳзә§, NULL.
   42          // иҝ”еӣһ: жү§иЎҢз»“жһң SUCCESS/FAIL.
   43          // зүҲжң¬: V1.0, 2020-09-29
   44          //========================================================================
   45          u8 NVIC_Timer2_Init(u8 State, u8 Priority)
   46          {
   47   1        if(State <= ENABLE) Timer2_Interrupt(State); else  return FAIL;
   48   1        Priority = NULL;
   49   1        return SUCCESS;
   50   1      }
   51          
   52          //========================================================================
   53          // еҮҪж•°: NVIC_Timer3_Init
   54          // жҸҸиҝ°: Timer3еөҢеҘ—еҗ‘йҮҸдёӯж–ӯжҺ§еҲ¶еҷЁеҲқе§ӢеҢ–.
   55          // еҸӮж•°: State:    дёӯж–ӯдҪҝиғҪзҠ¶жҖҒ, ENABLE/DISABLE.
   56          // еҸӮж•°: Priority: дёӯж–ӯдјҳе…Ҳзә§, NULL.
C251 COMPILER V5.60.0,  STC32G_NVIC                                                        27/04/26  00:55:21  PAGE 2   

   57          // иҝ”еӣһ: жү§иЎҢз»“жһң SUCCESS/FAIL.
   58          // зүҲжң¬: V1.0, 2020-09-29
   59          //========================================================================
   60          u8 NVIC_Timer3_Init(u8 State, u8 Priority)
   61          {
   62   1        if(State <= ENABLE) Timer3_Interrupt(State); else  return FAIL;
   63   1        Priority = NULL;
   64   1        return SUCCESS;
   65   1      }
   66          
   67          //========================================================================
   68          // еҮҪж•°: NVIC_Timer4_Init
   69          // жҸҸиҝ°: Timer4еөҢеҘ—еҗ‘йҮҸдёӯж–ӯжҺ§еҲ¶еҷЁеҲқе§ӢеҢ–.
   70          // еҸӮж•°: State:    дёӯж–ӯдҪҝиғҪзҠ¶жҖҒ, ENABLE/DISABLE.
   71          // еҸӮж•°: Priority: дёӯж–ӯдјҳе…Ҳзә§, NULL.
   72          // иҝ”еӣһ: жү§иЎҢз»“жһң SUCCESS/FAIL.
   73          // зүҲжң¬: V1.0, 2020-09-29
   74          //========================================================================
   75          u8 NVIC_Timer4_Init(u8 State, u8 Priority)
   76          {
   77   1        if(State <= ENABLE) Timer4_Interrupt(State); else  return FAIL;
   78   1        Priority = NULL;
   79   1        return SUCCESS;
   80   1      }
   81          
   82          //========================================================================
   83          // еҮҪж•°: NVIC_INT0_Init
   84          // жҸҸиҝ°: INT0еөҢеҘ—еҗ‘йҮҸдёӯж–ӯжҺ§еҲ¶еҷЁеҲқе§ӢеҢ–.
   85          // еҸӮж•°: State:    дёӯж–ӯдҪҝиғҪзҠ¶жҖҒ, ENABLE/DISABLE.
   86          // еҸӮж•°: Priority: дёӯж–ӯдјҳе…Ҳзә§, Priority_0,Priority_1,Priority_2,Priority_3.
   87          // иҝ”еӣһ: жү§иЎҢз»“жһң SUCCESS/FAIL.
   88          // зүҲжң¬: V1.0, 2020-09-29
   89          //========================================================================
   90          u8 NVIC_INT0_Init(u8 State, u8 Priority)
   91          {
   92   1        if(State <= ENABLE) INT0_Interrupt(State); else  return FAIL;
   93   1        if(Priority <= Priority_3) INT0_Priority(Priority); else  return FAIL;
   94   1        return SUCCESS;
   95   1      }
   96          
   97          //========================================================================
   98          // еҮҪж•°: NVIC_INT1_Init
   99          // жҸҸиҝ°: INT1еөҢеҘ—еҗ‘йҮҸдёӯж–ӯжҺ§еҲ¶еҷЁеҲқе§ӢеҢ–.
  100          // еҸӮж•°: State:    дёӯж–ӯдҪҝиғҪзҠ¶жҖҒ, ENABLE/DISABLE.
  101          // еҸӮж•°: Priority: дёӯж–ӯдјҳе…Ҳзә§, Priority_0,Priority_1,Priority_2,Priority_3.
  102          // иҝ”еӣһ: жү§иЎҢз»“жһң SUCCESS/FAIL.
  103          // зүҲжң¬: V1.0, 2020-09-29
  104          //========================================================================
  105          u8 NVIC_INT1_Init(u8 State, u8 Priority)
  106          {
  107   1        if(State <= ENABLE) INT1_Interrupt(State); else  return FAIL;
  108   1        if(Priority <= Priority_3) INT1_Priority(Priority); else  return FAIL;
  109   1        return SUCCESS;
  110   1      }
  111          
  112          //========================================================================
  113          // еҮҪж•°: NVIC_INT2_Init
  114          // жҸҸиҝ°: INT2еөҢеҘ—еҗ‘йҮҸдёӯж–ӯжҺ§еҲ¶еҷЁеҲқе§ӢеҢ–.
  115          // еҸӮж•°: State:    дёӯж–ӯдҪҝиғҪзҠ¶жҖҒ, ENABLE/DISABLE.
  116          // еҸӮж•°: Priority: дёӯж–ӯдјҳе…Ҳзә§, NULL.
  117          // иҝ”еӣһ: жү§иЎҢз»“жһң SUCCESS/FAIL.
  118          // зүҲжң¬: V1.0, 2020-09-29
  119          //========================================================================
  120          u8 NVIC_INT2_Init(u8 State, u8 Priority)
  121          {
  122   1        if(State <= ENABLE) INT2_Interrupt(State); else  return FAIL;
C251 COMPILER V5.60.0,  STC32G_NVIC                                                        27/04/26  00:55:21  PAGE 3   

  123   1        Priority = NULL;
  124   1        return SUCCESS;
  125   1      }
  126          
  127          //========================================================================
  128          // еҮҪж•°: NVIC_INT3_Init
  129          // жҸҸиҝ°: INT3еөҢеҘ—еҗ‘йҮҸдёӯж–ӯжҺ§еҲ¶еҷЁеҲқе§ӢеҢ–.
  130          // еҸӮж•°: State:    дёӯж–ӯдҪҝиғҪзҠ¶жҖҒ, ENABLE/DISABLE.
  131          // еҸӮж•°: Priority: дёӯж–ӯдјҳе…Ҳзә§, NULL.
  132          // иҝ”еӣһ: жү§иЎҢз»“жһң SUCCESS/FAIL.
  133          // зүҲжң¬: V1.0, 2020-09-29
  134          //========================================================================
  135          u8 NVIC_INT3_Init(u8 State, u8 Priority)
  136          {
  137   1        if(State <= ENABLE) INT3_Interrupt(State); else  return FAIL;
  138   1        Priority = NULL;
  139   1        return SUCCESS;
  140   1      }
  141          
  142          //========================================================================
  143          // еҮҪж•°: NVIC_INT4_Init
  144          // жҸҸиҝ°: INT4еөҢеҘ—еҗ‘йҮҸдёӯж–ӯжҺ§еҲ¶еҷЁеҲқе§ӢеҢ–.
  145          // еҸӮж•°: State:    дёӯж–ӯдҪҝиғҪзҠ¶жҖҒ, ENABLE/DISABLE.
  146          // еҸӮж•°: Priority: дёӯж–ӯдјҳе…Ҳзә§, NULL.
  147          // иҝ”еӣһ: жү§иЎҢз»“жһң SUCCESS/FAIL.
  148          // зүҲжң¬: V1.0, 2020-09-29
  149          //========================================================================
  150          u8 NVIC_INT4_Init(u8 State, u8 Priority)
  151          {
  152   1        if(State <= ENABLE) INT4_Interrupt(State); else  return FAIL;
  153   1        Priority = NULL;
  154   1        return SUCCESS;
  155   1      }
  156          
  157          //========================================================================
  158          // еҮҪж•°: NVIC_ADC_Init
  159          // жҸҸиҝ°: ADCеөҢеҘ—еҗ‘йҮҸдёӯж–ӯжҺ§еҲ¶еҷЁеҲқе§ӢеҢ–.
  160          // еҸӮж•°: State:    дёӯж–ӯдҪҝиғҪзҠ¶жҖҒ, ENABLE/DISABLE.
  161          // еҸӮж•°: Priority: дёӯж–ӯдјҳе…Ҳзә§, Priority_0,Priority_1,Priority_2,Priority_3.
  162          // иҝ”еӣһ: жү§иЎҢз»“жһң SUCCESS/FAIL.
  163          // зүҲжң¬: V1.0, 2020-09-29
  164          //========================================================================
  165          u8 NVIC_ADC_Init(u8 State, u8 Priority)
  166          {
  167   1        if(State <= ENABLE) ADC_Interrupt(State); else  return FAIL;
  168   1        if(Priority <= Priority_3) ADC_Priority(Priority); else  return FAIL;
  169   1        return SUCCESS;
  170   1      }
  171          
  172          //========================================================================
  173          // еҮҪж•°: NVIC_CMP_Init
  174          // жҸҸиҝ°: жҜ”иҫғеҷЁеөҢеҘ—еҗ‘йҮҸдёӯж–ӯжҺ§еҲ¶еҷЁеҲқе§ӢеҢ–.
  175          // еҸӮж•°: State:    дёӯж–ӯдҪҝиғҪзҠ¶жҖҒ, RISING_EDGE/FALLING_EDGE/DISABLE.
  176          // еҸӮж•°: Priority: дёӯж–ӯдјҳе…Ҳзә§, Priority_0,Priority_1,Priority_2,Priority_3.
  177          // иҝ”еӣһ: жү§иЎҢз»“жһң SUCCESS/FAIL.
  178          // зүҲжң¬: V1.0, 2020-09-29
  179          //========================================================================
  180          u8 NVIC_CMP_Init(u8 State, u8 Priority)
  181          {
  182   1        if(State & RISING_EDGE) PIE = 1;      //е…Ғи®ёдёҠеҚҮжІҝдёӯж–ӯ
  183   1        else  PIE = 0;      //зҰҒжӯўдёҠеҚҮжІҝдёӯж–ӯ
  184   1        if(State & FALLING_EDGE)  NIE = 1;    //е…Ғи®ёдёӢйҷҚжІҝдёӯж–ӯ
  185   1        else  NIE = 0;      //зҰҒжӯўдёҠеҚҮжІҝдёӯж–ӯ
  186   1        if(Priority <= Priority_3) CMP_Priority(Priority); else  return FAIL;
  187   1        return SUCCESS;
  188   1      }
C251 COMPILER V5.60.0,  STC32G_NVIC                                                        27/04/26  00:55:21  PAGE 4   

  189          
  190          //========================================================================
  191          // еҮҪж•°: NVIC_I2C_Init
  192          // жҸҸиҝ°: I2CеөҢеҘ—еҗ‘йҮҸдёӯж–ӯжҺ§еҲ¶еҷЁеҲқе§ӢеҢ–.
  193          // еҸӮж•°: Mode:     жЁЎејҸ, I2C_Mode_Master/I2C_Mode_Slave.
  194          // еҸӮж•°: State:    дёӯж–ӯдҪҝиғҪзҠ¶жҖҒ, I2C_Mode_Master: ENABLE/DISABLE.
  195          //                              I2C_Mode_Slave: I2C_ESTAI/I2C_ERXI/I2C_ETXI/I2C_ESTOI/DISABLE.
  196          // еҸӮж•°: Priority: дёӯж–ӯдјҳе…Ҳзә§, Priority_0,Priority_1,Priority_2,Priority_3.
  197          // иҝ”еӣһ: жү§иЎҢз»“жһң SUCCESS/FAIL.
  198          // зүҲжң¬: V1.0, 2020-09-29
  199          //========================================================================
  200          u8 NVIC_I2C_Init(u8 Mode, u8 State, u8 Priority)
  201          {
  202   1        if(Mode > 1) return FAIL;
  203   1        if(Mode == 1) //I2C_Mode_Master
  204   1        {
  205   2          I2C_Master_Inturrupt(State);
  206   2        }
  207   1        else if(Mode == 0)  //I2C_Mode_Slave
  208   1        {
  209   2          I2CSLCR = (I2CSLCR & ~0x78) | State;
  210   2        }
  211   1        if(Priority <= Priority_3) CMP_Priority(Priority); else  return FAIL;
  212   1        return SUCCESS;
  213   1      }
  214          
  215          //========================================================================
  216          // еҮҪж•°: NVIC_UART1_Init
  217          // жҸҸиҝ°: UART1еөҢеҘ—еҗ‘йҮҸдёӯж–ӯжҺ§еҲ¶еҷЁеҲқе§ӢеҢ–.
  218          // еҸӮж•°: State:    дёӯж–ӯдҪҝиғҪзҠ¶жҖҒ, ENABLE/DISABLE.
  219          // еҸӮж•°: Priority: дёӯж–ӯдјҳе…Ҳзә§, Priority_0,Priority_1,Priority_2,Priority_3.
  220          // иҝ”еӣһ: жү§иЎҢз»“жһң SUCCESS/FAIL.
  221          // зүҲжң¬: V1.0, 2020-09-29
  222          //========================================================================
  223          u8 NVIC_UART1_Init(u8 State, u8 Priority)
  224          {
  225   1        if(State <= ENABLE) UART1_Interrupt(State); else  return FAIL;
  226   1        if(Priority <= Priority_3) UART1_Priority(Priority); else  return FAIL;
  227   1        return SUCCESS;
  228   1      }
  229          
  230          //========================================================================
  231          // еҮҪж•°: NVIC_UART2_Init
  232          // жҸҸиҝ°: UART2еөҢеҘ—еҗ‘йҮҸдёӯж–ӯжҺ§еҲ¶еҷЁеҲқе§ӢеҢ–.
  233          // еҸӮж•°: State:    дёӯж–ӯдҪҝиғҪзҠ¶жҖҒ, ENABLE/DISABLE.
  234          // еҸӮж•°: Priority: дёӯж–ӯдјҳе…Ҳзә§, Priority_0,Priority_1,Priority_2,Priority_3.
  235          // иҝ”еӣһ: жү§иЎҢз»“жһң SUCCESS/FAIL.
  236          // зүҲжң¬: V1.0, 2020-09-29
  237          //========================================================================
  238          u8 NVIC_UART2_Init(u8 State, u8 Priority)
  239          {
  240   1        if(State <= ENABLE) UART2_Interrupt(State); else  return FAIL;
  241   1        if(Priority <= Priority_3) UART2_Priority(Priority); else  return FAIL;
  242   1        return SUCCESS;
  243   1      }
  244          
  245          //========================================================================
  246          // еҮҪж•°: NVIC_UART3_Init
  247          // жҸҸиҝ°: UART3еөҢеҘ—еҗ‘йҮҸдёӯж–ӯжҺ§еҲ¶еҷЁеҲқе§ӢеҢ–.
  248          // еҸӮж•°: State:    дёӯж–ӯдҪҝиғҪзҠ¶жҖҒ, ENABLE/DISABLE.
  249          // еҸӮж•°: Priority: дёӯж–ӯдјҳе…Ҳзә§, Priority_0,Priority_1,Priority_2,Priority_3.
  250          // иҝ”еӣһ: жү§иЎҢз»“жһң SUCCESS/FAIL.
  251          // зүҲжң¬: V1.0, 2020-09-29
  252          //========================================================================
  253          u8 NVIC_UART3_Init(u8 State, u8 Priority)
  254          {
C251 COMPILER V5.60.0,  STC32G_NVIC                                                        27/04/26  00:55:21  PAGE 5   

  255   1        if(State <= ENABLE) UART3_Interrupt(State); else  return FAIL;
  256   1        if(Priority <= Priority_3) UART3_Priority(Priority); else  return FAIL;
  257   1        return SUCCESS;
  258   1      }
  259          
  260          //========================================================================
  261          // еҮҪж•°: NVIC_UART4_Init
  262          // жҸҸиҝ°: UART4еөҢеҘ—еҗ‘йҮҸдёӯж–ӯжҺ§еҲ¶еҷЁеҲқе§ӢеҢ–.
  263          // еҸӮж•°: State:    дёӯж–ӯдҪҝиғҪзҠ¶жҖҒ, ENABLE/DISABLE.
  264          // еҸӮж•°: Priority: дёӯж–ӯдјҳе…Ҳзә§, Priority_0,Priority_1,Priority_2,Priority_3.
  265          // иҝ”еӣһ: жү§иЎҢз»“жһң SUCCESS/FAIL.
  266          // зүҲжң¬: V1.0, 2020-09-29
  267          //========================================================================
  268          u8 NVIC_UART4_Init(u8 State, u8 Priority)
  269          {
  270   1        if(State <= ENABLE) UART4_Interrupt(State); else  return FAIL;
  271   1        if(Priority <= Priority_3) UART4_Priority(Priority); else  return FAIL;
  272   1        return SUCCESS;
  273   1      }
  274          
  275          //========================================================================
  276          // еҮҪж•°: NVIC_SPI_Init
  277          // жҸҸиҝ°: SPIеөҢеҘ—еҗ‘йҮҸдёӯж–ӯжҺ§еҲ¶еҷЁеҲқе§ӢеҢ–.
  278          // еҸӮж•°: State:    дёӯж–ӯдҪҝиғҪзҠ¶жҖҒ, ENABLE/DISABLE.
  279          // еҸӮж•°: Priority: дёӯж–ӯдјҳе…Ҳзә§, Priority_0,Priority_1,Priority_2,Priority_3.
  280          // иҝ”еӣһ: жү§иЎҢз»“жһң SUCCESS/FAIL.
  281          // зүҲжң¬: V1.0, 2020-09-29
  282          //========================================================================
  283          u8 NVIC_SPI_Init(u8 State, u8 Priority)
  284          {
  285   1        if(State <= ENABLE) SPI_Interrupt(State); else  return FAIL;
  286   1        if(Priority <= Priority_3) SPI_Priority(Priority); else  return FAIL;
  287   1        return SUCCESS;
  288   1      }
  289          
  290          //========================================================================
  291          // еҮҪж•°: NVIC_RTC_Init
  292          // жҸҸиҝ°: SPIеөҢеҘ—еҗ‘йҮҸдёӯж–ӯжҺ§еҲ¶еҷЁеҲқе§ӢеҢ–.
  293          // еҸӮж•°: State:    дёӯж–ӯдҪҝиғҪзҠ¶жҖҒ, дёӯж–ӯдҪҝиғҪ, 0x80:й—№й’ҹдёӯж–ӯ, 0x40:ж—Ҙдёӯж–ӯ, 0x20:е°Ҹж—¶дёӯж
             -–ӯ, 0x10:еҲҶй’ҹдёӯж–ӯ, 0x08:з§’дёӯж–ӯ, 0x04:1/2з§’дёӯж–ӯ, 0x02:1/8з§’дёӯж–ӯ, 0x01:1/32з§’дёӯж–ӯ /DISABLE.
  294          // еҸӮж•°: Priority: дёӯж–ӯдјҳе…Ҳзә§, Priority_0,Priority_1,Priority_2,Priority_3.
  295          // иҝ”еӣһ: жү§иЎҢз»“жһң SUCCESS/FAIL.
  296          // зүҲжң¬: V1.0, 2020-09-29
  297          //========================================================================
  298          u8 NVIC_RTC_Init(u8 State, u8 Priority)
  299          {
  300   1        if(Priority <= Priority_3) RTC_Priority(Priority); else  return FAIL;
  301   1        RTC_Interrupt(State); 
  302   1        return SUCCESS;
  303   1      }
  304          
  305          //========================================================================
  306          // еҮҪж•°: NVIC_PWM_Init
  307          // жҸҸиҝ°: PWMеөҢеҘ—еҗ‘йҮҸдёӯж–ӯжҺ§еҲ¶еҷЁеҲқе§ӢеҢ–.
  308          // еҸӮж•°: Channel:  йҖҡйҒ“, PWMA/PWMB.
  309          // еҸӮж•°: State:    дёӯж–ӯдҪҝиғҪзҠ¶жҖҒ, PWM_BIE/PWM_TIE/PWM_COMIE/PWM_CC8IE~PWM_CC1IE/PWM_UIE/DISABLE.
  310          // еҸӮж•°: Priority: дёӯж–ӯдјҳе…Ҳзә§, Priority_0,Priority_1,Priority_2,Priority_3.
  311          // иҝ”еӣһ: жү§иЎҢз»“жһң SUCCESS/FAIL.
  312          // зүҲжң¬: V1.0, 2020-09-29
  313          //========================================================================
  314          #ifndef PWMA
  315          #define PWMA  9
  316          #endif
  317          #ifndef PWMB
  318          #define PWMB  10
  319          #endif
C251 COMPILER V5.60.0,  STC32G_NVIC                                                        27/04/26  00:55:21  PAGE 6   

  320          u8 NVIC_PWM_Init(u8 Channel, u8 State, u8 Priority)
  321          {
  322   1        if(Channel > PWMB) return FAIL;
  323   1        if(Priority > Priority_3) return FAIL;
  324   1        switch(Channel)
  325   1        {
  326   2          case PWMA:
  327   2            PWMA_IER = State;
  328   2            PWMA_Priority(Priority);
  329   2          break;
  330   2      
  331   2          case PWMB:
  332   2            PWMB_IER = State;
  333   2            PWMB_Priority(Priority);
  334   2          break;
  335   2      
  336   2          default:
  337   2            PWMB_IER = State;
  338   2            Priority = NULL;
  339   2          break;
  340   2        }
  341   1        return SUCCESS;
  342   1      }
  343          
  344          //========================================================================
  345          // еҮҪж•°: NVIC_DMA_ADC_Init
  346          // жҸҸиҝ°: DMA ADCеөҢеҘ—еҗ‘йҮҸдёӯж–ӯжҺ§еҲ¶еҷЁеҲқе§ӢеҢ–.
  347          // еҸӮж•°: State:    дёӯж–ӯдҪҝиғҪзҠ¶жҖҒ, ENABLE/DISABLE.
  348          // еҸӮж•°: Priority: дёӯж–ӯдјҳе…Ҳзә§, Priority_0,Priority_1,Priority_2,Priority_3.
  349          // еҸӮж•°: Bus_Priority: ж•°жҚ®жҖ»зәҝи®ҝй—®дјҳе…Ҳзә§, Priority_0,Priority_1,Priority_2,Priority_3.
  350          // иҝ”еӣһ: жү§иЎҢз»“жһң SUCCESS/FAIL.
  351          // зүҲжң¬: V1.0, 2021-05-21
  352          //========================================================================
  353          u8 NVIC_DMA_ADC_Init(u8 State, u8 Priority, u8 Bus_Priority)
  354          {
  355   1        DMA_ADC_CFG &= ~0x0f;
  356   1        if(Priority <= Priority_3) DMA_ADC_CFG |= Priority << 2;
  357   1        if(Bus_Priority <= Priority_3) DMA_ADC_CFG |= Bus_Priority; //ж•°жҚ®жҖ»зәҝи®ҝй—®дјҳе…Ҳзә§
  358   1        if(State == ENABLE)
  359   1          DMA_ADC_CFG |= 0x80;    //bit7 1:Enable Interrupt
  360   1        else
  361   1          DMA_ADC_CFG &= ~0x80;   //bit7 0:Disable Interrupt
  362   1        return SUCCESS;
  363   1      }
  364          
  365          //========================================================================
  366          // еҮҪж•°: NVIC_DMA_M2M_Init
  367          // жҸҸиҝ°: DMA M2MеөҢеҘ—еҗ‘йҮҸдёӯж–ӯжҺ§еҲ¶еҷЁеҲқе§ӢеҢ–.
  368          // еҸӮж•°: State:    дёӯж–ӯдҪҝиғҪзҠ¶жҖҒ, ENABLE/DISABLE.
  369          // еҸӮж•°: Priority: дёӯж–ӯдјҳе…Ҳзә§, Priority_0,Priority_1,Priority_2,Priority_3.
  370          // еҸӮж•°: Bus_Priority: ж•°жҚ®жҖ»зәҝи®ҝй—®дјҳе…Ҳзә§, Priority_0,Priority_1,Priority_2,Priority_3.
  371          // иҝ”еӣһ: жү§иЎҢз»“жһң SUCCESS/FAIL.
  372          // зүҲжң¬: V1.0, 2021-05-21
  373          //========================================================================
  374          u8 NVIC_DMA_M2M_Init(u8 State, u8 Priority, u8 Bus_Priority)
  375          {
  376   1        DMA_M2M_CFG &= ~0x0f;
  377   1        if(Priority <= Priority_3) DMA_M2M_CFG |= Priority << 2;
  378   1        if(Bus_Priority <= Priority_3) DMA_M2M_CFG |= Bus_Priority; //ж•°жҚ®жҖ»зәҝи®ҝй—®дјҳе…Ҳзә§
  379   1        if(State == ENABLE)
  380   1          DMA_M2M_CFG |= 0x80;    //bit7 1:Enable Interrupt
  381   1        else
  382   1          DMA_M2M_CFG &= ~0x80;   //bit7 0:Disable Interrupt
  383   1        return SUCCESS;
  384   1      }
  385          
C251 COMPILER V5.60.0,  STC32G_NVIC                                                        27/04/26  00:55:21  PAGE 7   

  386          //========================================================================
  387          // еҮҪж•°: NVIC_DMA_SPI_Init
  388          // жҸҸиҝ°: DMA SPIеөҢеҘ—еҗ‘йҮҸдёӯж–ӯжҺ§еҲ¶еҷЁеҲқе§ӢеҢ–.
  389          // еҸӮж•°: State:    дёӯж–ӯдҪҝиғҪзҠ¶жҖҒ, ENABLE/DISABLE.
  390          // еҸӮж•°: Priority: дёӯж–ӯдјҳе…Ҳзә§, Priority_0,Priority_1,Priority_2,Priority_3.
  391          // еҸӮж•°: Bus_Priority: ж•°жҚ®жҖ»зәҝи®ҝй—®дјҳе…Ҳзә§, Priority_0,Priority_1,Priority_2,Priority_3.
  392          // иҝ”еӣһ: жү§иЎҢз»“жһң SUCCESS/FAIL.
  393          // зүҲжң¬: V1.0, 2021-05-27
  394          //========================================================================
  395          u8 NVIC_DMA_SPI_Init(u8 State, u8 Priority, u8 Bus_Priority)
  396          {
  397   1        DMA_SPI_CFG &= ~0x0f;
  398   1        if(Priority <= Priority_3) DMA_SPI_CFG |= Priority << 2;
  399   1        if(Bus_Priority <= Priority_3) DMA_SPI_CFG |= Bus_Priority; //ж•°жҚ®жҖ»зәҝи®ҝй—®дјҳе…Ҳзә§
  400   1        if(State == ENABLE)
  401   1          DMA_SPI_CFG |= 0x80;    //bit7 1:Enable Interrupt
  402   1        else
  403   1          DMA_SPI_CFG &= ~0x80;   //bit7 0:Disable Interrupt
  404   1        return SUCCESS;
  405   1      }
  406          
  407          //========================================================================
  408          // еҮҪж•°: NVIC_DMA_UART1_Tx_Init
  409          // жҸҸиҝ°: DMA UART1 TxеөҢеҘ—еҗ‘йҮҸдёӯж–ӯжҺ§еҲ¶еҷЁеҲқе§ӢеҢ–.
  410          // еҸӮж•°: State:    дёӯж–ӯдҪҝиғҪзҠ¶жҖҒ, ENABLE/DISABLE.
  411          // еҸӮж•°: Priority: дёӯж–ӯдјҳе…Ҳзә§, Priority_0,Priority_1,Priority_2,Priority_3.
  412          // еҸӮж•°: Bus_Priority: ж•°жҚ®жҖ»зәҝи®ҝй—®дјҳе…Ҳзә§, Priority_0,Priority_1,Priority_2,Priority_3.
  413          // иҝ”еӣһ: жү§иЎҢз»“жһң SUCCESS/FAIL.
  414          // зүҲжң¬: V1.0, 2021-05-21
  415          //========================================================================
  416          u8 NVIC_DMA_UART1_Tx_Init(u8 State, u8 Priority, u8 Bus_Priority)
  417          {
  418   1        DMA_UR1T_CFG &= ~0x0f;
  419   1        if(Priority <= Priority_3) DMA_UR1T_CFG |= Priority << 2;
  420   1        if(Bus_Priority <= Priority_3) DMA_UR1T_CFG |= Bus_Priority;  //ж•°жҚ®жҖ»зәҝи®ҝй—®дјҳе…Ҳзә§
  421   1        if(State == ENABLE)
  422   1          DMA_UR1T_CFG |= 0x80;   //bit7 1:Enable Interrupt
  423   1        else
  424   1          DMA_UR1T_CFG &= ~0x80;  //bit7 0:Disable Interrupt
  425   1        return SUCCESS;
  426   1      }
  427          
  428          //========================================================================
  429          // еҮҪж•°: NVIC_DMA_UART1_Rx_Init
  430          // жҸҸиҝ°: DMA UART1 RxеөҢеҘ—еҗ‘йҮҸдёӯж–ӯжҺ§еҲ¶еҷЁеҲқе§ӢеҢ–.
  431          // еҸӮж•°: State:    дёӯж–ӯдҪҝиғҪзҠ¶жҖҒ, ENABLE/DISABLE.
  432          // еҸӮж•°: Priority: дёӯж–ӯдјҳе…Ҳзә§, Priority_0,Priority_1,Priority_2,Priority_3.
  433          // еҸӮж•°: Bus_Priority: ж•°жҚ®жҖ»зәҝи®ҝй—®дјҳе…Ҳзә§, Priority_0,Priority_1,Priority_2,Priority_3.
  434          // иҝ”еӣһ: жү§иЎҢз»“жһң SUCCESS/FAIL.
  435          // зүҲжң¬: V1.0, 2021-05-21
  436          //========================================================================
  437          u8 NVIC_DMA_UART1_Rx_Init(u8 State, u8 Priority, u8 Bus_Priority)
  438          {
  439   1        DMA_UR1R_CFG &= ~0x0f;
  440   1        if(Priority <= Priority_3) DMA_UR1R_CFG |= Priority << 2;
  441   1        if(Bus_Priority <= Priority_3) DMA_UR1R_CFG |= Bus_Priority;  //ж•°жҚ®жҖ»зәҝи®ҝй—®дјҳе…Ҳзә§
  442   1        if(State == ENABLE)
  443   1          DMA_UR1R_CFG |= 0x80;   //bit7 1:Enable Interrupt
  444   1        else
  445   1          DMA_UR1R_CFG &= ~0x80;  //bit7 0:Disable Interrupt
  446   1        return SUCCESS;
  447   1      }
  448          
  449          //========================================================================
  450          // еҮҪж•°: NVIC_DMA_UART2_Tx_Init
  451          // жҸҸиҝ°: DMA UART2 TxеөҢеҘ—еҗ‘йҮҸдёӯж–ӯжҺ§еҲ¶еҷЁеҲқе§ӢеҢ–.
C251 COMPILER V5.60.0,  STC32G_NVIC                                                        27/04/26  00:55:21  PAGE 8   

  452          // еҸӮж•°: State:    дёӯж–ӯдҪҝиғҪзҠ¶жҖҒ, ENABLE/DISABLE.
  453          // еҸӮж•°: Priority: дёӯж–ӯдјҳе…Ҳзә§, Priority_0,Priority_1,Priority_2,Priority_3.
  454          // еҸӮж•°: Bus_Priority: ж•°жҚ®жҖ»зәҝи®ҝй—®дјҳе…Ҳзә§, Priority_0,Priority_1,Priority_2,Priority_3.
  455          // иҝ”еӣһ: жү§иЎҢз»“жһң SUCCESS/FAIL.
  456          // зүҲжң¬: V1.0, 2021-05-21
  457          //========================================================================
  458          u8 NVIC_DMA_UART2_Tx_Init(u8 State, u8 Priority, u8 Bus_Priority)
  459          {
  460   1        DMA_UR2T_CFG &= ~0x0f;
  461   1        if(Priority <= Priority_3) DMA_UR2T_CFG |= Priority << 2;
  462   1        if(Bus_Priority <= Priority_3) DMA_UR2T_CFG |= Bus_Priority;  //ж•°жҚ®жҖ»зәҝи®ҝй—®дјҳе…Ҳзә§
  463   1        if(State == ENABLE)
  464   1          DMA_UR2T_CFG |= 0x80;   //bit7 1:Enable Interrupt
  465   1        else
  466   1          DMA_UR2T_CFG &= ~0x80;  //bit7 0:Disable Interrupt
  467   1        return SUCCESS;
  468   1      }
  469          
  470          //========================================================================
  471          // еҮҪж•°: NVIC_DMA_UART2_Rx_Init
  472          // жҸҸиҝ°: DMA UART2 RxеөҢеҘ—еҗ‘йҮҸдёӯж–ӯжҺ§еҲ¶еҷЁеҲқе§ӢеҢ–.
  473          // еҸӮж•°: State:    дёӯж–ӯдҪҝиғҪзҠ¶жҖҒ, ENABLE/DISABLE.
  474          // еҸӮж•°: Priority: дёӯж–ӯдјҳе…Ҳзә§, Priority_0,Priority_1,Priority_2,Priority_3.
  475          // еҸӮж•°: Bus_Priority: ж•°жҚ®жҖ»зәҝи®ҝй—®дјҳе…Ҳзә§, Priority_0,Priority_1,Priority_2,Priority_3.
  476          // иҝ”еӣһ: жү§иЎҢз»“жһң SUCCESS/FAIL.
  477          // зүҲжң¬: V1.0, 2021-05-21
  478          //========================================================================
  479          u8 NVIC_DMA_UART2_Rx_Init(u8 State, u8 Priority, u8 Bus_Priority)
  480          {
  481   1        DMA_UR2R_CFG &= ~0x0f;
  482   1        if(Priority <= Priority_3) DMA_UR2R_CFG |= Priority << 2;
  483   1        if(Bus_Priority <= Priority_3) DMA_UR2R_CFG |= Bus_Priority;  //ж•°жҚ®жҖ»зәҝи®ҝй—®дјҳе…Ҳзә§
  484   1        if(State == ENABLE)
  485   1          DMA_UR2R_CFG |= 0x80;   //bit7 1:Enable Interrupt
  486   1        else
  487   1          DMA_UR2R_CFG &= ~0x80;  //bit7 0:Disable Interrupt
  488   1        return SUCCESS;
  489   1      }
  490          
  491          //========================================================================
  492          // еҮҪж•°: NVIC_DMA_UART3_Tx_Init
  493          // жҸҸиҝ°: DMA UART3 TxеөҢеҘ—еҗ‘йҮҸдёӯж–ӯжҺ§еҲ¶еҷЁеҲқе§ӢеҢ–.
  494          // еҸӮж•°: State:    дёӯж–ӯдҪҝиғҪзҠ¶жҖҒ, ENABLE/DISABLE.
  495          // еҸӮж•°: Priority: дёӯж–ӯдјҳе…Ҳзә§, Priority_0,Priority_1,Priority_2,Priority_3.
  496          // еҸӮж•°: Bus_Priority: ж•°жҚ®жҖ»зәҝи®ҝй—®дјҳе…Ҳзә§, Priority_0,Priority_1,Priority_2,Priority_3.
  497          // иҝ”еӣһ: жү§иЎҢз»“жһң SUCCESS/FAIL.
  498          // зүҲжң¬: V1.0, 2021-05-21
  499          //========================================================================
  500          u8 NVIC_DMA_UART3_Tx_Init(u8 State, u8 Priority, u8 Bus_Priority)
  501          {
  502   1        DMA_UR3T_CFG &= ~0x0f;
  503   1        if(Priority <= Priority_3) DMA_UR3T_CFG |= Priority << 2;
  504   1        if(Bus_Priority <= Priority_3) DMA_UR3T_CFG |= Bus_Priority;  //ж•°жҚ®жҖ»зәҝи®ҝй—®дјҳе…Ҳзә§
  505   1        if(State == ENABLE)
  506   1          DMA_UR3T_CFG |= 0x80;   //bit7 1:Enable Interrupt
  507   1        else
  508   1          DMA_UR3T_CFG &= ~0x80;  //bit7 0:Disable Interrupt
  509   1        return SUCCESS;
  510   1      }
  511          
  512          //========================================================================
  513          // еҮҪж•°: NVIC_DMA_UART3_Rx_Init
  514          // жҸҸиҝ°: DMA UART3 RxеөҢеҘ—еҗ‘йҮҸдёӯж–ӯжҺ§еҲ¶еҷЁеҲқе§ӢеҢ–.
  515          // еҸӮж•°: State:    дёӯж–ӯдҪҝиғҪзҠ¶жҖҒ, ENABLE/DISABLE.
  516          // еҸӮж•°: Priority: дёӯж–ӯдјҳе…Ҳзә§, Priority_0,Priority_1,Priority_2,Priority_3.
  517          // еҸӮж•°: Bus_Priority: ж•°жҚ®жҖ»зәҝи®ҝй—®дјҳе…Ҳзә§, Priority_0,Priority_1,Priority_2,Priority_3.
C251 COMPILER V5.60.0,  STC32G_NVIC                                                        27/04/26  00:55:21  PAGE 9   

  518          // иҝ”еӣһ: жү§иЎҢз»“жһң SUCCESS/FAIL.
  519          // зүҲжң¬: V1.0, 2021-05-21
  520          //========================================================================
  521          u8 NVIC_DMA_UART3_Rx_Init(u8 State, u8 Priority, u8 Bus_Priority)
  522          {
  523   1        DMA_UR3R_CFG &= ~0x0f;
  524   1        if(Priority <= Priority_3) DMA_UR3R_CFG |= Priority << 2;
  525   1        if(Bus_Priority <= Priority_3) DMA_UR3R_CFG |= Bus_Priority;  //ж•°жҚ®жҖ»зәҝи®ҝй—®дјҳе…Ҳзә§
  526   1        if(State == ENABLE)
  527   1          DMA_UR3R_CFG |= 0x80;   //bit7 1:Enable Interrupt
  528   1        else
  529   1          DMA_UR3R_CFG &= ~0x80;  //bit7 0:Disable Interrupt
  530   1        return SUCCESS;
  531   1      }
  532          
  533          //========================================================================
  534          // еҮҪж•°: NVIC_DMA_UART4_Tx_Init
  535          // жҸҸиҝ°: DMA UART4 TxеөҢеҘ—еҗ‘йҮҸдёӯж–ӯжҺ§еҲ¶еҷЁеҲқе§ӢеҢ–.
  536          // еҸӮж•°: State:    дёӯж–ӯдҪҝиғҪзҠ¶жҖҒ, ENABLE/DISABLE.
  537          // еҸӮж•°: Priority: дёӯж–ӯдјҳе…Ҳзә§, Priority_0,Priority_1,Priority_2,Priority_3.
  538          // еҸӮж•°: Bus_Priority: ж•°жҚ®жҖ»зәҝи®ҝй—®дјҳе…Ҳзә§, Priority_0,Priority_1,Priority_2,Priority_3.
  539          // иҝ”еӣһ: жү§иЎҢз»“жһң SUCCESS/FAIL.
  540          // зүҲжң¬: V1.0, 2021-05-21
  541          //========================================================================
  542          u8 NVIC_DMA_UART4_Tx_Init(u8 State, u8 Priority, u8 Bus_Priority)
  543          {
  544   1        DMA_UR4T_CFG &= ~0x0f;
  545   1        if(Priority <= Priority_3) DMA_UR4T_CFG |= Priority << 2;
  546   1        if(Bus_Priority <= Priority_3) DMA_UR4T_CFG |= Bus_Priority;  //ж•°жҚ®жҖ»зәҝи®ҝй—®дјҳе…Ҳзә§
  547   1        if(State == ENABLE)
  548   1          DMA_UR4T_CFG |= 0x80;   //bit7 1:Enable Interrupt
  549   1        else
  550   1          DMA_UR4T_CFG &= ~0x80;  //bit7 0:Disable Interrupt
  551   1        return SUCCESS;
  552   1      }
  553          
  554          //========================================================================
  555          // еҮҪж•°: NVIC_DMA_UART4_Rx_Init
  556          // жҸҸиҝ°: DMA UART4 RxеөҢеҘ—еҗ‘йҮҸдёӯж–ӯжҺ§еҲ¶еҷЁеҲқе§ӢеҢ–.
  557          // еҸӮж•°: State:    дёӯж–ӯдҪҝиғҪзҠ¶жҖҒ, ENABLE/DISABLE.
  558          // еҸӮж•°: Priority: дёӯж–ӯдјҳе…Ҳзә§, Priority_0,Priority_1,Priority_2,Priority_3.
  559          // еҸӮж•°: Bus_Priority: ж•°жҚ®жҖ»зәҝи®ҝй—®дјҳе…Ҳзә§, Priority_0,Priority_1,Priority_2,Priority_3.
  560          // иҝ”еӣһ: жү§иЎҢз»“жһң SUCCESS/FAIL.
  561          // зүҲжң¬: V1.0, 2021-05-21
  562          //========================================================================
  563          u8 NVIC_DMA_UART4_Rx_Init(u8 State, u8 Priority, u8 Bus_Priority)
  564          {
  565   1        DMA_UR4R_CFG &= ~0x0f;
  566   1        if(Priority <= Priority_3) DMA_UR4R_CFG |= Priority << 2;
  567   1        if(Bus_Priority <= Priority_3) DMA_UR4R_CFG |= Bus_Priority;  //ж•°жҚ®жҖ»зәҝи®ҝй—®дјҳе…Ҳзә§
  568   1        if(State == ENABLE)
  569   1          DMA_UR4R_CFG |= 0x80;   //bit7 1:Enable Interrupt
  570   1        else
  571   1          DMA_UR4R_CFG &= ~0x80;  //bit7 0:Disable Interrupt
  572   1        return SUCCESS;
  573   1      }
  574          
  575          //========================================================================
  576          // еҮҪж•°: NVIC_DMA_LCM_Init
  577          // жҸҸиҝ°: DMA LCMеөҢеҘ—еҗ‘йҮҸдёӯж–ӯжҺ§еҲ¶еҷЁеҲқе§ӢеҢ–.
  578          // еҸӮж•°: State:    дёӯж–ӯдҪҝиғҪзҠ¶жҖҒ, ENABLE/DISABLE.
  579          // еҸӮж•°: Priority: дёӯж–ӯдјҳе…Ҳзә§, Priority_0,Priority_1,Priority_2,Priority_3.
  580          // еҸӮж•°: Bus_Priority: ж•°жҚ®жҖ»зәҝи®ҝй—®дјҳе…Ҳзә§, Priority_0,Priority_1,Priority_2,Priority_3.
  581          // иҝ”еӣһ: жү§иЎҢз»“жһң SUCCESS/FAIL.
  582          // зүҲжң¬: V1.0, 2021-05-21
  583          //========================================================================
C251 COMPILER V5.60.0,  STC32G_NVIC                                                        27/04/26  00:55:21  PAGE 10  

  584          u8 NVIC_DMA_LCM_Init(u8 State, u8 Priority, u8 Bus_Priority)
  585          {
  586   1        DMA_LCM_CFG &= ~0x0f;
  587   1        if(Priority <= Priority_3) DMA_LCM_CFG |= Priority << 2;
  588   1        if(Bus_Priority <= Priority_3) DMA_LCM_CFG |= Bus_Priority; //ж•°жҚ®жҖ»зәҝи®ҝй—®дјҳе…Ҳзә§
  589   1        if(State == ENABLE)
  590   1          DMA_LCM_CFG |= 0x80;    //bit7 1:Enable Interrupt
  591   1        else
  592   1          DMA_LCM_CFG &= ~0x80;   //bit7 0:Disable Interrupt
  593   1        return SUCCESS;
  594   1      }
  595          
  596          //========================================================================
  597          // еҮҪж•°: NVIC_LCM_Init
  598          // жҸҸиҝ°: LCMеөҢеҘ—еҗ‘йҮҸдёӯж–ӯжҺ§еҲ¶еҷЁеҲқе§ӢеҢ–.
  599          // еҸӮж•°: State:    дёӯж–ӯдҪҝиғҪзҠ¶жҖҒ, ENABLE/DISABLE.
  600          // еҸӮж•°: Priority: дёӯж–ӯдјҳе…Ҳзә§, Priority_0,Priority_1,Priority_2,Priority_3.
  601          // иҝ”еӣһ: жү§иЎҢз»“жһң SUCCESS/FAIL.
  602          // зүҲжң¬: V1.0, 2021-05-21
  603          //========================================================================
  604          u8 NVIC_LCM_Init(u8 State, u8 Priority)
  605          {
  606   1        LCMIFCFG &= ~0x30;
  607   1        if(Priority <= Priority_3) LCMIFCFG |= Priority << 4;
  608   1        if(State == ENABLE)
  609   1          LCMIFCFG |= 0x80;   //bit7 1:Enable Interrupt
  610   1        else
  611   1          LCMIFCFG &= ~0x80;    //bit7 0:Disable Interrupt
  612   1        return SUCCESS;
  613   1      }
  614          
  615          //========================================================================
  616          // еҮҪж•°: NVIC_DMA_I2CT_Init
  617          // жҸҸиҝ°: DMA I2C TxеөҢеҘ—еҗ‘йҮҸдёӯж–ӯжҺ§еҲ¶еҷЁеҲқе§ӢеҢ–.
  618          // еҸӮж•°: State:    дёӯж–ӯдҪҝиғҪзҠ¶жҖҒ, ENABLE/DISABLE.
  619          // еҸӮж•°: Priority: дёӯж–ӯдјҳе…Ҳзә§, Priority_0,Priority_1,Priority_2,Priority_3.
  620          // еҸӮж•°: Bus_Priority: ж•°жҚ®жҖ»зәҝи®ҝй—®дјҳе…Ҳзә§, Priority_0,Priority_1,Priority_2,Priority_3.
  621          // иҝ”еӣһ: жү§иЎҢз»“жһң SUCCESS/FAIL.
  622          // зүҲжң¬: V1.0, 2022-03-25
  623          //========================================================================
  624          u8 NVIC_DMA_I2CT_Init(u8 State, u8 Priority, u8 Bus_Priority)
  625          {
  626   1        DMA_I2CT_CFG &= ~0x0f;
  627   1        if(Priority <= Priority_3) DMA_I2CT_CFG |= Priority << 2;
  628   1        if(Bus_Priority <= Priority_3) DMA_I2CT_CFG |= Bus_Priority;  //ж•°жҚ®жҖ»зәҝи®ҝй—®дјҳе…Ҳзә§
  629   1        if(State == ENABLE)
  630   1          DMA_I2CT_CFG |= 0x80;   //bit7 1:Enable Interrupt
  631   1        else
  632   1          DMA_I2CT_CFG &= ~0x80;  //bit7 0:Disable Interrupt
  633   1        return SUCCESS;
  634   1      }
  635          
  636          //========================================================================
  637          // еҮҪж•°: NVIC_DMA_I2CR_Init
  638          // жҸҸиҝ°: DMA I2C RxеөҢеҘ—еҗ‘йҮҸдёӯж–ӯжҺ§еҲ¶еҷЁеҲқе§ӢеҢ–.
  639          // еҸӮж•°: State:    дёӯж–ӯдҪҝиғҪзҠ¶жҖҒ, ENABLE/DISABLE.
  640          // еҸӮж•°: Priority: дёӯж–ӯдјҳе…Ҳзә§, Priority_0,Priority_1,Priority_2,Priority_3.
  641          // еҸӮж•°: Bus_Priority: ж•°жҚ®жҖ»зәҝи®ҝй—®дјҳе…Ҳзә§, Priority_0,Priority_1,Priority_2,Priority_3.
  642          // иҝ”еӣһ: жү§иЎҢз»“жһң SUCCESS/FAIL.
  643          // зүҲжң¬: V1.0, 2022-03-25
  644          //========================================================================
  645          u8 NVIC_DMA_I2CR_Init(u8 State, u8 Priority, u8 Bus_Priority)
  646          {
  647   1        DMA_I2CR_CFG &= ~0x0f;
  648   1        if(Priority <= Priority_3) DMA_I2CR_CFG |= Priority << 2;
  649   1        if(Bus_Priority <= Priority_3) DMA_I2CR_CFG |= Bus_Priority;  //ж•°жҚ®жҖ»зәҝи®ҝй—®дјҳе…Ҳзә§
C251 COMPILER V5.60.0,  STC32G_NVIC                                                        27/04/26  00:55:21  PAGE 11  

  650   1        if(State == ENABLE)
  651   1          DMA_I2CR_CFG |= 0x80;   //bit7 1:Enable Interrupt
  652   1        else
  653   1          DMA_I2CR_CFG &= ~0x80;  //bit7 0:Disable Interrupt
  654   1        return SUCCESS;
  655   1      }
  656          
  657          //========================================================================
  658          // еҮҪж•°: NVIC_CAN_Init
  659          // жҸҸиҝ°: CANеөҢеҘ—еҗ‘йҮҸдёӯж–ӯжҺ§еҲ¶еҷЁеҲқе§ӢеҢ–.
  660          // еҸӮж•°: Channel:  йҖҡйҒ“, CAN1/CAN2.
  661          // еҸӮж•°: State:    дёӯж–ӯдҪҝиғҪзҠ¶жҖҒ, ENABLE/DISABLE.
  662          // еҸӮж•°: Priority: дёӯж–ӯдјҳе…Ҳзә§, Priority_0,Priority_1,Priority_2,Priority_3.
  663          // иҝ”еӣһ: жү§иЎҢз»“жһң SUCCESS/FAIL.
  664          // зүҲжң¬: V1.0, 2023-03-27
  665          //========================================================================
  666          #ifndef CAN1
  667          #define CAN1  0
  668          #endif
  669          #ifndef CAN2
  670          #define CAN2  1
  671          #endif
  672          u8 NVIC_CAN_Init(u8 Channel, u8 State, u8 Priority)
  673          {
  674   1        if(Channel > CAN2) return FAIL;
  675   1        if(Priority > Priority_3) return FAIL;
  676   1        switch(Channel)
  677   1        {
  678   2          case CAN1:
  679   2            if(State == ENABLE)
  680   2              CANIE = 1;    //bit7 1:Enable Interrupt
  681   2            else
  682   2              CANIE = 0;    //bit7 0:Disable Interrupt
  683   2            CAN1_Priority(Priority);
  684   2          break;
  685   2      
  686   2          case CAN2:
  687   2            if(State == ENABLE)
  688   2              CAN2IE = 1;   //bit7 1:Enable Interrupt
  689   2            else
  690   2              CAN2IE = 0;   //bit7 0:Disable Interrupt
  691   2            CAN2_Priority(Priority);
  692   2          break;
  693   2      
  694   2          default:
  695   2            return FAIL;
  696   2          break;
  697   2        }
  698   1        return SUCCESS;
  699   1      }
  700          
  701          //========================================================================
  702          // еҮҪж•°: NVIC_LIN_Init
  703          // жҸҸиҝ°: LINеөҢеҘ—еҗ‘йҮҸдёӯж–ӯжҺ§еҲ¶еҷЁеҲқе§ӢеҢ–.
  704          // еҸӮж•°: State:    дёӯж–ӯдҪҝиғҪзҠ¶жҖҒ, ENABLE/DISABLE.
  705          // еҸӮж•°: Priority: дёӯж–ӯдјҳе…Ҳзә§, Priority_0,Priority_1,Priority_2,Priority_3.
  706          // иҝ”еӣһ: жү§иЎҢз»“жһң SUCCESS/FAIL.
  707          // зүҲжң¬: V1.0, 2020-09-29
  708          //========================================================================
  709          u8 NVIC_LIN_Init(u8 State, u8 Priority)
  710          {
  711   1        if(State <= ENABLE) LIN_Interrupt(State); else  return FAIL;
  712   1        if(Priority <= Priority_3) LIN_Priority(Priority); else  return FAIL;
  713   1        return SUCCESS;
  714   1      }
  715          
C251 COMPILER V5.60.0,  STC32G_NVIC                                                        27/04/26  00:55:21  PAGE 12  



Module Information          Static   Overlayable
------------------------------------------------
  code size            =      2674     ------
  ecode size           =    ------     ------
  data size            =    ------     ------
  idata size           =    ------     ------
  pdata size           =    ------     ------
  xdata size           =    ------     ------
  xdata-const size     =    ------     ------
  edata size           =    ------     ------
  bit size             =    ------     ------
  ebit size            =    ------     ------
  bitaddressable size  =    ------     ------
  ebitaddressable size =    ------     ------
  far data size        =    ------     ------
  huge data size       =    ------     ------
  const size           =    ------     ------
  hconst size          =    ------     ------
End of Module Information.


C251 COMPILATION COMPLETE.  0 WARNING(S),  0 ERROR(S)
