C251 COMPILER V5.60.0,  STC32G_Compare_Isr                                                 27/04/26  00:55:22  PAGE 1   


C251 COMPILER V5.60.0, COMPILATION OF MODULE STC32G_Compare_Isr
OBJECT MODULE PLACED IN .\list\STC32G_Compare_Isr.obj
COMPILER INVOKED BY: C:\Keil_v5\C251\BIN\C251.EXE ..\Driver\isr\STC32G_Compare_Isr.c XSMALL INTR2 BROWSE INCDIR(..\Drive
                    -r\inc;..\User;..\App\inc;..\Code_boweny\Function\Log;..\Code_boweny\Function\Filter;..\Code_boweny\Device\QMC6309;..\Cod
                    -e_boweny\Device\QMI8658;..\Code_boweny\Device\GPS;..\Code_boweny\Device\WIRELESS;..\Code_boweny\Device\MOTOR) DEBUG PRIN
                    -T(.\list\STC32G_Compare_Isr.lst) TABS(2) OBJECT(.\list\STC32G_Compare_Isr.obj) 

stmt  level    source

    1          /*---------------------------------------------------------------------*/
    2          /* --- Web: www.STCAI.com ---------------------------------------------*/
    3          /*---------------------------------------------------------------------*/
    4          
    5          #include "STC32G_Compare.h"
    6          
    7          //========================================================================
    8          // 函数: CMP_ISR_Handler
    9          // 描述: 比较器中断函数.
   10          // 参数: none.
   11          // 返回: none.
   12          // 版本: V1.0, 2020-09-23
   13          //========================================================================
   14          void CMP_ISR_Handler (void) interrupt CMP_VECTOR
   15          {
   16   1        CMPIF = 0;      //清除中断标志
   17   1        
   18   1        // TODO: 在此处添加用户代码
   19   1        P47 = CMPRES; //中断方式读取比较器比较结果
   20   1      }


Module Information          Static   Overlayable
------------------------------------------------
  code size            =        16     ------
  ecode size           =    ------     ------
  data size            =    ------     ------
  idata size           =    ------     ------
  pdata size           =    ------     ------
  xdata size           =    ------     ------
  xdata-const size     =    ------     ------
  edata size           =    ------     ------
  bit size             =    ------     ------
  ebit size            =    ------     ------
  bitaddressable size  =    ------     ------
  ebitaddressable size =    ------     ------
  far data size        =    ------     ------
  huge data size       =    ------     ------
  const size           =    ------     ------
  hconst size          =    ------     ------
End of Module Information.


C251 COMPILATION COMPLETE.  0 WARNING(S),  0 ERROR(S)
