C251 COMPILER V5.60.0,  STC32G_SPI_Isr                                                     27/04/26  00:55:23  PAGE 1   


C251 COMPILER V5.60.0, COMPILATION OF MODULE STC32G_SPI_Isr
OBJECT MODULE PLACED IN .\list\STC32G_SPI_Isr.obj
COMPILER INVOKED BY: C:\Keil_v5\C251\BIN\C251.EXE ..\Driver\isr\STC32G_SPI_Isr.c XSMALL INTR2 BROWSE INCDIR(..\Driver\in
                    -c;..\User;..\App\inc;..\Code_boweny\Function\Log;..\Code_boweny\Function\Filter;..\Code_boweny\Device\QMC6309;..\Code_bo
                    -weny\Device\QMI8658;..\Code_boweny\Device\GPS;..\Code_boweny\Device\WIRELESS;..\Code_boweny\Device\MOTOR) DEBUG PRINT(.\
                    -list\STC32G_SPI_Isr.lst) TABS(2) OBJECT(.\list\STC32G_SPI_Isr.obj) 

stmt  level    source

    1          /*---------------------------------------------------------------------*/
    2          /* --- Web: www.STCAI.com ---------------------------------------------*/
    3          /*---------------------------------------------------------------------*/
    4          
    5          #include  "STC32G_SPI.h"
    6          
    7          //========================================================================
    8          //                               本地变量声明
    9          //========================================================================
   10          
   11          u8  SPI_RxCnt;
   12          
   13          //========================================================================
   14          // 函数: SPI_ISR_Handler
   15          // 描述: SPI中断函数.
   16          // 参数: none.
   17          // 返回: none.
   18          // 版本: V1.0, 2020-09-23
   19          //========================================================================
   20          void SPI_ISR_Handler() interrupt SPI_VECTOR
   21          {
   22   1        if(MSTR)  //主机模式
   23   1        {
   24   2          B_SPI_Busy = 0;
   25   2        }
   26   1        else              //从机模式
   27   1        {
   28   2          if(SPI_RxCnt >= SPI_BUF_LENTH)    SPI_RxCnt = 0;
   29   2          SPI_RxBuffer[SPI_RxCnt++] = SPDAT;
   30   2          SPI_RxTimerOut = 5;
   31   2        }
   32   1        SPI_ClearFlag();  //清0 SPIF和WCOL标志
   33   1      }
   34          


Module Information          Static   Overlayable
------------------------------------------------
  code size            =        70     ------
  ecode size           =    ------     ------
  data size            =    ------     ------
  idata size           =    ------     ------
  pdata size           =    ------     ------
  xdata size           =    ------     ------
  xdata-const size     =    ------     ------
  edata size           =         1     ------
  bit size             =    ------     ------
  ebit size            =    ------     ------
  bitaddressable size  =    ------     ------
  ebitaddressable size =    ------     ------
  far data size        =    ------     ------
  huge data size       =    ------     ------
  const size           =    ------     ------
  hconst size          =    ------     ------
End of Module Information.


C251 COMPILATION COMPLETE.  0 WARNING(S),  0 ERROR(S)
