C251 COMPILER V5.60.0,  Task                                                               27/04/26  00:55:18  PAGE 1   


C251 COMPILER V5.60.0, COMPILATION OF MODULE Task
OBJECT MODULE PLACED IN .\list\Task.obj
COMPILER INVOKED BY: C:\Keil_v5\C251\BIN\C251.EXE ..\User\Task.c XSMALL INTR2 BROWSE INCDIR(..\Driver\inc;..\User;..\App
                    -\inc;..\Code_boweny\Function\Log;..\Code_boweny\Function\Filter;..\Code_boweny\Device\QMC6309;..\Code_boweny\Device\QMI8
                    -658;..\Code_boweny\Device\GPS;..\Code_boweny\Device\WIRELESS;..\Code_boweny\Device\MOTOR) DEBUG PRINT(.\list\Task.lst) T
                    -ABS(2) OBJECT(.\list\Task.obj) 

stmt  level    source

    1          /*---------------------------------------------------------------------*/
    2          /* --- Web: www.STCAI.com ---------------------------------------------*/
    3          /*---------------------------------------------------------------------*/
    4          
    5          /**
    6           * @file    Task.c
    7           * @brief   任务调度系统 - 定时轮询任务调度器
    8           * @author  boweny
    9           * @date    2026-04-22
   10           * @version v1.0
   11           *
   12           * @details
   13           * - 基于 Timer0 1ms 中断的简易任务调度器（轮询方式，非抢占式）
   14           * - Task_Comps[] 任务表定义各任务的运行周期
   15           * - Task_Marks_Handler_Callback() 在 Timer0 ISR 中递减计数器，归零则置 Run=1
   16           * - Task_Pro_Handler_Callback()  在主循环中轮询，Run=1 时执行任务函数
   17           *
   18           * @task-list
   19           *   - Sample_Lamp       (250ms)  [启用] LED跑马灯
   20           *   - Sample_ADtoUART  (200ms)  [停用] 为释放 Timer2 给 GPS UART2
   21           *   - 其他任务全部注释禁用（RTC/SPI/CAN/DMA等）
   22           *
   23           * @note    新增任务：参照 Task_Comps[] 已有格式添加，勿修改 Driver 层
   24           * @note    调度周期建议大于10ms，避免频繁任务切换占用过多CPU
   25           *
   26           * @see     Task.h        任务结构体定义
   27           * @see     APP.c         应用层入口
   28           */
   29          
   30          #include  "Task.h"
   31          #include  "app.h"
   32          
   33          //========================================================================
   34          //                               本地变量声明
   35          //========================================================================
   36          
   37          static TASK_COMPONENTS Task_Comps[]=
   38          {
   39          //状态  计数  周期  函数
   40            {0, 250, 250, Sample_Lamp},       /* task 1 Period： 250ms */
   41          //  {0, 200, 200, Sample_ADtoUART},   /* task 2 Period： 200ms */
   42          //  {0, 20, 20, Sample_INTtoUART},    /* task 3 Period： 20ms */
   43          //  {0, 1, 1, Sample_RTC},            /* task 4 Period： 1ms */
   44          //  {0, 1, 1, Sample_I2C_PS},         /* task 5 Period： 1ms */
   45          //  {0, 1, 1, Sample_SPI_PS},         /* task 6 Period： 1ms */
   46          //  {0, 1, 1, Sample_EEPROM},         /* task 7 Period： 1ms */
   47          //  {0, 100, 100, Sample_WDT},        /* task 8 Period： 100ms */
   48          //  {0, 1, 1, Sample_PWMA_Output},    /* task 9 Period： 1ms */
   49          //  {0, 1, 1, Sample_PWMB_Output},    /* task 10 Period： 1ms */
   50          //  {0, 500, 500, Sample_DMA_AD},     /* task 12 Period： 500ms */
   51          //  {0, 500, 500, Sample_DMA_M2M},    /* task 13 Period： 100ms */
   52          //  {0, 1, 1, Sample_DMA_UART},       /* task 14 Period： 1ms */
   53          //  {0, 1, 1, Sample_DMA_SPI_PS},     /* task 15 Period： 1ms */
   54          //  {0, 1, 1, Sample_DMA_LCM},        /* task 16 Period： 1ms */
   55          //  {0, 1, 1, Sample_DMA_I2C},        /* task 17 Period： 1ms */
   56          //  {0, 1, 1, Sample_CAN},            /* task 18 Period： 1ms */
C251 COMPILER V5.60.0,  Task                                                               27/04/26  00:55:18  PAGE 2   

   57          //  {0, 1, 1, Sample_LIN},            /* task 19 Period： 1ms */
   58          //  {0, 1, 1, Sample_USART_LIN},      /* task 20 Period： 1ms */
   59          //  {0, 1, 1, Sample_USART2_LIN},     /* task 21 Period： 1ms */
   60          //  {0, 1, 1, Sample_HSSPI},          /* task 22 Period： 1ms */
   61          //  {0, 1, 1, Sample_HSPWM},          /* task 22 Period： 1ms */
   62            /* Add new task here */
   63          };
   64          
   65          u8 Tasks_Max = sizeof(Task_Comps)/sizeof(Task_Comps[0]);
   66          
   67          //========================================================================
   68          // 函数: Task_Handler_Callback
   69          // 描述: 任务标记回调函数.
   70          // 参数: None.
   71          // 返回: None.
   72          // 版本: V1.0, 2012-10-22
   73          //========================================================================
   74          void Task_Marks_Handler_Callback(void)
   75          {
   76   1        u8 i;
   77   1        for(i=0; i<Tasks_Max; i++)
   78   1        {
   79   2          if(Task_Comps[i].TIMCount)    /* If the time is not 0 */
   80   2          {
   81   3            Task_Comps[i].TIMCount--;  /* Time counter decrement */
   82   3            if(Task_Comps[i].TIMCount == 0)  /* If time arrives */
   83   3            {
   84   4              /*Resume the timer value and try again */
   85   4              Task_Comps[i].TIMCount = Task_Comps[i].TRITime;  
   86   4              Task_Comps[i].Run = 1;    /* The task can be run */
   87   4            }
   88   3          }
   89   2        }
   90   1      }
   91          
   92          //========================================================================
   93          // 函数: Task_Pro_Handler_Callback
   94          // 描述: 任务处理回调函数.
   95          // 参数: None.
   96          // 返回: None.
   97          // 版本: V1.0, 2012-10-22
   98          //========================================================================
   99          void Task_Pro_Handler_Callback(void)
  100          {
  101   1        u8 i;
  102   1        for(i=0; i<Tasks_Max; i++)
  103   1        {
  104   2          if(Task_Comps[i].Run) /* If task can be run */
  105   2          {
  106   3            Task_Comps[i].Run = 0;    /* Flag clear 0 */
  107   3            Task_Comps[i].TaskHook();  /* Run task */
  108   3          }
  109   2        }
  110   1      }
  111          
  112          


Module Information          Static   Overlayable
------------------------------------------------
  code size            =       102     ------
  ecode size           =    ------     ------
  data size            =    ------     ------
  idata size           =    ------     ------
  pdata size           =    ------     ------
  xdata size           =    ------     ------
  xdata-const size     =    ------     ------
C251 COMPILER V5.60.0,  Task                                                               27/04/26  00:55:18  PAGE 3   

  edata size           =         8     ------
  bit size             =    ------     ------
  ebit size            =    ------     ------
  bitaddressable size  =    ------     ------
  ebitaddressable size =    ------     ------
  far data size        =    ------     ------
  huge data size       =    ------     ------
  const size           =    ------     ------
  hconst size          =        16     ------
End of Module Information.


C251 COMPILATION COMPLETE.  0 WARNING(S),  0 ERROR(S)
